{"C:\\Users\\xiate\\Documents\\CS\\vsa-website\\src\\App.tsx": {"path":"C:\\Users\\xiate\\Documents\\CS\\vsa-website\\src\\App.tsx","statementMap":{"0":{"start":{"line":8,"column":20},"end":{"line":8,"column":37}},"1":{"start":{"line":11,"column":2},"end":{"line":22,"column":4}}},"fnMap":{"0":{"name":"App","decl":{"start":{"line":10,"column":9},"end":{"line":10,"column":12}},"loc":{"start":{"line":10,"column":15},"end":{"line":23,"column":1}},"line":10}},"branchMap":{},"s":{"0":1,"1":3},"f":{"0":3},"b":{},"_coverageSchema":"1a1c01bbd47fc00a2c39e90264f33305004495a9","hash":"1b431b8fd32bd7897cd717bbb67f3cb8fb89e9e1"}
,"C:\\Users\\xiate\\Documents\\CS\\vsa-website\\src\\index.tsx": {"path":"C:\\Users\\xiate\\Documents\\CS\\vsa-website\\src\\index.tsx","statementMap":{"0":{"start":{"line":8,"column":13},"end":{"line":10,"column":1}},"1":{"start":{"line":12,"column":0},"end":{"line":18,"column":2}},"2":{"start":{"line":23,"column":0},"end":{"line":23,"column":18}}},"fnMap":{},"branchMap":{},"s":{"0":0,"1":0,"2":0},"f":{},"b":{}}
,"C:\\Users\\xiate\\Documents\\CS\\vsa-website\\src\\reportWebVitals.ts": {"path":"C:\\Users\\xiate\\Documents\\CS\\vsa-website\\src\\reportWebVitals.ts","statementMap":{"0":{"start":{"line":3,"column":24},"end":{"line":13,"column":1}},"1":{"start":{"line":4,"column":2},"end":{"line":12,"column":3}},"2":{"start":{"line":5,"column":4},"end":{"line":11,"column":7}},"3":{"start":{"line":6,"column":6},"end":{"line":6,"column":26}},"4":{"start":{"line":7,"column":6},"end":{"line":7,"column":26}},"5":{"start":{"line":8,"column":6},"end":{"line":8,"column":26}},"6":{"start":{"line":9,"column":6},"end":{"line":9,"column":26}},"7":{"start":{"line":10,"column":6},"end":{"line":10,"column":27}}},"fnMap":{"0":{"name":"(anonymous_0)","decl":{"start":{"line":3,"column":24},"end":{"line":3,"column":25}},"loc":{"start":{"line":3,"column":57},"end":{"line":13,"column":1}},"line":3},"1":{"name":"(anonymous_1)","decl":{"start":{"line":5,"column":30},"end":{"line":5,"column":31}},"loc":{"start":{"line":5,"column":79},"end":{"line":11,"column":5}},"line":5}},"branchMap":{"0":{"loc":{"start":{"line":4,"column":2},"end":{"line":12,"column":3}},"type":"if","locations":[{"start":{"line":4,"column":2},"end":{"line":12,"column":3}},{"start":{},"end":{}}],"line":4},"1":{"loc":{"start":{"line":4,"column":6},"end":{"line":4,"column":52}},"type":"binary-expr","locations":[{"start":{"line":4,"column":6},"end":{"line":4,"column":17}},{"start":{"line":4,"column":21},"end":{"line":4,"column":52}}],"line":4}},"s":{"0":0,"1":0,"2":0,"3":0,"4":0,"5":0,"6":0,"7":0},"f":{"0":0,"1":0},"b":{"0":[0,0],"1":[0,0]}}
,"C:\\Users\\xiate\\Documents\\CS\\vsa-website\\src\\components\\common\\CountdownTimer.tsx": {"path":"C:\\Users\\xiate\\Documents\\CS\\vsa-website\\src\\components\\common\\CountdownTimer.tsx","statementMap":{"0":{"start":{"line":9,"column":34},"end":{"line":15,"column":4}},"1":{"start":{"line":17,"column":2},"end":{"line":55,"column":31}},"2":{"start":{"line":18,"column":30},"end":{"line":45,"column":5}},"3":{"start":{"line":19,"column":25},"end":{"line":19,"column":68}},"4":{"start":{"line":21,"column":6},"end":{"line":31,"column":7}},"5":{"start":{"line":22,"column":8},"end":{"line":28,"column":11}},"6":{"start":{"line":29,"column":8},"end":{"line":29,"column":23}},"7":{"start":{"line":30,"column":8},"end":{"line":30,"column":15}},"8":{"start":{"line":33,"column":19},"end":{"line":33,"column":65}},"9":{"start":{"line":34,"column":20},"end":{"line":34,"column":68}},"10":{"start":{"line":35,"column":22},"end":{"line":35,"column":63}},"11":{"start":{"line":36,"column":22},"end":{"line":36,"column":58}},"12":{"start":{"line":38,"column":6},"end":{"line":44,"column":9}},"13":{"start":{"line":48,"column":4},"end":{"line":48,"column":24}},"14":{"start":{"line":51,"column":18},"end":{"line":51,"column":54}},"15":{"start":{"line":54,"column":4},"end":{"line":54,"column":38}},"16":{"start":{"line":54,"column":17},"end":{"line":54,"column":37}},"17":{"start":{"line":57,"column":2},"end":{"line":63,"column":3}},"18":{"start":{"line":58,"column":4},"end":{"line":62,"column":6}},"19":{"start":{"line":65,"column":2},"end":{"line":86,"column":4}}},"fnMap":{"0":{"name":"CountdownTimer","decl":{"start":{"line":8,"column":16},"end":{"line":8,"column":30}},"loc":{"start":{"line":8,"column":80},"end":{"line":87,"column":1}},"line":8},"1":{"name":"(anonymous_1)","decl":{"start":{"line":17,"column":12},"end":{"line":17,"column":13}},"loc":{"start":{"line":17,"column":18},"end":{"line":55,"column":3}},"line":17},"2":{"name":"(anonymous_2)","decl":{"start":{"line":18,"column":30},"end":{"line":18,"column":31}},"loc":{"start":{"line":18,"column":36},"end":{"line":45,"column":5}},"line":18},"3":{"name":"(anonymous_3)","decl":{"start":{"line":54,"column":11},"end":{"line":54,"column":12}},"loc":{"start":{"line":54,"column":17},"end":{"line":54,"column":37}},"line":54}},"branchMap":{"0":{"loc":{"start":{"line":21,"column":6},"end":{"line":31,"column":7}},"type":"if","locations":[{"start":{"line":21,"column":6},"end":{"line":31,"column":7}},{"start":{},"end":{}}],"line":21},"1":{"loc":{"start":{"line":57,"column":2},"end":{"line":63,"column":3}},"type":"if","locations":[{"start":{"line":57,"column":2},"end":{"line":63,"column":3}},{"start":{},"end":{}}],"line":57},"2":{"loc":{"start":{"line":67,"column":7},"end":{"line":72,"column":7}},"type":"binary-expr","locations":[{"start":{"line":67,"column":7},"end":{"line":67,"column":24}},{"start":{"line":68,"column":8},"end":{"line":71,"column":14}}],"line":67}},"s":{"0":0,"1":0,"2":0,"3":0,"4":0,"5":0,"6":0,"7":0,"8":0,"9":0,"10":0,"11":0,"12":0,"13":0,"14":0,"15":0,"16":0,"17":0,"18":0,"19":0},"f":{"0":0,"1":0,"2":0,"3":0},"b":{"0":[0,0],"1":[0,0],"2":[0,0]}}
,"C:\\Users\\xiate\\Documents\\CS\\vsa-website\\src\\components\\common\\ErrorBoundary.tsx": {"path":"C:\\Users\\xiate\\Documents\\CS\\vsa-website\\src\\components\\common\\ErrorBoundary.tsx","statementMap":{"0":{"start":{"line":17,"column":24},"end":{"line":19,"column":3}},"1":{"start":{"line":22,"column":4},"end":{"line":22,"column":37}},"2":{"start":{"line":26,"column":4},"end":{"line":26,"column":55}},"3":{"start":{"line":29,"column":4},"end":{"line":31,"column":5}},"4":{"start":{"line":30,"column":6},"end":{"line":30,"column":43}},"5":{"start":{"line":34,"column":4},"end":{"line":37,"column":5}},"6":{"start":{"line":36,"column":6},"end":{"line":36,"column":63}},"7":{"start":{"line":40,"column":24},"end":{"line":42,"column":3}},"8":{"start":{"line":41,"column":4},"end":{"line":41,"column":57}},"9":{"start":{"line":45,"column":4},"end":{"line":58,"column":5}},"10":{"start":{"line":46,"column":6},"end":{"line":48,"column":7}},"11":{"start":{"line":47,"column":8},"end":{"line":47,"column":35}},"12":{"start":{"line":50,"column":6},"end":{"line":57,"column":8}},"13":{"start":{"line":60,"column":4},"end":{"line":60,"column":31}}},"fnMap":{"0":{"name":"(anonymous_0)","decl":{"start":{"line":21,"column":2},"end":{"line":21,"column":3}},"loc":{"start":{"line":21,"column":62},"end":{"line":23,"column":3}},"line":21},"1":{"name":"(anonymous_1)","decl":{"start":{"line":25,"column":2},"end":{"line":25,"column":3}},"loc":{"start":{"line":25,"column":63},"end":{"line":38,"column":3}},"line":25},"2":{"name":"(anonymous_2)","decl":{"start":{"line":40,"column":24},"end":{"line":40,"column":25}},"loc":{"start":{"line":40,"column":30},"end":{"line":42,"column":3}},"line":40},"3":{"name":"(anonymous_3)","decl":{"start":{"line":44,"column":2},"end":{"line":44,"column":3}},"loc":{"start":{"line":44,"column":18},"end":{"line":61,"column":3}},"line":44}},"branchMap":{"0":{"loc":{"start":{"line":29,"column":4},"end":{"line":31,"column":5}},"type":"if","locations":[{"start":{"line":29,"column":4},"end":{"line":31,"column":5}},{"start":{},"end":{}}],"line":29},"1":{"loc":{"start":{"line":34,"column":4},"end":{"line":37,"column":5}},"type":"if","locations":[{"start":{"line":34,"column":4},"end":{"line":37,"column":5}},{"start":{},"end":{}}],"line":34},"2":{"loc":{"start":{"line":45,"column":4},"end":{"line":58,"column":5}},"type":"if","locations":[{"start":{"line":45,"column":4},"end":{"line":58,"column":5}},{"start":{},"end":{}}],"line":45},"3":{"loc":{"start":{"line":46,"column":6},"end":{"line":48,"column":7}},"type":"if","locations":[{"start":{"line":46,"column":6},"end":{"line":48,"column":7}},{"start":{},"end":{}}],"line":46}},"s":{"0":2,"1":3,"2":2,"3":2,"4":0,"5":2,"6":0,"7":2,"8":0,"9":5,"10":3,"11":0,"12":3,"13":2},"f":{"0":3,"1":2,"2":0,"3":5},"b":{"0":[0,2],"1":[0,2],"2":[3,2],"3":[0,3]},"_coverageSchema":"1a1c01bbd47fc00a2c39e90264f33305004495a9","hash":"b7be83afb8e9e858ba0232c86f099d3f6bdf0f21"}
,"C:\\Users\\xiate\\Documents\\CS\\vsa-website\\src\\components\\common\\LoadingSkeleton.tsx": {"path":"C:\\Users\\xiate\\Documents\\CS\\vsa-website\\src\\components\\common\\LoadingSkeleton.tsx","statementMap":{"0":{"start":{"line":8,"column":2},"end":{"line":12,"column":4}},"1":{"start":{"line":16,"column":2},"end":{"line":26,"column":4}},"2":{"start":{"line":30,"column":2},"end":{"line":45,"column":4}}},"fnMap":{"0":{"name":"Skeleton","decl":{"start":{"line":7,"column":16},"end":{"line":7,"column":24}},"loc":{"start":{"line":7,"column":60},"end":{"line":13,"column":1}},"line":7},"1":{"name":"EventCardSkeleton","decl":{"start":{"line":15,"column":16},"end":{"line":15,"column":33}},"loc":{"start":{"line":15,"column":36},"end":{"line":27,"column":1}},"line":15},"2":{"name":"ProfileSkeleton","decl":{"start":{"line":29,"column":16},"end":{"line":29,"column":31}},"loc":{"start":{"line":29,"column":34},"end":{"line":46,"column":1}},"line":29}},"branchMap":{"0":{"loc":{"start":{"line":7,"column":27},"end":{"line":7,"column":41}},"type":"default-arg","locations":[{"start":{"line":7,"column":39},"end":{"line":7,"column":41}}],"line":7}},"s":{"0":0,"1":0,"2":0},"f":{"0":0,"1":0,"2":0},"b":{"0":[0]}}
,"C:\\Users\\xiate\\Documents\\CS\\vsa-website\\src\\components\\common\\LoadingSpinner.tsx": {"path":"C:\\Users\\xiate\\Documents\\CS\\vsa-website\\src\\components\\common\\LoadingSpinner.tsx","statementMap":{"0":{"start":{"line":2,"column":2},"end":{"line":6,"column":4}}},"fnMap":{"0":{"name":"LoadingSpinner","decl":{"start":{"line":1,"column":16},"end":{"line":1,"column":30}},"loc":{"start":{"line":1,"column":33},"end":{"line":7,"column":1}},"line":1}},"branchMap":{},"s":{"0":0},"f":{"0":0},"b":{}}
,"C:\\Users\\xiate\\Documents\\CS\\vsa-website\\src\\components\\common\\Modal.tsx": {"path":"C:\\Users\\xiate\\Documents\\CS\\vsa-website\\src\\components\\common\\Modal.tsx","statementMap":{"0":{"start":{"line":22,"column":2},"end":{"line":22,"column":27}},"1":{"start":{"line":22,"column":15},"end":{"line":22,"column":27}},"2":{"start":{"line":24,"column":2},"end":{"line":48,"column":4}},"3":{"start":{"line":38,"column":14},"end":{"line":38,"column":26}},"4":{"start":{"line":39,"column":14},"end":{"line":39,"column":24}}},"fnMap":{"0":{"name":"Modal","decl":{"start":{"line":13,"column":16},"end":{"line":13,"column":21}},"loc":{"start":{"line":21,"column":15},"end":{"line":49,"column":1}},"line":21},"1":{"name":"(anonymous_1)","decl":{"start":{"line":37,"column":21},"end":{"line":37,"column":22}},"loc":{"start":{"line":37,"column":27},"end":{"line":40,"column":13}},"line":37}},"branchMap":{"0":{"loc":{"start":{"line":19,"column":2},"end":{"line":19,"column":25}},"type":"default-arg","locations":[{"start":{"line":19,"column":16},"end":{"line":19,"column":25}}],"line":19},"1":{"loc":{"start":{"line":20,"column":2},"end":{"line":20,"column":23}},"type":"default-arg","locations":[{"start":{"line":20,"column":15},"end":{"line":20,"column":23}}],"line":20},"2":{"loc":{"start":{"line":22,"column":2},"end":{"line":22,"column":27}},"type":"if","locations":[{"start":{"line":22,"column":2},"end":{"line":22,"column":27}},{"start":{},"end":{}}],"line":22}},"s":{"0":0,"1":0,"2":0,"3":0,"4":0},"f":{"0":0,"1":0},"b":{"0":[0],"1":[0],"2":[0,0]}}
,"C:\\Users\\xiate\\Documents\\CS\\vsa-website\\src\\components\\common\\OptimizedImage.tsx": {"path":"C:\\Users\\xiate\\Documents\\CS\\vsa-website\\src\\components\\common\\OptimizedImage.tsx","statementMap":{"0":{"start":{"line":18,"column":34},"end":{"line":18,"column":49}},"1":{"start":{"line":19,"column":28},"end":{"line":19,"column":43}},"2":{"start":{"line":21,"column":2},"end":{"line":26,"column":12}},"3":{"start":{"line":22,"column":16},"end":{"line":22,"column":27}},"4":{"start":{"line":23,"column":4},"end":{"line":23,"column":18}},"5":{"start":{"line":24,"column":4},"end":{"line":24,"column":41}},"6":{"start":{"line":24,"column":23},"end":{"line":24,"column":40}},"7":{"start":{"line":25,"column":4},"end":{"line":25,"column":39}},"8":{"start":{"line":25,"column":24},"end":{"line":25,"column":38}},"9":{"start":{"line":28,"column":2},"end":{"line":34,"column":3}},"10":{"start":{"line":29,"column":4},"end":{"line":33,"column":6}},"11":{"start":{"line":36,"column":2},"end":{"line":56,"column":4}}},"fnMap":{"0":{"name":"OptimizedImage","decl":{"start":{"line":11,"column":16},"end":{"line":11,"column":30}},"loc":{"start":{"line":17,"column":24},"end":{"line":57,"column":1}},"line":17},"1":{"name":"(anonymous_1)","decl":{"start":{"line":21,"column":12},"end":{"line":21,"column":13}},"loc":{"start":{"line":21,"column":18},"end":{"line":26,"column":3}},"line":21},"2":{"name":"(anonymous_2)","decl":{"start":{"line":24,"column":17},"end":{"line":24,"column":18}},"loc":{"start":{"line":24,"column":23},"end":{"line":24,"column":40}},"line":24},"3":{"name":"(anonymous_3)","decl":{"start":{"line":25,"column":18},"end":{"line":25,"column":19}},"loc":{"start":{"line":25,"column":24},"end":{"line":25,"column":38}},"line":25}},"branchMap":{"0":{"loc":{"start":{"line":14,"column":2},"end":{"line":14,"column":16}},"type":"default-arg","locations":[{"start":{"line":14,"column":14},"end":{"line":14,"column":16}}],"line":14},"1":{"loc":{"start":{"line":15,"column":2},"end":{"line":15,"column":17}},"type":"default-arg","locations":[{"start":{"line":15,"column":10},"end":{"line":15,"column":17}}],"line":15},"2":{"loc":{"start":{"line":16,"column":2},"end":{"line":16,"column":18}},"type":"default-arg","locations":[{"start":{"line":16,"column":12},"end":{"line":16,"column":18}}],"line":16},"3":{"loc":{"start":{"line":28,"column":2},"end":{"line":34,"column":3}},"type":"if","locations":[{"start":{"line":28,"column":2},"end":{"line":34,"column":3}},{"start":{},"end":{}}],"line":28},"4":{"loc":{"start":{"line":38,"column":7},"end":{"line":40,"column":7}},"type":"binary-expr","locations":[{"start":{"line":38,"column":7},"end":{"line":38,"column":16}},{"start":{"line":39,"column":8},"end":{"line":39,"column":70}}],"line":38},"5":{"loc":{"start":{"line":46,"column":10},"end":{"line":46,"column":48}},"type":"cond-expr","locations":[{"start":{"line":46,"column":21},"end":{"line":46,"column":34}},{"start":{"line":46,"column":37},"end":{"line":46,"column":48}}],"line":46}},"s":{"0":0,"1":0,"2":0,"3":0,"4":0,"5":0,"6":0,"7":0,"8":0,"9":0,"10":0,"11":0},"f":{"0":0,"1":0,"2":0,"3":0},"b":{"0":[0],"1":[0],"2":[0],"3":[0,0],"4":[0,0],"5":[0,0]}}
,"C:\\Users\\xiate\\Documents\\CS\\vsa-website\\src\\components\\common\\PageError.tsx": {"path":"C:\\Users\\xiate\\Documents\\CS\\vsa-website\\src\\components\\common\\PageError.tsx","statementMap":{"0":{"start":{"line":19,"column":22},"end":{"line":25,"column":3}},"1":{"start":{"line":20,"column":4},"end":{"line":24,"column":5}},"2":{"start":{"line":21,"column":6},"end":{"line":21,"column":19}},"3":{"start":{"line":23,"column":6},"end":{"line":23,"column":31}},"4":{"start":{"line":27,"column":2},"end":{"line":95,"column":4}},"5":{"start":{"line":87,"column":27},"end":{"line":87,"column":48}}},"fnMap":{"0":{"name":"PageError","decl":{"start":{"line":12,"column":16},"end":{"line":12,"column":25}},"loc":{"start":{"line":18,"column":19},"end":{"line":96,"column":1}},"line":18},"1":{"name":"(anonymous_1)","decl":{"start":{"line":19,"column":22},"end":{"line":19,"column":23}},"loc":{"start":{"line":19,"column":28},"end":{"line":25,"column":3}},"line":19},"2":{"name":"(anonymous_2)","decl":{"start":{"line":87,"column":21},"end":{"line":87,"column":22}},"loc":{"start":{"line":87,"column":27},"end":{"line":87,"column":48}},"line":87}},"branchMap":{"0":{"loc":{"start":{"line":15,"column":2},"end":{"line":15,"column":32}},"type":"default-arg","locations":[{"start":{"line":15,"column":10},"end":{"line":15,"column":32}}],"line":15},"1":{"loc":{"start":{"line":16,"column":2},"end":{"line":16,"column":67}},"type":"default-arg","locations":[{"start":{"line":16,"column":12},"end":{"line":16,"column":67}}],"line":16},"2":{"loc":{"start":{"line":17,"column":2},"end":{"line":17,"column":18}},"type":"default-arg","locations":[{"start":{"line":17,"column":14},"end":{"line":17,"column":18}}],"line":17},"3":{"loc":{"start":{"line":20,"column":4},"end":{"line":24,"column":5}},"type":"if","locations":[{"start":{"line":20,"column":4},"end":{"line":24,"column":5}},{"start":{"line":22,"column":11},"end":{"line":24,"column":5}}],"line":20},"4":{"loc":{"start":{"line":60,"column":11},"end":{"line":69,"column":11}},"type":"binary-expr","locations":[{"start":{"line":60,"column":11},"end":{"line":60,"column":49}},{"start":{"line":60,"column":53},"end":{"line":60,"column":58}},{"start":{"line":61,"column":12},"end":{"line":68,"column":22}}],"line":60},"5":{"loc":{"start":{"line":66,"column":17},"end":{"line":66,"column":45}},"type":"binary-expr","locations":[{"start":{"line":66,"column":17},"end":{"line":66,"column":28}},{"start":{"line":66,"column":32},"end":{"line":66,"column":45}}],"line":66},"6":{"loc":{"start":{"line":73,"column":11},"end":{"line":82,"column":11}},"type":"binary-expr","locations":[{"start":{"line":73,"column":11},"end":{"line":73,"column":20}},{"start":{"line":74,"column":12},"end":{"line":81,"column":28}}],"line":73}},"s":{"0":3,"1":0,"2":0,"3":0,"4":3,"5":0},"f":{"0":3,"1":0,"2":0},"b":{"0":[0],"1":[0],"2":[3],"3":[0,0],"4":[3,0,0],"5":[0,0],"6":[3,3]},"_coverageSchema":"1a1c01bbd47fc00a2c39e90264f33305004495a9","hash":"f9c9517507b877eddc741790278871c20eaa4744"}
,"C:\\Users\\xiate\\Documents\\CS\\vsa-website\\src\\components\\common\\PageLoader.tsx": {"path":"C:\\Users\\xiate\\Documents\\CS\\vsa-website\\src\\components\\common\\PageLoader.tsx","statementMap":{"0":{"start":{"line":13,"column":2},"end":{"line":50,"column":4}}},"fnMap":{"0":{"name":"PageLoader","decl":{"start":{"line":9,"column":16},"end":{"line":9,"column":26}},"loc":{"start":{"line":12,"column":20},"end":{"line":51,"column":1}},"line":12}},"branchMap":{"0":{"loc":{"start":{"line":10,"column":2},"end":{"line":10,"column":24}},"type":"default-arg","locations":[{"start":{"line":10,"column":12},"end":{"line":10,"column":24}}],"line":10},"1":{"loc":{"start":{"line":11,"column":2},"end":{"line":11,"column":20}},"type":"default-arg","locations":[{"start":{"line":11,"column":16},"end":{"line":11,"column":20}}],"line":11},"2":{"loc":{"start":{"line":21,"column":9},"end":{"line":25,"column":9}},"type":"binary-expr","locations":[{"start":{"line":21,"column":9},"end":{"line":21,"column":20}},{"start":{"line":22,"column":10},"end":{"line":24,"column":16}}],"line":21}},"s":{"0":0},"f":{"0":0},"b":{"0":[0],"1":[0],"2":[0,0]},"_coverageSchema":"1a1c01bbd47fc00a2c39e90264f33305004495a9","hash":"4908ae600aa5fdc23ab34c3161be2a155d919b0b"}
,"C:\\Users\\xiate\\Documents\\CS\\vsa-website\\src\\components\\common\\PageTitle.tsx": {"path":"C:\\Users\\xiate\\Documents\\CS\\vsa-website\\src\\components\\common\\PageTitle.tsx","statementMap":{"0":{"start":{"line":8,"column":2},"end":{"line":13,"column":14}},"1":{"start":{"line":9,"column":4},"end":{"line":9,"column":38}},"2":{"start":{"line":10,"column":4},"end":{"line":12,"column":6}},"3":{"start":{"line":11,"column":6},"end":{"line":11,"column":29}},"4":{"start":{"line":15,"column":2},"end":{"line":15,"column":14}}},"fnMap":{"0":{"name":"PageTitle","decl":{"start":{"line":7,"column":16},"end":{"line":7,"column":25}},"loc":{"start":{"line":7,"column":53},"end":{"line":16,"column":1}},"line":7},"1":{"name":"(anonymous_1)","decl":{"start":{"line":8,"column":12},"end":{"line":8,"column":13}},"loc":{"start":{"line":8,"column":18},"end":{"line":13,"column":3}},"line":8},"2":{"name":"(anonymous_2)","decl":{"start":{"line":10,"column":11},"end":{"line":10,"column":12}},"loc":{"start":{"line":10,"column":17},"end":{"line":12,"column":5}},"line":10}},"branchMap":{},"s":{"0":0,"1":0,"2":0,"3":0,"4":0},"f":{"0":0,"1":0,"2":0},"b":{}}
,"C:\\Users\\xiate\\Documents\\CS\\vsa-website\\src\\components\\common\\RevealOnScrollWrapper.tsx": {"path":"C:\\Users\\xiate\\Documents\\CS\\vsa-website\\src\\components\\common\\RevealOnScrollWrapper.tsx","statementMap":{"0":{"start":{"line":8,"column":75},"end":{"line":18,"column":1}},"1":{"start":{"line":9,"column":2},"end":{"line":17,"column":4}}},"fnMap":{"0":{"name":"(anonymous_0)","decl":{"start":{"line":8,"column":75},"end":{"line":8,"column":76}},"loc":{"start":{"line":8,"column":93},"end":{"line":18,"column":1}},"line":8}},"branchMap":{},"s":{"0":0,"1":0},"f":{"0":0},"b":{}}
,"C:\\Users\\xiate\\Documents\\CS\\vsa-website\\src\\components\\common\\Skeleton.tsx": {"path":"C:\\Users\\xiate\\Documents\\CS\\vsa-website\\src\\components\\common\\Skeleton.tsx","statementMap":{"0":{"start":{"line":15,"column":25},"end":{"line":18,"column":8}},"1":{"start":{"line":20,"column":2},"end":{"line":27,"column":3}},"2":{"start":{"line":21,"column":4},"end":{"line":26,"column":6}},"3":{"start":{"line":29,"column":2},"end":{"line":42,"column":4}},"4":{"start":{"line":32,"column":8},"end":{"line":39,"column":10}},"5":{"start":{"line":47,"column":2},"end":{"line":57,"column":4}},"6":{"start":{"line":61,"column":2},"end":{"line":72,"column":4}},"7":{"start":{"line":76,"column":2},"end":{"line":93,"column":4}},"8":{"start":{"line":83,"column":10},"end":{"line":89,"column":16}}},"fnMap":{"0":{"name":"Skeleton","decl":{"start":{"line":10,"column":16},"end":{"line":10,"column":24}},"loc":{"start":{"line":14,"column":18},"end":{"line":43,"column":1}},"line":14},"1":{"name":"(anonymous_1)","decl":{"start":{"line":31,"column":41},"end":{"line":31,"column":42}},"loc":{"start":{"line":32,"column":8},"end":{"line":39,"column":10}},"line":32},"2":{"name":"EventCardSkeleton","decl":{"start":{"line":46,"column":16},"end":{"line":46,"column":33}},"loc":{"start":{"line":46,"column":36},"end":{"line":58,"column":1}},"line":46},"3":{"name":"ProfileSkeleton","decl":{"start":{"line":60,"column":16},"end":{"line":60,"column":31}},"loc":{"start":{"line":60,"column":34},"end":{"line":73,"column":1}},"line":60},"4":{"name":"TableSkeleton","decl":{"start":{"line":75,"column":16},"end":{"line":75,"column":29}},"loc":{"start":{"line":75,"column":63},"end":{"line":94,"column":1}},"line":75},"5":{"name":"(anonymous_5)","decl":{"start":{"line":82,"column":42},"end":{"line":82,"column":43}},"loc":{"start":{"line":83,"column":10},"end":{"line":89,"column":16}},"line":83}},"branchMap":{"0":{"loc":{"start":{"line":11,"column":2},"end":{"line":11,"column":56}},"type":"default-arg","locations":[{"start":{"line":11,"column":14},"end":{"line":11,"column":56}}],"line":11},"1":{"loc":{"start":{"line":12,"column":2},"end":{"line":12,"column":11}},"type":"default-arg","locations":[{"start":{"line":12,"column":10},"end":{"line":12,"column":11}}],"line":12},"2":{"loc":{"start":{"line":13,"column":2},"end":{"line":13,"column":16}},"type":"default-arg","locations":[{"start":{"line":13,"column":12},"end":{"line":13,"column":16}}],"line":13},"3":{"loc":{"start":{"line":15,"column":25},"end":{"line":18,"column":8}},"type":"cond-expr","locations":[{"start":{"line":15,"column":35},"end":{"line":18,"column":3}},{"start":{"line":18,"column":6},"end":{"line":18,"column":8}}],"line":15},"4":{"loc":{"start":{"line":20,"column":2},"end":{"line":27,"column":3}},"type":"if","locations":[{"start":{"line":20,"column":2},"end":{"line":27,"column":3}},{"start":{},"end":{}}],"line":20},"5":{"loc":{"start":{"line":36,"column":19},"end":{"line":36,"column":55}},"type":"cond-expr","locations":[{"start":{"line":36,"column":41},"end":{"line":36,"column":46}},{"start":{"line":36,"column":49},"end":{"line":36,"column":55}}],"line":36},"6":{"loc":{"start":{"line":75,"column":32},"end":{"line":75,"column":40}},"type":"default-arg","locations":[{"start":{"line":75,"column":39},"end":{"line":75,"column":40}}],"line":75}},"s":{"0":0,"1":0,"2":0,"3":0,"4":0,"5":0,"6":0,"7":0,"8":0},"f":{"0":0,"1":0,"2":0,"3":0,"4":0,"5":0},"b":{"0":[0],"1":[0],"2":[0],"3":[0,0],"4":[0,0],"5":[0,0],"6":[0]}}
,"C:\\Users\\xiate\\Documents\\CS\\vsa-website\\src\\components\\features\\admin\\AdminLayout.tsx": {"path":"C:\\Users\\xiate\\Documents\\CS\\vsa-website\\src\\components\\features\\admin\\AdminLayout.tsx","statementMap":{"0":{"start":{"line":5,"column":30},"end":{"line":36,"column":1}},"1":{"start":{"line":6,"column":19},"end":{"line":6,"column":32}},"2":{"start":{"line":7,"column":36},"end":{"line":7,"column":54}},"3":{"start":{"line":9,"column":15},"end":{"line":12,"column":3}},"4":{"start":{"line":14,"column":2},"end":{"line":35,"column":4}},"5":{"start":{"line":18,"column":10},"end":{"line":29,"column":17}},"6":{"start":{"line":26,"column":27},"end":{"line":26,"column":47}}},"fnMap":{"0":{"name":"(anonymous_0)","decl":{"start":{"line":5,"column":30},"end":{"line":5,"column":31}},"loc":{"start":{"line":5,"column":36},"end":{"line":36,"column":1}},"line":5},"1":{"name":"(anonymous_1)","decl":{"start":{"line":17,"column":18},"end":{"line":17,"column":19}},"loc":{"start":{"line":18,"column":10},"end":{"line":29,"column":17}},"line":18},"2":{"name":"(anonymous_2)","decl":{"start":{"line":26,"column":21},"end":{"line":26,"column":22}},"loc":{"start":{"line":26,"column":27},"end":{"line":26,"column":47}},"line":26}},"branchMap":{"0":{"loc":{"start":{"line":22,"column":14},"end":{"line":24,"column":63}},"type":"cond-expr","locations":[{"start":{"line":23,"column":18},"end":{"line":23,"column":44}},{"start":{"line":24,"column":18},"end":{"line":24,"column":63}}],"line":22},"1":{"loc":{"start":{"line":32,"column":7},"end":{"line":32,"column":62}},"type":"cond-expr","locations":[{"start":{"line":32,"column":34},"end":{"line":32,"column":49}},{"start":{"line":32,"column":52},"end":{"line":32,"column":62}}],"line":32},"2":{"loc":{"start":{"line":33,"column":7},"end":{"line":33,"column":48}},"type":"binary-expr","locations":[{"start":{"line":33,"column":7},"end":{"line":33,"column":29}},{"start":{"line":33,"column":33},"end":{"line":33,"column":48}}],"line":33}},"s":{"0":1,"1":0,"2":0,"3":0,"4":0,"5":0,"6":0},"f":{"0":0,"1":0,"2":0},"b":{"0":[0,0],"1":[0,0],"2":[0,0]},"_coverageSchema":"1a1c01bbd47fc00a2c39e90264f33305004495a9","hash":"4ba17d90c63466a8a10f9a8486a914b8db12c81c"}
,"C:\\Users\\xiate\\Documents\\CS\\vsa-website\\src\\components\\features\\admin\\AdminNav.tsx": {"path":"C:\\Users\\xiate\\Documents\\CS\\vsa-website\\src\\components\\features\\admin\\AdminNav.tsx","statementMap":{"0":{"start":{"line":4,"column":19},"end":{"line":4,"column":32}},"1":{"start":{"line":6,"column":19},"end":{"line":8,"column":3}},"2":{"start":{"line":7,"column":4},"end":{"line":7,"column":38}},"3":{"start":{"line":10,"column":2},"end":{"line":45,"column":4}}},"fnMap":{"0":{"name":"AdminNav","decl":{"start":{"line":3,"column":16},"end":{"line":3,"column":24}},"loc":{"start":{"line":3,"column":27},"end":{"line":46,"column":1}},"line":3},"1":{"name":"(anonymous_1)","decl":{"start":{"line":6,"column":19},"end":{"line":6,"column":20}},"loc":{"start":{"line":6,"column":37},"end":{"line":8,"column":3}},"line":6}},"branchMap":{"0":{"loc":{"start":{"line":16,"column":12},"end":{"line":18,"column":91}},"type":"cond-expr","locations":[{"start":{"line":17,"column":16},"end":{"line":17,"column":42}},{"start":{"line":18,"column":16},"end":{"line":18,"column":91}}],"line":16},"1":{"loc":{"start":{"line":26,"column":12},"end":{"line":28,"column":91}},"type":"cond-expr","locations":[{"start":{"line":27,"column":16},"end":{"line":27,"column":42}},{"start":{"line":28,"column":16},"end":{"line":28,"column":91}}],"line":26},"2":{"loc":{"start":{"line":36,"column":12},"end":{"line":38,"column":91}},"type":"cond-expr","locations":[{"start":{"line":37,"column":16},"end":{"line":37,"column":42}},{"start":{"line":38,"column":16},"end":{"line":38,"column":91}}],"line":36}},"s":{"0":0,"1":0,"2":0,"3":0},"f":{"0":0,"1":0},"b":{"0":[0,0],"1":[0,0],"2":[0,0]}}
,"C:\\Users\\xiate\\Documents\\CS\\vsa-website\\src\\components\\features\\admin\\FeedbackTab.tsx": {"path":"C:\\Users\\xiate\\Documents\\CS\\vsa-website\\src\\components\\features\\admin\\FeedbackTab.tsx","statementMap":{"0":{"start":{"line":16,"column":53},"end":{"line":21,"column":1}},"1":{"start":{"line":23,"column":55},"end":{"line":28,"column":1}},"2":{"start":{"line":30,"column":48},"end":{"line":34,"column":1}},"3":{"start":{"line":36,"column":30},"end":{"line":217,"column":1}},"4":{"start":{"line":37,"column":36},"end":{"line":37,"column":60}},"5":{"start":{"line":38,"column":32},"end":{"line":38,"column":46}},"6":{"start":{"line":39,"column":42},"end":{"line":39,"column":65}},"7":{"start":{"line":40,"column":38},"end":{"line":40,"column":61}},"8":{"start":{"line":42,"column":2},"end":{"line":44,"column":9}},"9":{"start":{"line":43,"column":4},"end":{"line":43,"column":21}},"10":{"start":{"line":46,"column":25},"end":{"line":60,"column":3}},"11":{"start":{"line":47,"column":4},"end":{"line":59,"column":5}},"12":{"start":{"line":48,"column":30},"end":{"line":51,"column":50}},"13":{"start":{"line":52,"column":6},"end":{"line":52,"column":29}},"14":{"start":{"line":52,"column":17},"end":{"line":52,"column":29}},"15":{"start":{"line":53,"column":6},"end":{"line":53,"column":31}},"16":{"start":{"line":55,"column":6},"end":{"line":55,"column":56}},"17":{"start":{"line":56,"column":6},"end":{"line":56,"column":46}},"18":{"start":{"line":58,"column":6},"end":{"line":58,"column":24}},"19":{"start":{"line":62,"column":29},"end":{"line":75,"column":3}},"20":{"start":{"line":63,"column":4},"end":{"line":74,"column":5}},"21":{"start":{"line":64,"column":24},"end":{"line":67,"column":21}},"22":{"start":{"line":68,"column":6},"end":{"line":68,"column":29}},"23":{"start":{"line":68,"column":17},"end":{"line":68,"column":29}},"24":{"start":{"line":69,"column":6},"end":{"line":69,"column":93}},"25":{"start":{"line":70,"column":6},"end":{"line":70,"column":23}},"26":{"start":{"line":72,"column":6},"end":{"line":72,"column":62}},"27":{"start":{"line":73,"column":6},"end":{"line":73,"column":54}},"28":{"start":{"line":77,"column":28},"end":{"line":81,"column":4}},"29":{"start":{"line":78,"column":24},"end":{"line":78,"column":82}},"30":{"start":{"line":79,"column":22},"end":{"line":79,"column":74}},"31":{"start":{"line":80,"column":4},"end":{"line":80,"column":36}},"32":{"start":{"line":83,"column":2},"end":{"line":89,"column":3}},"33":{"start":{"line":84,"column":4},"end":{"line":88,"column":6}},"34":{"start":{"line":91,"column":2},"end":{"line":216,"column":4}},"35":{"start":{"line":100,"column":29},"end":{"line":100,"column":60}},"36":{"start":{"line":116,"column":29},"end":{"line":116,"column":58}},"37":{"start":{"line":138,"column":12},"end":{"line":211,"column":18}},"38":{"start":{"line":180,"column":35},"end":{"line":180,"column":81}},"39":{"start":{"line":188,"column":35},"end":{"line":188,"column":78}},"40":{"start":{"line":196,"column":35},"end":{"line":196,"column":76}},"41":{"start":{"line":204,"column":35},"end":{"line":204,"column":77}}},"fnMap":{"0":{"name":"(anonymous_0)","decl":{"start":{"line":36,"column":30},"end":{"line":36,"column":31}},"loc":{"start":{"line":36,"column":36},"end":{"line":217,"column":1}},"line":36},"1":{"name":"(anonymous_1)","decl":{"start":{"line":42,"column":12},"end":{"line":42,"column":13}},"loc":{"start":{"line":42,"column":18},"end":{"line":44,"column":3}},"line":42},"2":{"name":"(anonymous_2)","decl":{"start":{"line":46,"column":25},"end":{"line":46,"column":26}},"loc":{"start":{"line":46,"column":37},"end":{"line":60,"column":3}},"line":46},"3":{"name":"(anonymous_3)","decl":{"start":{"line":62,"column":29},"end":{"line":62,"column":30}},"loc":{"start":{"line":62,"column":70},"end":{"line":75,"column":3}},"line":62},"4":{"name":"(anonymous_4)","decl":{"start":{"line":77,"column":45},"end":{"line":77,"column":46}},"loc":{"start":{"line":77,"column":57},"end":{"line":81,"column":3}},"line":77},"5":{"name":"(anonymous_5)","decl":{"start":{"line":100,"column":22},"end":{"line":100,"column":23}},"loc":{"start":{"line":100,"column":29},"end":{"line":100,"column":60}},"line":100},"6":{"name":"(anonymous_6)","decl":{"start":{"line":116,"column":22},"end":{"line":116,"column":23}},"loc":{"start":{"line":116,"column":29},"end":{"line":116,"column":58}},"line":116},"7":{"name":"(anonymous_7)","decl":{"start":{"line":137,"column":33},"end":{"line":137,"column":34}},"loc":{"start":{"line":138,"column":12},"end":{"line":211,"column":18}},"line":138},"8":{"name":"(anonymous_8)","decl":{"start":{"line":180,"column":29},"end":{"line":180,"column":30}},"loc":{"start":{"line":180,"column":35},"end":{"line":180,"column":81}},"line":180},"9":{"name":"(anonymous_9)","decl":{"start":{"line":188,"column":29},"end":{"line":188,"column":30}},"loc":{"start":{"line":188,"column":35},"end":{"line":188,"column":78}},"line":188},"10":{"name":"(anonymous_10)","decl":{"start":{"line":196,"column":29},"end":{"line":196,"column":30}},"loc":{"start":{"line":196,"column":35},"end":{"line":196,"column":76}},"line":196},"11":{"name":"(anonymous_11)","decl":{"start":{"line":204,"column":29},"end":{"line":204,"column":30}},"loc":{"start":{"line":204,"column":35},"end":{"line":204,"column":77}},"line":204}},"branchMap":{"0":{"loc":{"start":{"line":52,"column":6},"end":{"line":52,"column":29}},"type":"if","locations":[{"start":{"line":52,"column":6},"end":{"line":52,"column":29}},{"start":{},"end":{}}],"line":52},"1":{"loc":{"start":{"line":53,"column":19},"end":{"line":53,"column":29}},"type":"binary-expr","locations":[{"start":{"line":53,"column":19},"end":{"line":53,"column":23}},{"start":{"line":53,"column":27},"end":{"line":53,"column":29}}],"line":53},"2":{"loc":{"start":{"line":68,"column":6},"end":{"line":68,"column":29}},"type":"if","locations":[{"start":{"line":68,"column":6},"end":{"line":68,"column":29}},{"start":{},"end":{}}],"line":68},"3":{"loc":{"start":{"line":78,"column":24},"end":{"line":78,"column":82}},"type":"binary-expr","locations":[{"start":{"line":78,"column":24},"end":{"line":78,"column":46}},{"start":{"line":78,"column":50},"end":{"line":78,"column":82}}],"line":78},"4":{"loc":{"start":{"line":79,"column":22},"end":{"line":79,"column":74}},"type":"binary-expr","locations":[{"start":{"line":79,"column":22},"end":{"line":79,"column":42}},{"start":{"line":79,"column":46},"end":{"line":79,"column":74}}],"line":79},"5":{"loc":{"start":{"line":80,"column":11},"end":{"line":80,"column":35}},"type":"binary-expr","locations":[{"start":{"line":80,"column":11},"end":{"line":80,"column":22}},{"start":{"line":80,"column":26},"end":{"line":80,"column":35}}],"line":80},"6":{"loc":{"start":{"line":83,"column":2},"end":{"line":89,"column":3}},"type":"if","locations":[{"start":{"line":83,"column":2},"end":{"line":89,"column":3}},{"start":{},"end":{}}],"line":83},"7":{"loc":{"start":{"line":129,"column":7},"end":{"line":214,"column":7}},"type":"cond-expr","locations":[{"start":{"line":130,"column":8},"end":{"line":134,"column":14}},{"start":{"line":136,"column":8},"end":{"line":213,"column":14}}],"line":129},"8":{"loc":{"start":{"line":132,"column":13},"end":{"line":132,"column":107}},"type":"cond-expr","locations":[{"start":{"line":132,"column":38},"end":{"line":132,"column":62}},{"start":{"line":132,"column":65},"end":{"line":132,"column":107}}],"line":132},"9":{"loc":{"start":{"line":144,"column":22},"end":{"line":147,"column":85}},"type":"cond-expr","locations":[{"start":{"line":144,"column":54},"end":{"line":144,"column":125}},{"start":{"line":145,"column":22},"end":{"line":147,"column":85}}],"line":144},"10":{"loc":{"start":{"line":145,"column":22},"end":{"line":147,"column":85}},"type":"cond-expr","locations":[{"start":{"line":145,"column":58},"end":{"line":145,"column":121}},{"start":{"line":146,"column":22},"end":{"line":147,"column":85}}],"line":145},"11":{"loc":{"start":{"line":146,"column":22},"end":{"line":147,"column":85}},"type":"cond-expr","locations":[{"start":{"line":146,"column":55},"end":{"line":146,"column":122}},{"start":{"line":147,"column":22},"end":{"line":147,"column":85}}],"line":146},"12":{"loc":{"start":{"line":152,"column":22},"end":{"line":155,"column":85}},"type":"cond-expr","locations":[{"start":{"line":152,"column":48},"end":{"line":152,"column":107}},{"start":{"line":153,"column":22},"end":{"line":155,"column":85}}],"line":152},"13":{"loc":{"start":{"line":153,"column":22},"end":{"line":155,"column":85}},"type":"cond-expr","locations":[{"start":{"line":153,"column":52},"end":{"line":153,"column":123}},{"start":{"line":154,"column":22},"end":{"line":155,"column":85}}],"line":153},"14":{"loc":{"start":{"line":154,"column":22},"end":{"line":155,"column":85}},"type":"cond-expr","locations":[{"start":{"line":154,"column":56},"end":{"line":154,"column":127}},{"start":{"line":155,"column":22},"end":{"line":155,"column":85}}],"line":154},"15":{"loc":{"start":{"line":159,"column":21},"end":{"line":167,"column":21}},"type":"binary-expr","locations":[{"start":{"line":159,"column":21},"end":{"line":159,"column":38}},{"start":{"line":160,"column":22},"end":{"line":166,"column":29}}],"line":159},"16":{"loc":{"start":{"line":161,"column":24},"end":{"line":163,"column":91}},"type":"cond-expr","locations":[{"start":{"line":161,"column":55},"end":{"line":161,"column":114}},{"start":{"line":162,"column":24},"end":{"line":163,"column":91}}],"line":161},"17":{"loc":{"start":{"line":162,"column":24},"end":{"line":163,"column":91}},"type":"cond-expr","locations":[{"start":{"line":162,"column":57},"end":{"line":162,"column":128}},{"start":{"line":163,"column":24},"end":{"line":163,"column":91}}],"line":162},"18":{"loc":{"start":{"line":178,"column":17},"end":{"line":185,"column":17}},"type":"binary-expr","locations":[{"start":{"line":178,"column":17},"end":{"line":178,"column":46}},{"start":{"line":179,"column":18},"end":{"line":184,"column":27}}],"line":178},"19":{"loc":{"start":{"line":186,"column":17},"end":{"line":193,"column":17}},"type":"binary-expr","locations":[{"start":{"line":186,"column":17},"end":{"line":186,"column":50}},{"start":{"line":187,"column":18},"end":{"line":192,"column":27}}],"line":186},"20":{"loc":{"start":{"line":194,"column":17},"end":{"line":201,"column":17}},"type":"binary-expr","locations":[{"start":{"line":194,"column":17},"end":{"line":194,"column":47}},{"start":{"line":195,"column":18},"end":{"line":200,"column":27}}],"line":194},"21":{"loc":{"start":{"line":202,"column":17},"end":{"line":209,"column":17}},"type":"binary-expr","locations":[{"start":{"line":202,"column":17},"end":{"line":202,"column":45}},{"start":{"line":203,"column":18},"end":{"line":208,"column":27}}],"line":202}},"s":{"0":1,"1":1,"2":1,"3":1,"4":0,"5":0,"6":0,"7":0,"8":0,"9":0,"10":0,"11":0,"12":0,"13":0,"14":0,"15":0,"16":0,"17":0,"18":0,"19":0,"20":0,"21":0,"22":0,"23":0,"24":0,"25":0,"26":0,"27":0,"28":0,"29":0,"30":0,"31":0,"32":0,"33":0,"34":0,"35":0,"36":0,"37":0,"38":0,"39":0,"40":0,"41":0},"f":{"0":0,"1":0,"2":0,"3":0,"4":0,"5":0,"6":0,"7":0,"8":0,"9":0,"10":0,"11":0},"b":{"0":[0,0],"1":[0,0],"2":[0,0],"3":[0,0],"4":[0,0],"5":[0,0],"6":[0,0],"7":[0,0],"8":[0,0],"9":[0,0],"10":[0,0],"11":[0,0],"12":[0,0],"13":[0,0],"14":[0,0],"15":[0,0],"16":[0,0],"17":[0,0],"18":[0,0],"19":[0,0],"20":[0,0],"21":[0,0]},"_coverageSchema":"1a1c01bbd47fc00a2c39e90264f33305004495a9","hash":"b3ac1bc079e000024e6a5d128305797b28939a81"}
,"C:\\Users\\xiate\\Documents\\CS\\vsa-website\\src\\components\\features\\admin\\GenerateCheckInCode.tsx": {"path":"C:\\Users\\xiate\\Documents\\CS\\vsa-website\\src\\components\\features\\admin\\GenerateCheckInCode.tsx","statementMap":{"0":{"start":{"line":6,"column":59},"end":{"line":11,"column":1}},"1":{"start":{"line":14,"column":36},"end":{"line":14,"column":72}},"2":{"start":{"line":15,"column":44},"end":{"line":15,"column":73}},"3":{"start":{"line":16,"column":36},"end":{"line":16,"column":51}},"4":{"start":{"line":17,"column":28},"end":{"line":17,"column":57}},"5":{"start":{"line":19,"column":23},"end":{"line":63,"column":3}},"6":{"start":{"line":20,"column":4},"end":{"line":62,"column":5}},"7":{"start":{"line":21,"column":6},"end":{"line":21,"column":25}},"8":{"start":{"line":22,"column":6},"end":{"line":22,"column":21}},"9":{"start":{"line":23,"column":6},"end":{"line":23,"column":29}},"10":{"start":{"line":26,"column":51},"end":{"line":26,"column":80}},"11":{"start":{"line":27,"column":6},"end":{"line":27,"column":37}},"12":{"start":{"line":27,"column":21},"end":{"line":27,"column":37}},"13":{"start":{"line":28,"column":6},"end":{"line":28,"column":59}},"14":{"start":{"line":28,"column":17},"end":{"line":28,"column":59}},"15":{"start":{"line":31,"column":19},"end":{"line":31,"column":75}},"16":{"start":{"line":34,"column":55},"end":{"line":35,"column":59}},"17":{"start":{"line":37,"column":6},"end":{"line":37,"column":41}},"18":{"start":{"line":37,"column":23},"end":{"line":37,"column":41}},"19":{"start":{"line":40,"column":24},"end":{"line":40,"column":34}},"20":{"start":{"line":41,"column":6},"end":{"line":41,"column":51}},"21":{"start":{"line":44,"column":37},"end":{"line":52,"column":10}},"22":{"start":{"line":54,"column":6},"end":{"line":54,"column":41}},"23":{"start":{"line":54,"column":23},"end":{"line":54,"column":41}},"24":{"start":{"line":56,"column":6},"end":{"line":56,"column":29}},"25":{"start":{"line":58,"column":6},"end":{"line":58,"column":51}},"26":{"start":{"line":59,"column":6},"end":{"line":59,"column":61}},"27":{"start":{"line":61,"column":6},"end":{"line":61,"column":26}},"28":{"start":{"line":65,"column":2},"end":{"line":109,"column":4}},"29":{"start":{"line":77,"column":29},"end":{"line":77,"column":70}},"30":{"start":{"line":81,"column":14},"end":{"line":83,"column":23}}},"fnMap":{"0":{"name":"GenerateCheckInCode","decl":{"start":{"line":13,"column":16},"end":{"line":13,"column":35}},"loc":{"start":{"line":13,"column":38},"end":{"line":110,"column":1}},"line":13},"1":{"name":"(anonymous_1)","decl":{"start":{"line":19,"column":23},"end":{"line":19,"column":24}},"loc":{"start":{"line":19,"column":35},"end":{"line":63,"column":3}},"line":19},"2":{"name":"(anonymous_2)","decl":{"start":{"line":77,"column":22},"end":{"line":77,"column":23}},"loc":{"start":{"line":77,"column":29},"end":{"line":77,"column":70}},"line":77},"3":{"name":"(anonymous_3)","decl":{"start":{"line":80,"column":29},"end":{"line":80,"column":30}},"loc":{"start":{"line":81,"column":14},"end":{"line":83,"column":23}},"line":81}},"branchMap":{"0":{"loc":{"start":{"line":27,"column":6},"end":{"line":27,"column":37}},"type":"if","locations":[{"start":{"line":27,"column":6},"end":{"line":27,"column":37}},{"start":{},"end":{}}],"line":27},"1":{"loc":{"start":{"line":28,"column":6},"end":{"line":28,"column":59}},"type":"if","locations":[{"start":{"line":28,"column":6},"end":{"line":28,"column":59}},{"start":{},"end":{}}],"line":28},"2":{"loc":{"start":{"line":37,"column":6},"end":{"line":37,"column":41}},"type":"if","locations":[{"start":{"line":37,"column":6},"end":{"line":37,"column":41}},{"start":{},"end":{}}],"line":37},"3":{"loc":{"start":{"line":54,"column":6},"end":{"line":54,"column":41}},"type":"if","locations":[{"start":{"line":54,"column":6},"end":{"line":54,"column":41}},{"start":{},"end":{}}],"line":54},"4":{"loc":{"start":{"line":93,"column":11},"end":{"line":93,"column":56}},"type":"cond-expr","locations":[{"start":{"line":93,"column":23},"end":{"line":93,"column":38}},{"start":{"line":93,"column":41},"end":{"line":93,"column":56}}],"line":93},"5":{"loc":{"start":{"line":96,"column":9},"end":{"line":98,"column":9}},"type":"binary-expr","locations":[{"start":{"line":96,"column":9},"end":{"line":96,"column":14}},{"start":{"line":97,"column":10},"end":{"line":97,"column":61}}],"line":96},"6":{"loc":{"start":{"line":100,"column":9},"end":{"line":106,"column":9}},"type":"binary-expr","locations":[{"start":{"line":100,"column":9},"end":{"line":100,"column":22}},{"start":{"line":101,"column":10},"end":{"line":105,"column":16}}],"line":100}},"s":{"0":0,"1":0,"2":0,"3":0,"4":0,"5":0,"6":0,"7":0,"8":0,"9":0,"10":0,"11":0,"12":0,"13":0,"14":0,"15":0,"16":0,"17":0,"18":0,"19":0,"20":0,"21":0,"22":0,"23":0,"24":0,"25":0,"26":0,"27":0,"28":0,"29":0,"30":0},"f":{"0":0,"1":0,"2":0,"3":0},"b":{"0":[0,0],"1":[0,0],"2":[0,0],"3":[0,0],"4":[0,0],"5":[0,0],"6":[0,0]}}
,"C:\\Users\\xiate\\Documents\\CS\\vsa-website\\src\\components\\features\\admin\\ManualCheckIn.tsx": {"path":"C:\\Users\\xiate\\Documents\\CS\\vsa-website\\src\\components\\features\\admin\\ManualCheckIn.tsx","statementMap":{"0":{"start":{"line":11,"column":40},"end":{"line":11,"column":52}},"1":{"start":{"line":12,"column":44},"end":{"line":12,"column":63}},"2":{"start":{"line":13,"column":42},"end":{"line":13,"column":61}},"3":{"start":{"line":14,"column":30},"end":{"line":14,"column":49}},"4":{"start":{"line":15,"column":36},"end":{"line":15,"column":51}},"5":{"start":{"line":16,"column":28},"end":{"line":16,"column":57}},"6":{"start":{"line":17,"column":32},"end":{"line":17,"column":61}},"7":{"start":{"line":18,"column":30},"end":{"line":18,"column":50}},"8":{"start":{"line":20,"column":23},"end":{"line":45,"column":3}},"9":{"start":{"line":21,"column":4},"end":{"line":44,"column":5}},"10":{"start":{"line":22,"column":6},"end":{"line":22,"column":25}},"11":{"start":{"line":23,"column":6},"end":{"line":23,"column":21}},"12":{"start":{"line":24,"column":6},"end":{"line":24,"column":27}},"13":{"start":{"line":26,"column":30},"end":{"line":35,"column":17}},"14":{"start":{"line":37,"column":6},"end":{"line":37,"column":29}},"15":{"start":{"line":37,"column":17},"end":{"line":37,"column":29}},"16":{"start":{"line":38,"column":6},"end":{"line":38,"column":35}},"17":{"start":{"line":40,"column":6},"end":{"line":40,"column":51}},"18":{"start":{"line":41,"column":6},"end":{"line":41,"column":60}},"19":{"start":{"line":43,"column":6},"end":{"line":43,"column":26}},"20":{"start":{"line":47,"column":24},"end":{"line":68,"column":3}},"21":{"start":{"line":48,"column":4},"end":{"line":48,"column":30}},"22":{"start":{"line":48,"column":23},"end":{"line":48,"column":30}},"23":{"start":{"line":50,"column":4},"end":{"line":67,"column":5}},"24":{"start":{"line":51,"column":6},"end":{"line":51,"column":25}},"25":{"start":{"line":52,"column":6},"end":{"line":52,"column":21}},"26":{"start":{"line":53,"column":6},"end":{"line":53,"column":23}},"27":{"start":{"line":55,"column":22},"end":{"line":55,"column":77}},"28":{"start":{"line":56,"column":6},"end":{"line":61,"column":7}},"29":{"start":{"line":57,"column":8},"end":{"line":57,"column":99}},"30":{"start":{"line":58,"column":8},"end":{"line":58,"column":30}},"31":{"start":{"line":59,"column":8},"end":{"line":59,"column":21}},"32":{"start":{"line":60,"column":8},"end":{"line":60,"column":22}},"33":{"start":{"line":63,"column":6},"end":{"line":63,"column":52}},"34":{"start":{"line":64,"column":6},"end":{"line":64,"column":98}},"35":{"start":{"line":66,"column":6},"end":{"line":66,"column":26}},"36":{"start":{"line":70,"column":2},"end":{"line":157,"column":4}},"37":{"start":{"line":83,"column":31},"end":{"line":83,"column":61}},"38":{"start":{"line":101,"column":14},"end":{"line":114,"column":23}},"39":{"start":{"line":103,"column":31},"end":{"line":103,"column":52}},"40":{"start":{"line":128,"column":33},"end":{"line":128,"column":66}}},"fnMap":{"0":{"name":"ManualCheckIn","decl":{"start":{"line":10,"column":16},"end":{"line":10,"column":29}},"loc":{"start":{"line":10,"column":74},"end":{"line":158,"column":1}},"line":10},"1":{"name":"(anonymous_1)","decl":{"start":{"line":20,"column":23},"end":{"line":20,"column":24}},"loc":{"start":{"line":20,"column":35},"end":{"line":45,"column":3}},"line":20},"2":{"name":"(anonymous_2)","decl":{"start":{"line":47,"column":24},"end":{"line":47,"column":25}},"loc":{"start":{"line":47,"column":36},"end":{"line":68,"column":3}},"line":47},"3":{"name":"(anonymous_3)","decl":{"start":{"line":83,"column":24},"end":{"line":83,"column":25}},"loc":{"start":{"line":83,"column":31},"end":{"line":83,"column":61}},"line":83},"4":{"name":"(anonymous_4)","decl":{"start":{"line":100,"column":31},"end":{"line":100,"column":32}},"loc":{"start":{"line":101,"column":14},"end":{"line":114,"column":23}},"line":101},"5":{"name":"(anonymous_5)","decl":{"start":{"line":103,"column":25},"end":{"line":103,"column":26}},"loc":{"start":{"line":103,"column":31},"end":{"line":103,"column":52}},"line":103},"6":{"name":"(anonymous_6)","decl":{"start":{"line":128,"column":26},"end":{"line":128,"column":27}},"loc":{"start":{"line":128,"column":33},"end":{"line":128,"column":66}},"line":128}},"branchMap":{"0":{"loc":{"start":{"line":37,"column":6},"end":{"line":37,"column":29}},"type":"if","locations":[{"start":{"line":37,"column":6},"end":{"line":37,"column":29}},{"start":{},"end":{}}],"line":37},"1":{"loc":{"start":{"line":38,"column":23},"end":{"line":38,"column":33}},"type":"binary-expr","locations":[{"start":{"line":38,"column":23},"end":{"line":38,"column":27}},{"start":{"line":38,"column":31},"end":{"line":38,"column":33}}],"line":38},"2":{"loc":{"start":{"line":48,"column":4},"end":{"line":48,"column":30}},"type":"if","locations":[{"start":{"line":48,"column":4},"end":{"line":48,"column":30}},{"start":{},"end":{}}],"line":48},"3":{"loc":{"start":{"line":56,"column":6},"end":{"line":61,"column":7}},"type":"if","locations":[{"start":{"line":56,"column":6},"end":{"line":61,"column":7}},{"start":{},"end":{}}],"line":56},"4":{"loc":{"start":{"line":64,"column":15},"end":{"line":64,"column":96}},"type":"cond-expr","locations":[{"start":{"line":64,"column":38},"end":{"line":64,"column":49}},{"start":{"line":64,"column":52},"end":{"line":64,"column":96}}],"line":64},"5":{"loc":{"start":{"line":90,"column":24},"end":{"line":90,"column":56}},"type":"binary-expr","locations":[{"start":{"line":90,"column":24},"end":{"line":90,"column":33}},{"start":{"line":90,"column":37},"end":{"line":90,"column":56}}],"line":90},"6":{"loc":{"start":{"line":98,"column":9},"end":{"line":117,"column":9}},"type":"binary-expr","locations":[{"start":{"line":98,"column":9},"end":{"line":98,"column":33}},{"start":{"line":99,"column":10},"end":{"line":116,"column":16}}],"line":98},"7":{"loc":{"start":{"line":105,"column":18},"end":{"line":107,"column":61}},"type":"cond-expr","locations":[{"start":{"line":106,"column":22},"end":{"line":106,"column":58}},{"start":{"line":107,"column":22},"end":{"line":107,"column":61}}],"line":105},"8":{"loc":{"start":{"line":119,"column":9},"end":{"line":142,"column":9}},"type":"binary-expr","locations":[{"start":{"line":119,"column":9},"end":{"line":119,"column":21}},{"start":{"line":120,"column":10},"end":{"line":141,"column":16}}],"line":119},"9":{"loc":{"start":{"line":136,"column":24},"end":{"line":136,"column":48}},"type":"binary-expr","locations":[{"start":{"line":136,"column":24},"end":{"line":136,"column":33}},{"start":{"line":136,"column":37},"end":{"line":136,"column":48}}],"line":136},"10":{"loc":{"start":{"line":144,"column":9},"end":{"line":148,"column":9}},"type":"binary-expr","locations":[{"start":{"line":144,"column":9},"end":{"line":144,"column":14}},{"start":{"line":145,"column":10},"end":{"line":147,"column":16}}],"line":144},"11":{"loc":{"start":{"line":150,"column":9},"end":{"line":154,"column":9}},"type":"binary-expr","locations":[{"start":{"line":150,"column":9},"end":{"line":150,"column":16}},{"start":{"line":151,"column":10},"end":{"line":153,"column":16}}],"line":150}},"s":{"0":0,"1":0,"2":0,"3":0,"4":0,"5":0,"6":0,"7":0,"8":0,"9":0,"10":0,"11":0,"12":0,"13":0,"14":0,"15":0,"16":0,"17":0,"18":0,"19":0,"20":0,"21":0,"22":0,"23":0,"24":0,"25":0,"26":0,"27":0,"28":0,"29":0,"30":0,"31":0,"32":0,"33":0,"34":0,"35":0,"36":0,"37":0,"38":0,"39":0,"40":0},"f":{"0":0,"1":0,"2":0,"3":0,"4":0,"5":0,"6":0},"b":{"0":[0,0],"1":[0,0],"2":[0,0],"3":[0,0],"4":[0,0],"5":[0,0],"6":[0,0],"7":[0,0],"8":[0,0],"9":[0,0],"10":[0,0],"11":[0,0]}}
,"C:\\Users\\xiate\\Documents\\CS\\vsa-website\\src\\components\\features\\auth\\SignInForm.tsx": {"path":"C:\\Users\\xiate\\Documents\\CS\\vsa-website\\src\\components\\features\\auth\\SignInForm.tsx","statementMap":{"0":{"start":{"line":7,"column":21},"end":{"line":7,"column":30}},"1":{"start":{"line":13,"column":6},"end":{"line":15,"column":4}},"2":{"start":{"line":17,"column":19},"end":{"line":28,"column":3}},"3":{"start":{"line":18,"column":4},"end":{"line":27,"column":5}},"4":{"start":{"line":19,"column":6},"end":{"line":19,"column":46}},"5":{"start":{"line":22,"column":27},"end":{"line":22,"column":87}},"6":{"start":{"line":23,"column":6},"end":{"line":26,"column":9}},"7":{"start":{"line":30,"column":2},"end":{"line":82,"column":4}}},"fnMap":{"0":{"name":"SignInForm","decl":{"start":{"line":6,"column":16},"end":{"line":6,"column":26}},"loc":{"start":{"line":6,"column":29},"end":{"line":83,"column":1}},"line":6},"1":{"name":"(anonymous_1)","decl":{"start":{"line":17,"column":19},"end":{"line":17,"column":20}},"loc":{"start":{"line":17,"column":51},"end":{"line":28,"column":3}},"line":17}},"branchMap":{"0":{"loc":{"start":{"line":22,"column":27},"end":{"line":22,"column":87}},"type":"cond-expr","locations":[{"start":{"line":22,"column":52},"end":{"line":22,"column":65}},{"start":{"line":22,"column":68},"end":{"line":22,"column":87}}],"line":22},"1":{"loc":{"start":{"line":46,"column":11},"end":{"line":48,"column":11}},"type":"binary-expr","locations":[{"start":{"line":46,"column":11},"end":{"line":46,"column":23}},{"start":{"line":47,"column":12},"end":{"line":47,"column":79}}],"line":46},"2":{"loc":{"start":{"line":62,"column":11},"end":{"line":64,"column":11}},"type":"binary-expr","locations":[{"start":{"line":62,"column":11},"end":{"line":62,"column":26}},{"start":{"line":63,"column":12},"end":{"line":63,"column":82}}],"line":62},"3":{"loc":{"start":{"line":67,"column":9},"end":{"line":71,"column":9}},"type":"binary-expr","locations":[{"start":{"line":67,"column":9},"end":{"line":67,"column":20}},{"start":{"line":68,"column":10},"end":{"line":70,"column":16}}],"line":67},"4":{"loc":{"start":{"line":78,"column":11},"end":{"line":78,"column":53}},"type":"cond-expr","locations":[{"start":{"line":78,"column":26},"end":{"line":78,"column":41}},{"start":{"line":78,"column":44},"end":{"line":78,"column":53}}],"line":78}},"s":{"0":0,"1":0,"2":0,"3":0,"4":0,"5":0,"6":0,"7":0},"f":{"0":0,"1":0},"b":{"0":[0,0],"1":[0,0],"2":[0,0],"3":[0,0],"4":[0,0]}}
,"C:\\Users\\xiate\\Documents\\CS\\vsa-website\\src\\components\\features\\auth\\SignUpForm.tsx": {"path":"C:\\Users\\xiate\\Documents\\CS\\vsa-website\\src\\components\\features\\auth\\SignUpForm.tsx","statementMap":{"0":{"start":{"line":5,"column":28},"end":{"line":5,"column":40}},"1":{"start":{"line":6,"column":34},"end":{"line":6,"column":46}},"2":{"start":{"line":7,"column":36},"end":{"line":7,"column":48}},"3":{"start":{"line":8,"column":34},"end":{"line":8,"column":46}},"4":{"start":{"line":9,"column":32},"end":{"line":9,"column":47}},"5":{"start":{"line":10,"column":28},"end":{"line":10,"column":57}},"6":{"start":{"line":12,"column":23},"end":{"line":56,"column":3}},"7":{"start":{"line":13,"column":4},"end":{"line":13,"column":23}},"8":{"start":{"line":14,"column":4},"end":{"line":14,"column":21}},"9":{"start":{"line":15,"column":4},"end":{"line":15,"column":19}},"10":{"start":{"line":17,"column":4},"end":{"line":55,"column":5}},"11":{"start":{"line":18,"column":6},"end":{"line":18,"column":49}},"12":{"start":{"line":21,"column":53},"end":{"line":31,"column":8}},"13":{"start":{"line":33,"column":6},"end":{"line":33,"column":62}},"14":{"start":{"line":35,"column":6},"end":{"line":38,"column":7}},"15":{"start":{"line":36,"column":8},"end":{"line":36,"column":53}},"16":{"start":{"line":37,"column":8},"end":{"line":37,"column":26}},"17":{"start":{"line":40,"column":6},"end":{"line":43,"column":7}},"18":{"start":{"line":41,"column":8},"end":{"line":41,"column":55}},"19":{"start":{"line":42,"column":8},"end":{"line":42,"column":57}},"20":{"start":{"line":45,"column":6},"end":{"line":45,"column":47}},"21":{"start":{"line":48,"column":6},"end":{"line":48,"column":87}},"22":{"start":{"line":51,"column":6},"end":{"line":51,"column":54}},"23":{"start":{"line":52,"column":6},"end":{"line":52,"column":73}},"24":{"start":{"line":54,"column":6},"end":{"line":54,"column":24}},"25":{"start":{"line":58,"column":2},"end":{"line":134,"column":4}},"26":{"start":{"line":71,"column":29},"end":{"line":71,"column":57}},"27":{"start":{"line":85,"column":29},"end":{"line":85,"column":56}},"28":{"start":{"line":99,"column":29},"end":{"line":99,"column":53}},"29":{"start":{"line":113,"column":29},"end":{"line":113,"column":56}}},"fnMap":{"0":{"name":"SignUpForm","decl":{"start":{"line":4,"column":16},"end":{"line":4,"column":26}},"loc":{"start":{"line":4,"column":29},"end":{"line":135,"column":1}},"line":4},"1":{"name":"(anonymous_1)","decl":{"start":{"line":12,"column":23},"end":{"line":12,"column":24}},"loc":{"start":{"line":12,"column":53},"end":{"line":56,"column":3}},"line":12},"2":{"name":"(anonymous_2)","decl":{"start":{"line":71,"column":22},"end":{"line":71,"column":23}},"loc":{"start":{"line":71,"column":29},"end":{"line":71,"column":57}},"line":71},"3":{"name":"(anonymous_3)","decl":{"start":{"line":85,"column":22},"end":{"line":85,"column":23}},"loc":{"start":{"line":85,"column":29},"end":{"line":85,"column":56}},"line":85},"4":{"name":"(anonymous_4)","decl":{"start":{"line":99,"column":22},"end":{"line":99,"column":23}},"loc":{"start":{"line":99,"column":29},"end":{"line":99,"column":53}},"line":99},"5":{"name":"(anonymous_5)","decl":{"start":{"line":113,"column":22},"end":{"line":113,"column":23}},"loc":{"start":{"line":113,"column":29},"end":{"line":113,"column":56}},"line":113}},"branchMap":{"0":{"loc":{"start":{"line":35,"column":6},"end":{"line":38,"column":7}},"type":"if","locations":[{"start":{"line":35,"column":6},"end":{"line":38,"column":7}},{"start":{},"end":{}}],"line":35},"1":{"loc":{"start":{"line":40,"column":6},"end":{"line":43,"column":7}},"type":"if","locations":[{"start":{"line":40,"column":6},"end":{"line":43,"column":7}},{"start":{},"end":{}}],"line":40},"2":{"loc":{"start":{"line":52,"column":15},"end":{"line":52,"column":71}},"type":"cond-expr","locations":[{"start":{"line":52,"column":38},"end":{"line":52,"column":49}},{"start":{"line":52,"column":52},"end":{"line":52,"column":71}}],"line":52},"3":{"loc":{"start":{"line":119,"column":9},"end":{"line":123,"column":9}},"type":"binary-expr","locations":[{"start":{"line":119,"column":9},"end":{"line":119,"column":14}},{"start":{"line":120,"column":10},"end":{"line":122,"column":16}}],"line":119},"4":{"loc":{"start":{"line":130,"column":11},"end":{"line":130,"column":48}},"type":"cond-expr","locations":[{"start":{"line":130,"column":21},"end":{"line":130,"column":36}},{"start":{"line":130,"column":39},"end":{"line":130,"column":48}}],"line":130}},"s":{"0":0,"1":0,"2":0,"3":0,"4":0,"5":0,"6":0,"7":0,"8":0,"9":0,"10":0,"11":0,"12":0,"13":0,"14":0,"15":0,"16":0,"17":0,"18":0,"19":0,"20":0,"21":0,"22":0,"23":0,"24":0,"25":0,"26":0,"27":0,"28":0,"29":0},"f":{"0":0,"1":0,"2":0,"3":0,"4":0,"5":0},"b":{"0":[0,0],"1":[0,0],"2":[0,0],"3":[0,0],"4":[0,0]}}
,"C:\\Users\\xiate\\Documents\\CS\\vsa-website\\src\\components\\features\\avatar\\Avatar.tsx": {"path":"C:\\Users\\xiate\\Documents\\CS\\vsa-website\\src\\components\\features\\avatar\\Avatar.tsx","statementMap":{"0":{"start":{"line":13,"column":20},"end":{"line":17,"column":1}},"1":{"start":{"line":20,"column":19},"end":{"line":20,"column":28}},"2":{"start":{"line":21,"column":36},"end":{"line":21,"column":65}},"3":{"start":{"line":22,"column":36},"end":{"line":22,"column":51}},"4":{"start":{"line":23,"column":23},"end":{"line":23,"column":53}},"5":{"start":{"line":25,"column":22},"end":{"line":43,"column":24}},"6":{"start":{"line":26,"column":25},"end":{"line":26,"column":43}},"7":{"start":{"line":27,"column":4},"end":{"line":27,"column":30}},"8":{"start":{"line":27,"column":23},"end":{"line":27,"column":30}},"9":{"start":{"line":29,"column":4},"end":{"line":42,"column":5}},"10":{"start":{"line":30,"column":39},"end":{"line":34,"column":17}},"11":{"start":{"line":36,"column":6},"end":{"line":36,"column":29}},"12":{"start":{"line":36,"column":17},"end":{"line":36,"column":29}},"13":{"start":{"line":37,"column":6},"end":{"line":39,"column":7}},"14":{"start":{"line":38,"column":8},"end":{"line":38,"column":41}},"15":{"start":{"line":41,"column":6},"end":{"line":41,"column":53}},"16":{"start":{"line":45,"column":23},"end":{"line":92,"column":3}},"17":{"start":{"line":46,"column":4},"end":{"line":46,"column":22}},"18":{"start":{"line":46,"column":15},"end":{"line":46,"column":22}},"19":{"start":{"line":48,"column":4},"end":{"line":91,"column":5}},"20":{"start":{"line":49,"column":6},"end":{"line":49,"column":25}},"21":{"start":{"line":50,"column":6},"end":{"line":50,"column":36}},"22":{"start":{"line":52,"column":6},"end":{"line":54,"column":7}},"23":{"start":{"line":53,"column":8},"end":{"line":53,"column":63}},"24":{"start":{"line":56,"column":19},"end":{"line":56,"column":40}},"25":{"start":{"line":57,"column":6},"end":{"line":57,"column":47}},"26":{"start":{"line":58,"column":22},"end":{"line":58,"column":48}},"27":{"start":{"line":59,"column":23},"end":{"line":59,"column":63}},"28":{"start":{"line":62,"column":6},"end":{"line":62,"column":46}},"29":{"start":{"line":63,"column":37},"end":{"line":65,"column":31}},"30":{"start":{"line":67,"column":6},"end":{"line":67,"column":41}},"31":{"start":{"line":67,"column":23},"end":{"line":67,"column":41}},"32":{"start":{"line":68,"column":6},"end":{"line":68,"column":39}},"33":{"start":{"line":71,"column":38},"end":{"line":73,"column":31}},"34":{"start":{"line":76,"column":6},"end":{"line":76,"column":54}},"35":{"start":{"line":77,"column":37},"end":{"line":80,"column":26}},"36":{"start":{"line":82,"column":6},"end":{"line":82,"column":41}},"37":{"start":{"line":82,"column":23},"end":{"line":82,"column":41}},"38":{"start":{"line":83,"column":6},"end":{"line":83,"column":50}},"39":{"start":{"line":85,"column":6},"end":{"line":85,"column":30}},"40":{"start":{"line":87,"column":6},"end":{"line":87,"column":54}},"41":{"start":{"line":88,"column":6},"end":{"line":88,"column":39}},"42":{"start":{"line":90,"column":6},"end":{"line":90,"column":26}},"43":{"start":{"line":95,"column":2},"end":{"line":97,"column":34}},"44":{"start":{"line":96,"column":4},"end":{"line":96,"column":18}},"45":{"start":{"line":99,"column":22},"end":{"line":105,"column":3}},"46":{"start":{"line":100,"column":4},"end":{"line":100,"column":71}},"47":{"start":{"line":101,"column":4},"end":{"line":104,"column":5}},"48":{"start":{"line":102,"column":6},"end":{"line":102,"column":49}},"49":{"start":{"line":103,"column":6},"end":{"line":103,"column":35}},"50":{"start":{"line":107,"column":2},"end":{"line":153,"column":4}}},"fnMap":{"0":{"name":"Avatar","decl":{"start":{"line":19,"column":16},"end":{"line":19,"column":22}},"loc":{"start":{"line":19,"column":103},"end":{"line":154,"column":1}},"line":19},"1":{"name":"(anonymous_1)","decl":{"start":{"line":25,"column":34},"end":{"line":25,"column":35}},"loc":{"start":{"line":25,"column":46},"end":{"line":43,"column":3}},"line":25},"2":{"name":"(anonymous_2)","decl":{"start":{"line":45,"column":23},"end":{"line":45,"column":24}},"loc":{"start":{"line":45,"column":77},"end":{"line":92,"column":3}},"line":45},"3":{"name":"(anonymous_3)","decl":{"start":{"line":95,"column":12},"end":{"line":95,"column":13}},"loc":{"start":{"line":95,"column":18},"end":{"line":97,"column":3}},"line":95},"4":{"name":"(anonymous_4)","decl":{"start":{"line":99,"column":22},"end":{"line":99,"column":23}},"loc":{"start":{"line":99,"column":28},"end":{"line":105,"column":3}},"line":99}},"branchMap":{"0":{"loc":{"start":{"line":19,"column":25},"end":{"line":19,"column":36}},"type":"default-arg","locations":[{"start":{"line":19,"column":32},"end":{"line":19,"column":36}}],"line":19},"1":{"loc":{"start":{"line":19,"column":38},"end":{"line":19,"column":62}},"type":"default-arg","locations":[{"start":{"line":19,"column":57},"end":{"line":19,"column":62}}],"line":19},"2":{"loc":{"start":{"line":19,"column":64},"end":{"line":19,"column":78}},"type":"default-arg","locations":[{"start":{"line":19,"column":76},"end":{"line":19,"column":78}}],"line":19},"3":{"loc":{"start":{"line":26,"column":25},"end":{"line":26,"column":43}},"type":"binary-expr","locations":[{"start":{"line":26,"column":25},"end":{"line":26,"column":31}},{"start":{"line":26,"column":35},"end":{"line":26,"column":43}}],"line":26},"4":{"loc":{"start":{"line":27,"column":4},"end":{"line":27,"column":30}},"type":"if","locations":[{"start":{"line":27,"column":4},"end":{"line":27,"column":30}},{"start":{},"end":{}}],"line":27},"5":{"loc":{"start":{"line":36,"column":6},"end":{"line":36,"column":29}},"type":"if","locations":[{"start":{"line":36,"column":6},"end":{"line":36,"column":29}},{"start":{},"end":{}}],"line":36},"6":{"loc":{"start":{"line":37,"column":6},"end":{"line":39,"column":7}},"type":"if","locations":[{"start":{"line":37,"column":6},"end":{"line":39,"column":7}},{"start":{},"end":{}}],"line":37},"7":{"loc":{"start":{"line":46,"column":4},"end":{"line":46,"column":22}},"type":"if","locations":[{"start":{"line":46,"column":4},"end":{"line":46,"column":22}},{"start":{},"end":{}}],"line":46},"8":{"loc":{"start":{"line":52,"column":6},"end":{"line":54,"column":7}},"type":"if","locations":[{"start":{"line":52,"column":6},"end":{"line":54,"column":7}},{"start":{},"end":{}}],"line":52},"9":{"loc":{"start":{"line":52,"column":10},"end":{"line":52,"column":64}},"type":"binary-expr","locations":[{"start":{"line":52,"column":10},"end":{"line":52,"column":29}},{"start":{"line":52,"column":33},"end":{"line":52,"column":64}}],"line":52},"10":{"loc":{"start":{"line":67,"column":6},"end":{"line":67,"column":41}},"type":"if","locations":[{"start":{"line":67,"column":6},"end":{"line":67,"column":41}},{"start":{},"end":{}}],"line":67},"11":{"loc":{"start":{"line":82,"column":6},"end":{"line":82,"column":41}},"type":"if","locations":[{"start":{"line":82,"column":6},"end":{"line":82,"column":41}},{"start":{},"end":{}}],"line":82},"12":{"loc":{"start":{"line":101,"column":4},"end":{"line":104,"column":5}},"type":"if","locations":[{"start":{"line":101,"column":4},"end":{"line":104,"column":5}},{"start":{},"end":{}}],"line":101},"13":{"loc":{"start":{"line":101,"column":8},"end":{"line":101,"column":48}},"type":"binary-expr","locations":[{"start":{"line":101,"column":8},"end":{"line":101,"column":24}},{"start":{"line":101,"column":28},"end":{"line":101,"column":48}}],"line":101},"14":{"loc":{"start":{"line":110,"column":20},"end":{"line":110,"column":59}},"type":"cond-expr","locations":[{"start":{"line":110,"column":39},"end":{"line":110,"column":54}},{"start":{"line":110,"column":57},"end":{"line":110,"column":59}}],"line":110},"15":{"loc":{"start":{"line":111,"column":18},"end":{"line":111,"column":57}},"type":"cond-expr","locations":[{"start":{"line":111,"column":37},"end":{"line":111,"column":52}},{"start":{"line":111,"column":55},"end":{"line":111,"column":57}}],"line":111},"16":{"loc":{"start":{"line":115,"column":9},"end":{"line":133,"column":9}},"type":"cond-expr","locations":[{"start":{"line":116,"column":10},"end":{"line":120,"column":12}},{"start":{"line":122,"column":10},"end":{"line":132,"column":16}}],"line":115},"17":{"loc":{"start":{"line":136,"column":7},"end":{"line":151,"column":7}},"type":"binary-expr","locations":[{"start":{"line":136,"column":7},"end":{"line":136,"column":23}},{"start":{"line":137,"column":8},"end":{"line":150,"column":11}}],"line":136},"18":{"loc":{"start":{"line":145,"column":11},"end":{"line":149,"column":11}},"type":"binary-expr","locations":[{"start":{"line":145,"column":11},"end":{"line":145,"column":20}},{"start":{"line":146,"column":12},"end":{"line":148,"column":18}}],"line":145}},"s":{"0":1,"1":0,"2":0,"3":0,"4":0,"5":0,"6":0,"7":0,"8":0,"9":0,"10":0,"11":0,"12":0,"13":0,"14":0,"15":0,"16":0,"17":0,"18":0,"19":0,"20":0,"21":0,"22":0,"23":0,"24":0,"25":0,"26":0,"27":0,"28":0,"29":0,"30":0,"31":0,"32":0,"33":0,"34":0,"35":0,"36":0,"37":0,"38":0,"39":0,"40":0,"41":0,"42":0,"43":0,"44":0,"45":0,"46":0,"47":0,"48":0,"49":0,"50":0},"f":{"0":0,"1":0,"2":0,"3":0,"4":0},"b":{"0":[0],"1":[0],"2":[0],"3":[0,0],"4":[0,0],"5":[0,0],"6":[0,0],"7":[0,0],"8":[0,0],"9":[0,0],"10":[0,0],"11":[0,0],"12":[0,0],"13":[0,0],"14":[0,0],"15":[0,0],"16":[0,0],"17":[0,0],"18":[0,0]},"_coverageSchema":"1a1c01bbd47fc00a2c39e90264f33305004495a9","hash":"16a7650da720f8f23f25dfbe479cd83f8cc323ba"}
,"C:\\Users\\xiate\\Documents\\CS\\vsa-website\\src\\components\\features\\dashboard\\MemberDashboard.tsx": {"path":"C:\\Users\\xiate\\Documents\\CS\\vsa-website\\src\\components\\features\\dashboard\\MemberDashboard.tsx","statementMap":{"0":{"start":{"line":8,"column":63},"end":{"line":16,"column":1}},"1":{"start":{"line":29,"column":19},"end":{"line":29,"column":28}},"2":{"start":{"line":30,"column":30},"end":{"line":30,"column":41}},"3":{"start":{"line":31,"column":46},"end":{"line":31,"column":67}},"4":{"start":{"line":32,"column":42},"end":{"line":32,"column":69}},"5":{"start":{"line":33,"column":32},"end":{"line":33,"column":46}},"6":{"start":{"line":35,"column":2},"end":{"line":135,"column":37}},"7":{"start":{"line":36,"column":26},"end":{"line":132,"column":5}},"8":{"start":{"line":37,"column":6},"end":{"line":37,"column":24}},"9":{"start":{"line":37,"column":17},"end":{"line":37,"column":24}},"10":{"start":{"line":39,"column":6},"end":{"line":131,"column":7}},"11":{"start":{"line":41,"column":57},"end":{"line":45,"column":19}},"12":{"start":{"line":47,"column":8},"end":{"line":47,"column":43}},"13":{"start":{"line":47,"column":25},"end":{"line":47,"column":43}},"14":{"start":{"line":48,"column":8},"end":{"line":48,"column":43}},"15":{"start":{"line":51,"column":65},"end":{"line":54,"column":33}},"16":{"start":{"line":56,"column":8},"end":{"line":56,"column":51}},"17":{"start":{"line":56,"column":29},"end":{"line":56,"column":51}},"18":{"start":{"line":58,"column":8},"end":{"line":67,"column":9}},"19":{"start":{"line":59,"column":27},"end":{"line":59,"column":62}},"20":{"start":{"line":59,"column":51},"end":{"line":59,"column":61}},"21":{"start":{"line":60,"column":59},"end":{"line":63,"column":31}},"22":{"start":{"line":65,"column":10},"end":{"line":65,"column":45}},"23":{"start":{"line":65,"column":27},"end":{"line":65,"column":45}},"24":{"start":{"line":66,"column":10},"end":{"line":66,"column":46}},"25":{"start":{"line":70,"column":25},"end":{"line":70,"column":82}},"26":{"start":{"line":70,"column":52},"end":{"line":70,"column":74}},"27":{"start":{"line":71,"column":27},"end":{"line":71,"column":86}},"28":{"start":{"line":71,"column":54},"end":{"line":71,"column":78}},"29":{"start":{"line":72,"column":25},"end":{"line":72,"column":82}},"30":{"start":{"line":72,"column":52},"end":{"line":72,"column":74}},"31":{"start":{"line":73,"column":34},"end":{"line":73,"column":101}},"32":{"start":{"line":73,"column":61},"end":{"line":73,"column":93}},"33":{"start":{"line":75,"column":47},"end":{"line":124,"column":9}},"34":{"start":{"line":126,"column":8},"end":{"line":126,"column":41}},"35":{"start":{"line":128,"column":8},"end":{"line":128,"column":58}},"36":{"start":{"line":130,"column":8},"end":{"line":130,"column":26}},"37":{"start":{"line":134,"column":4},"end":{"line":134,"column":20}},"38":{"start":{"line":137,"column":2},"end":{"line":143,"column":3}},"39":{"start":{"line":138,"column":4},"end":{"line":142,"column":6}},"40":{"start":{"line":145,"column":2},"end":{"line":261,"column":4}},"41":{"start":{"line":170,"column":28},"end":{"line":170,"column":84}},"42":{"start":{"line":170,"column":55},"end":{"line":170,"column":76}},"43":{"start":{"line":171,"column":14},"end":{"line":176,"column":16}},"44":{"start":{"line":191,"column":14},"end":{"line":255,"column":20}}},"fnMap":{"0":{"name":"MemberDashboard","decl":{"start":{"line":28,"column":16},"end":{"line":28,"column":31}},"loc":{"start":{"line":28,"column":34},"end":{"line":262,"column":1}},"line":28},"1":{"name":"(anonymous_1)","decl":{"start":{"line":35,"column":12},"end":{"line":35,"column":13}},"loc":{"start":{"line":35,"column":18},"end":{"line":135,"column":3}},"line":35},"2":{"name":"(anonymous_2)","decl":{"start":{"line":36,"column":26},"end":{"line":36,"column":27}},"loc":{"start":{"line":36,"column":38},"end":{"line":132,"column":5}},"line":36},"3":{"name":"(anonymous_3)","decl":{"start":{"line":59,"column":46},"end":{"line":59,"column":47}},"loc":{"start":{"line":59,"column":51},"end":{"line":59,"column":61}},"line":59},"4":{"name":"(anonymous_4)","decl":{"start":{"line":70,"column":47},"end":{"line":70,"column":48}},"loc":{"start":{"line":70,"column":52},"end":{"line":70,"column":74}},"line":70},"5":{"name":"(anonymous_5)","decl":{"start":{"line":71,"column":49},"end":{"line":71,"column":50}},"loc":{"start":{"line":71,"column":54},"end":{"line":71,"column":78}},"line":71},"6":{"name":"(anonymous_6)","decl":{"start":{"line":72,"column":47},"end":{"line":72,"column":48}},"loc":{"start":{"line":72,"column":52},"end":{"line":72,"column":74}},"line":72},"7":{"name":"(anonymous_7)","decl":{"start":{"line":73,"column":56},"end":{"line":73,"column":57}},"loc":{"start":{"line":73,"column":61},"end":{"line":73,"column":93}},"line":73},"8":{"name":"(anonymous_8)","decl":{"start":{"line":169,"column":51},"end":{"line":169,"column":52}},"loc":{"start":{"line":169,"column":70},"end":{"line":177,"column":13}},"line":169},"9":{"name":"(anonymous_9)","decl":{"start":{"line":170,"column":50},"end":{"line":170,"column":51}},"loc":{"start":{"line":170,"column":55},"end":{"line":170,"column":76}},"line":170},"10":{"name":"(anonymous_10)","decl":{"start":{"line":190,"column":30},"end":{"line":190,"column":31}},"loc":{"start":{"line":191,"column":14},"end":{"line":255,"column":20}},"line":191}},"branchMap":{"0":{"loc":{"start":{"line":37,"column":6},"end":{"line":37,"column":24}},"type":"if","locations":[{"start":{"line":37,"column":6},"end":{"line":37,"column":24}},{"start":{},"end":{}}],"line":37},"1":{"loc":{"start":{"line":47,"column":8},"end":{"line":47,"column":43}},"type":"if","locations":[{"start":{"line":47,"column":8},"end":{"line":47,"column":43}},{"start":{},"end":{}}],"line":47},"2":{"loc":{"start":{"line":48,"column":18},"end":{"line":48,"column":41}},"type":"binary-expr","locations":[{"start":{"line":48,"column":18},"end":{"line":48,"column":36}},{"start":{"line":48,"column":40},"end":{"line":48,"column":41}}],"line":48},"3":{"loc":{"start":{"line":56,"column":8},"end":{"line":56,"column":51}},"type":"if","locations":[{"start":{"line":56,"column":8},"end":{"line":56,"column":51}},{"start":{},"end":{}}],"line":56},"4":{"loc":{"start":{"line":58,"column":8},"end":{"line":67,"column":9}},"type":"if","locations":[{"start":{"line":58,"column":8},"end":{"line":67,"column":9}},{"start":{},"end":{}}],"line":58},"5":{"loc":{"start":{"line":65,"column":10},"end":{"line":65,"column":45}},"type":"if","locations":[{"start":{"line":65,"column":10},"end":{"line":65,"column":45}},{"start":{},"end":{}}],"line":65},"6":{"loc":{"start":{"line":66,"column":28},"end":{"line":66,"column":44}},"type":"binary-expr","locations":[{"start":{"line":66,"column":28},"end":{"line":66,"column":38}},{"start":{"line":66,"column":42},"end":{"line":66,"column":44}}],"line":66},"7":{"loc":{"start":{"line":137,"column":2},"end":{"line":143,"column":3}},"type":"if","locations":[{"start":{"line":137,"column":2},"end":{"line":143,"column":3}},{"start":{},"end":{}}],"line":137},"8":{"loc":{"start":{"line":194,"column":18},"end":{"line":196,"column":54}},"type":"cond-expr","locations":[{"start":{"line":195,"column":22},"end":{"line":195,"column":58}},{"start":{"line":196,"column":22},"end":{"line":196,"column":54}}],"line":194},"9":{"loc":{"start":{"line":201,"column":20},"end":{"line":203,"column":54}},"type":"cond-expr","locations":[{"start":{"line":202,"column":24},"end":{"line":202,"column":58}},{"start":{"line":203,"column":24},"end":{"line":203,"column":54}}],"line":201},"10":{"loc":{"start":{"line":207,"column":24},"end":{"line":209,"column":62}},"type":"cond-expr","locations":[{"start":{"line":208,"column":28},"end":{"line":208,"column":66}},{"start":{"line":209,"column":28},"end":{"line":209,"column":62}}],"line":207},"11":{"loc":{"start":{"line":225,"column":22},"end":{"line":227,"column":60}},"type":"cond-expr","locations":[{"start":{"line":226,"column":26},"end":{"line":226,"column":57}},{"start":{"line":227,"column":26},"end":{"line":227,"column":60}}],"line":225},"12":{"loc":{"start":{"line":232,"column":22},"end":{"line":234,"column":60}},"type":"cond-expr","locations":[{"start":{"line":233,"column":26},"end":{"line":233,"column":60}},{"start":{"line":234,"column":26},"end":{"line":234,"column":60}}],"line":232},"13":{"loc":{"start":{"line":238,"column":21},"end":{"line":252,"column":21}},"type":"binary-expr","locations":[{"start":{"line":238,"column":21},"end":{"line":238,"column":55}},{"start":{"line":239,"column":22},"end":{"line":251,"column":28}}],"line":238},"14":{"loc":{"start":{"line":244,"column":65},"end":{"line":244,"column":87}},"type":"binary-expr","locations":[{"start":{"line":244,"column":65},"end":{"line":244,"column":82}},{"start":{"line":244,"column":86},"end":{"line":244,"column":87}}],"line":244}},"s":{"0":0,"1":0,"2":0,"3":0,"4":0,"5":0,"6":0,"7":0,"8":0,"9":0,"10":0,"11":0,"12":0,"13":0,"14":0,"15":0,"16":0,"17":0,"18":0,"19":0,"20":0,"21":0,"22":0,"23":0,"24":0,"25":0,"26":0,"27":0,"28":0,"29":0,"30":0,"31":0,"32":0,"33":0,"34":0,"35":0,"36":0,"37":0,"38":0,"39":0,"40":0,"41":0,"42":0,"43":0,"44":0},"f":{"0":0,"1":0,"2":0,"3":0,"4":0,"5":0,"6":0,"7":0,"8":0,"9":0,"10":0},"b":{"0":[0,0],"1":[0,0],"2":[0,0],"3":[0,0],"4":[0,0],"5":[0,0],"6":[0,0],"7":[0,0],"8":[0,0],"9":[0,0],"10":[0,0],"11":[0,0],"12":[0,0],"13":[0,0],"14":[0,0]}}
[...]
9,"column":29}},"type":"if","locations":[{"start":{"line":79,"column":6},"end":{"line":79,"column":29}},{"start":{},"end":{}}],"line":79},"5":{"loc":{"start":{"line":107,"column":6},"end":{"line":107,"column":29}},"type":"if","locations":[{"start":{"line":107,"column":6},"end":{"line":107,"column":29}},{"start":{},"end":{}}],"line":107},"6":{"loc":{"start":{"line":108,"column":19},"end":{"line":108,"column":29}},"type":"binary-expr","locations":[{"start":{"line":108,"column":19},"end":{"line":108,"column":23}},{"start":{"line":108,"column":27},"end":{"line":108,"column":29}}],"line":108},"7":{"loc":{"start":{"line":123,"column":6},"end":{"line":135,"column":7}},"type":"if","locations":[{"start":{"line":123,"column":6},"end":{"line":135,"column":7}},{"start":{},"end":{}}],"line":123},"8":{"loc":{"start":{"line":128,"column":12},"end":{"line":132,"column":13}},"type":"if","locations":[{"start":{"line":128,"column":12},"end":{"line":132,"column":13}},{"start":{},"end":{}}],"line":128},"9":{"loc":{"start":{"line":143,"column":6},"end":{"line":143,"column":41}},"type":"if","locations":[{"start":{"line":143,"column":6},"end":{"line":143,"column":41}},{"start":{},"end":{}}],"line":143},"10":{"loc":{"start":{"line":212,"column":13},"end":{"line":212,"column":74}},"type":"binary-expr","locations":[{"start":{"line":212,"column":13},"end":{"line":212,"column":18}},{"start":{"line":212,"column":22},"end":{"line":212,"column":74}}],"line":212},"11":{"loc":{"start":{"line":215,"column":11},"end":{"line":230,"column":11}},"type":"binary-expr","locations":[{"start":{"line":215,"column":11},"end":{"line":215,"column":33}},{"start":{"line":216,"column":12},"end":{"line":229,"column":18}}],"line":215},"12":{"loc":{"start":{"line":237,"column":13},"end":{"line":237,"column":58}},"type":"cond-expr","locations":[{"start":{"line":237,"column":25},"end":{"line":237,"column":39}},{"start":{"line":237,"column":42},"end":{"line":237,"column":58}}],"line":237},"13":{"loc":{"start":{"line":265,"column":19},"end":{"line":287,"column":19}},"type":"cond-expr","locations":[{"start":{"line":266,"column":20},"end":{"line":279,"column":26}},{"start":{"line":281,"column":20},"end":{"line":286,"column":29}}],"line":265},"14":{"loc":{"start":{"line":295,"column":7},"end":{"line":305,"column":7}},"type":"binary-expr","locations":[{"start":{"line":295,"column":7},"end":{"line":295,"column":12}},{"start":{"line":296,"column":8},"end":{"line":304,"column":14}}],"line":295}},"s":{"0":0,"1":0,"2":0,"3":0,"4":0,"5":0,"6":0,"7":0,"8":0,"9":0,"10":0,"11":0,"12":0,"13":0,"14":0,"15":0,"16":0,"17":0,"18":0,"19":0,"20":0,"21":0,"22":0,"23":0,"24":0,"25":0,"26":0,"27":0,"28":0,"29":0,"30":0,"31":0,"32":0,"33":0,"34":0,"35":0,"36":0,"37":0,"38":0,"39":0,"40":0,"41":0,"42":0,"43":0,"44":0,"45":0,"46":0,"47":0,"48":0,"49":0,"50":0,"51":0,"52":0,"53":0,"54":0,"55":0,"56":0,"57":0,"58":0,"59":0,"60":0,"61":0,"62":0,"63":0,"64":0,"65":0,"66":0,"67":0,"68":0,"69":0,"70":0,"71":0,"72":0,"73":0,"74":0},"f":{"0":0,"1":0,"2":0,"3":0,"4":0,"5":0,"6":0,"7":0,"8":0,"9":0,"10":0,"11":0,"12":0,"13":0,"14":0,"15":0,"16":0,"17":0,"18":0,"19":0},"b":{"0":[0,0],"1":[0,0],"2":[0,0],"3":[0,0],"4":[0,0],"5":[0,0],"6":[0,0],"7":[0,0],"8":[0,0],"9":[0,0],"10":[0,0],"11":[0,0],"12":[0,0],"13":[0,0],"14":[0,0]}}
,"C:\\Users\\xiate\\Documents\\CS\\vsa-website\\src\\routes\\AdminRoute.tsx": {"path":"C:\\Users\\xiate\\Documents\\CS\\vsa-website\\src\\routes\\AdminRoute.tsx","statementMap":{"0":{"start":{"line":9,"column":31},"end":{"line":9,"column":41}},"1":{"start":{"line":11,"column":2},"end":{"line":13,"column":3}},"2":{"start":{"line":12,"column":4},"end":{"line":12,"column":16}},"3":{"start":{"line":15,"column":2},"end":{"line":17,"column":3}},"4":{"start":{"line":16,"column":4},"end":{"line":16,"column":39}},"5":{"start":{"line":19,"column":2},"end":{"line":19,"column":49}}},"fnMap":{"0":{"name":"AdminRoute","decl":{"start":{"line":8,"column":16},"end":{"line":8,"column":26}},"loc":{"start":{"line":8,"column":58},"end":{"line":20,"column":1}},"line":8}},"branchMap":{"0":{"loc":{"start":{"line":11,"column":2},"end":{"line":13,"column":3}},"type":"if","locations":[{"start":{"line":11,"column":2},"end":{"line":13,"column":3}},{"start":{},"end":{}}],"line":11},"1":{"loc":{"start":{"line":15,"column":2},"end":{"line":17,"column":3}},"type":"if","locations":[{"start":{"line":15,"column":2},"end":{"line":17,"column":3}},{"start":{},"end":{}}],"line":15},"2":{"loc":{"start":{"line":19,"column":9},"end":{"line":19,"column":48}},"type":"cond-expr","locations":[{"start":{"line":19,"column":20},"end":{"line":19,"column":35}},{"start":{"line":19,"column":38},"end":{"line":19,"column":48}}],"line":19}},"s":{"0":0,"1":0,"2":0,"3":0,"4":0,"5":0},"f":{"0":0},"b":{"0":[0,0],"1":[0,0],"2":[0,0]},"_coverageSchema":"1a1c01bbd47fc00a2c39e90264f33305004495a9","hash":"872b67501f41392312ec36f39145cd740f8366b4"}
,"C:\\Users\\xiate\\Documents\\CS\\vsa-website\\src\\routes\\ProtectedRoute.tsx": {"path":"C:\\Users\\xiate\\Documents\\CS\\vsa-website\\src\\routes\\ProtectedRoute.tsx","statementMap":{"0":{"start":{"line":9,"column":19},"end":{"line":9,"column":28}},"1":{"start":{"line":11,"column":2},"end":{"line":13,"column":3}},"2":{"start":{"line":12,"column":4},"end":{"line":12,"column":45}},"3":{"start":{"line":15,"column":2},"end":{"line":15,"column":49}}},"fnMap":{"0":{"name":"ProtectedRoute","decl":{"start":{"line":8,"column":16},"end":{"line":8,"column":30}},"loc":{"start":{"line":8,"column":66},"end":{"line":16,"column":1}},"line":8}},"branchMap":{"0":{"loc":{"start":{"line":11,"column":2},"end":{"line":13,"column":3}},"type":"if","locations":[{"start":{"line":11,"column":2},"end":{"line":13,"column":3}},{"start":{},"end":{}}],"line":11},"1":{"loc":{"start":{"line":15,"column":9},"end":{"line":15,"column":48}},"type":"cond-expr","locations":[{"start":{"line":15,"column":20},"end":{"line":15,"column":35}},{"start":{"line":15,"column":38},"end":{"line":15,"column":48}}],"line":15}},"s":{"0":0,"1":0,"2":0,"3":0},"f":{"0":0},"b":{"0":[0,0],"1":[0,0]},"_coverageSchema":"1a1c01bbd47fc00a2c39e90264f33305004495a9","hash":"94bf9579f31b54656593fa88079d90bea3d56ab5"}
,"C:\\Users\\xiate\\Documents\\CS\\vsa-website\\src\\routes\\index.tsx": {"path":"C:\\Users\\xiate\\Documents\\CS\\vsa-website\\src\\routes\\index.tsx","statementMap":{"0":{"start":{"line":12,"column":13},"end":{"line":14,"column":1}},"1":{"start":{"line":13,"column":2},"end":{"line":13,"column":70}},"2":{"start":{"line":13,"column":44},"end":{"line":13,"column":68}},"3":{"start":{"line":15,"column":15},"end":{"line":17,"column":1}},"4":{"start":{"line":16,"column":2},"end":{"line":16,"column":74}},"5":{"start":{"line":16,"column":46},"end":{"line":16,"column":72}},"6":{"start":{"line":18,"column":20},"end":{"line":22,"column":1}},"7":{"start":{"line":19,"column":2},"end":{"line":21,"column":5}},"8":{"start":{"line":19,"column":51},"end":{"line":21,"column":3}},"9":{"start":{"line":23,"column":16},"end":{"line":25,"column":1}},"10":{"start":{"line":24,"column":2},"end":{"line":24,"column":76}},"11":{"start":{"line":24,"column":47},"end":{"line":24,"column":74}},"12":{"start":{"line":26,"column":16},"end":{"line":28,"column":1}},"13":{"start":{"line":27,"column":2},"end":{"line":27,"column":76}},"14":{"start":{"line":27,"column":47},"end":{"line":27,"column":74}},"15":{"start":{"line":29,"column":20},"end":{"line":33,"column":1}},"16":{"start":{"line":30,"column":2},"end":{"line":32,"column":5}},"17":{"start":{"line":30,"column":51},"end":{"line":32,"column":3}},"18":{"start":{"line":34,"column":16},"end":{"line":34,"column":54}},"19":{"start":{"line":34,"column":27},"end":{"line":34,"column":53}},"20":{"start":{"line":35,"column":15},"end":{"line":35,"column":52}},"21":{"start":{"line":35,"column":26},"end":{"line":35,"column":51}},"22":{"start":{"line":36,"column":12},"end":{"line":38,"column":1}},"23":{"start":{"line":37,"column":2},"end":{"line":37,"column":68}},"24":{"start":{"line":37,"column":43},"end":{"line":37,"column":66}},"25":{"start":{"line":39,"column":14},"end":{"line":41,"column":1}},"26":{"start":{"line":40,"column":2},"end":{"line":40,"column":72}},"27":{"start":{"line":40,"column":45},"end":{"line":40,"column":70}},"28":{"start":{"line":42,"column":19},"end":{"line":46,"column":1}},"29":{"start":{"line":43,"column":2},"end":{"line":45,"column":5}},"30":{"start":{"line":43,"column":50},"end":{"line":45,"column":3}},"31":{"start":{"line":47,"column":12},"end":{"line":49,"column":1}},"32":{"start":{"line":48,"column":2},"end":{"line":48,"column":68}},"33":{"start":{"line":48,"column":43},"end":{"line":48,"column":66}},"34":{"start":{"line":50,"column":21},"end":{"line":54,"column":1}},"35":{"start":{"line":51,"column":2},"end":{"line":53,"column":5}},"36":{"start":{"line":51,"column":52},"end":{"line":53,"column":3}},"37":{"start":{"line":55,"column":17},"end":{"line":57,"column":1}},"38":{"start":{"line":56,"column":2},"end":{"line":56,"column":82}},"39":{"start":{"line":56,"column":48},"end":{"line":56,"column":80}},"40":{"start":{"line":59,"column":20},"end":{"line":59,"column":63}},"41":{"start":{"line":59,"column":31},"end":{"line":59,"column":62}},"42":{"start":{"line":60,"column":21},"end":{"line":60,"column":65}},"43":{"start":{"line":60,"column":32},"end":{"line":60,"column":64}},"44":{"start":{"line":61,"column":22},"end":{"line":61,"column":67}},"45":{"start":{"line":61,"column":33},"end":{"line":61,"column":66}},"46":{"start":{"line":62,"column":15},"end":{"line":64,"column":1}},"47":{"start":{"line":63,"column":2},"end":{"line":63,"column":74}},"48":{"start":{"line":63,"column":46},"end":{"line":63,"column":72}},"49":{"start":{"line":65,"column":17},"end":{"line":67,"column":1}},"50":{"start":{"line":66,"column":2},"end":{"line":66,"column":78}},"51":{"start":{"line":66,"column":48},"end":{"line":66,"column":76}},"52":{"start":{"line":70,"column":2},"end":{"line":119,"column":4}}},"fnMap":{"0":{"name":"(anonymous_0)","decl":{"start":{"line":12,"column":18},"end":{"line":12,"column":19}},"loc":{"start":{"line":13,"column":2},"end":{"line":13,"column":70}},"line":13},"1":{"name":"(anonymous_1)","decl":{"start":{"line":13,"column":31},"end":{"line":13,"column":32}},"loc":{"start":{"line":13,"column":44},"end":{"line":13,"column":68}},"line":13},"2":{"name":"(anonymous_2)","decl":{"start":{"line":15,"column":20},"end":{"line":15,"column":21}},"loc":{"start":{"line":16,"column":2},"end":{"line":16,"column":74}},"line":16},"3":{"name":"(anonymous_3)","decl":{"start":{"line":16,"column":33},"end":{"line":16,"column":34}},"loc":{"start":{"line":16,"column":46},"end":{"line":16,"column":72}},"line":16},"4":{"name":"(anonymous_4)","decl":{"start":{"line":18,"column":25},"end":{"line":18,"column":26}},"loc":{"start":{"line":19,"column":2},"end":{"line":21,"column":5}},"line":19},"5":{"name":"(anonymous_5)","decl":{"start":{"line":19,"column":38},"end":{"line":19,"column":39}},"loc":{"start":{"line":19,"column":51},"end":{"line":21,"column":3}},"line":19},"6":{"name":"(anonymous_6)","decl":{"start":{"line":23,"column":21},"end":{"line":23,"column":22}},"loc":{"start":{"line":24,"column":2},"end":{"line":24,"column":76}},"line":24},"7":{"name":"(anonymous_7)","decl":{"start":{"line":24,"column":34},"end":{"line":24,"column":35}},"loc":{"start":{"line":24,"column":47},"end":{"line":24,"column":74}},"line":24},"8":{"name":"(anonymous_8)","decl":{"start":{"line":26,"column":21},"end":{"line":26,"column":22}},"loc":{"start":{"line":27,"column":2},"end":{"line":27,"column":76}},"line":27},"9":{"name":"(anonymous_9)","decl":{"start":{"line":27,"column":34},"end":{"line":27,"column":35}},"loc":{"start":{"line":27,"column":47},"end":{"line":27,"column":74}},"line":27},"10":{"name":"(anonymous_10)","decl":{"start":{"line":29,"column":25},"end":{"line":29,"column":26}},"loc":{"start":{"line":30,"column":2},"end":{"line":32,"column":5}},"line":30},"11":{"name":"(anonymous_11)","decl":{"start":{"line":30,"column":38},"end":{"line":30,"column":39}},"loc":{"start":{"line":30,"column":51},"end":{"line":32,"column":3}},"line":30},"12":{"name":"(anonymous_12)","decl":{"start":{"line":34,"column":21},"end":{"line":34,"column":22}},"loc":{"start":{"line":34,"column":27},"end":{"line":34,"column":53}},"line":34},"13":{"name":"(anonymous_13)","decl":{"start":{"line":35,"column":20},"end":{"line":35,"column":21}},"loc":{"start":{"line":35,"column":26},"end":{"line":35,"column":51}},"line":35},"14":{"name":"(anonymous_14)","decl":{"start":{"line":36,"column":17},"end":{"line":36,"column":18}},"loc":{"start":{"line":37,"column":2},"end":{"line":37,"column":68}},"line":37},"15":{"name":"(anonymous_15)","decl":{"start":{"line":37,"column":30},"end":{"line":37,"column":31}},"loc":{"start":{"line":37,"column":43},"end":{"line":37,"column":66}},"line":37},"16":{"name":"(anonymous_16)","decl":{"start":{"line":39,"column":19},"end":{"line":39,"column":20}},"loc":{"start":{"line":40,"column":2},"end":{"line":40,"column":72}},"line":40},"17":{"name":"(anonymous_17)","decl":{"start":{"line":40,"column":32},"end":{"line":40,"column":33}},"loc":{"start":{"line":40,"column":45},"end":{"line":40,"column":70}},"line":40},"18":{"name":"(anonymous_18)","decl":{"start":{"line":42,"column":24},"end":{"line":42,"column":25}},"loc":{"start":{"line":43,"column":2},"end":{"line":45,"column":5}},"line":43},"19":{"name":"(anonymous_19)","decl":{"start":{"line":43,"column":37},"end":{"line":43,"column":38}},"loc":{"start":{"line":43,"column":50},"end":{"line":45,"column":3}},"line":43},"20":{"name":"(anonymous_20)","decl":{"start":{"line":47,"column":17},"end":{"line":47,"column":18}},"loc":{"start":{"line":48,"column":2},"end":{"line":48,"column":68}},"line":48},"21":{"name":"(anonymous_21)","decl":{"start":{"line":48,"column":30},"end":{"line":48,"column":31}},"loc":{"start":{"line":48,"column":43},"end":{"line":48,"column":66}},"line":48},"22":{"name":"(anonymous_22)","decl":{"start":{"line":50,"column":26},"end":{"line":50,"column":27}},"loc":{"start":{"line":51,"column":2},"end":{"line":53,"column":5}},"line":51},"23":{"name":"(anonymous_23)","decl":{"start":{"line":51,"column":39},"end":{"line":51,"column":40}},"loc":{"start":{"line":51,"column":52},"end":{"line":53,"column":3}},"line":51},"24":{"name":"(anonymous_24)","decl":{"start":{"line":55,"column":22},"end":{"line":55,"column":23}},"loc":{"start":{"line":56,"column":2},"end":{"line":56,"column":82}},"line":56},"25":{"name":"(anonymous_25)","decl":{"start":{"line":56,"column":35},"end":{"line":56,"column":36}},"loc":{"start":{"line":56,"column":48},"end":{"line":56,"column":80}},"line":56},"26":{"name":"(anonymous_26)","decl":{"start":{"line":59,"column":25},"end":{"line":59,"column":26}},"loc":{"start":{"line":59,"column":31},"end":{"line":59,"column":62}},"line":59},"27":{"name":"(anonymous_27)","decl":{"start":{"line":60,"column":26},"end":{"line":60,"column":27}},"loc":{"start":{"line":60,"column":32},"end":{"line":60,"column":64}},"line":60},"28":{"name":"(anonymous_28)","decl":{"start":{"line":61,"column":27},"end":{"line":61,"column":28}},"loc":{"start":{"line":61,"column":33},"end":{"line":61,"column":66}},"line":61},"29":{"name":"(anonymous_29)","decl":{"start":{"line":62,"column":20},"end":{"line":62,"column":21}},"loc":{"start":{"line":63,"column":2},"end":{"line":63,"column":74}},"line":63},"30":{"name":"(anonymous_30)","decl":{"start":{"line":63,"column":33},"end":{"line":63,"column":34}},"loc":{"start":{"line":63,"column":46},"end":{"line":63,"column":72}},"line":63},"31":{"name":"(anonymous_31)","decl":{"start":{"line":65,"column":22},"end":{"line":65,"column":23}},"loc":{"start":{"line":66,"column":2},"end":{"line":66,"column":78}},"line":66},"32":{"name":"(anonymous_32)","decl":{"start":{"line":66,"column":35},"end":{"line":66,"column":36}},"loc":{"start":{"line":66,"column":48},"end":{"line":66,"column":76}},"line":66},"33":{"name":"AppRoutes","decl":{"start":{"line":69,"column":24},"end":{"line":69,"column":33}},"loc":{"start":{"line":69,"column":36},"end":{"line":120,"column":1}},"line":69}},"branchMap":{},"s":{"0":1,"1":0,"2":0,"3":1,"4":0,"5":0,"6":1,"7":0,"8":0,"9":1,"10":0,"11":0,"12":1,"13":0,"14":0,"15":1,"16":0,"17":0,"18":1,"19":0,"20":1,"21":0,"22":1,"23":0,"24":0,"25":1,"26":0,"27":0,"28":1,"29":0,"30":0,"31":1,"32":0,"33":0,"34":1,"35":0,"36":0,"37":1,"38":0,"39":0,"40":1,"41":0,"42":1,"43":0,"44":1,"45":0,"46":1,"47":0,"48":0,"49":1,"50":0,"51":0,"52":0},"f":{"0":0,"1":0,"2":0,"3":0,"4":0,"5":0,"6":0,"7":0,"8":0,"9":0,"10":0,"11":0,"12":0,"13":0,"14":0,"15":0,"16":0,"17":0,"18":0,"19":0,"20":0,"21":0,"22":0,"23":0,"24":0,"25":0,"26":0,"27":0,"28":0,"29":0,"30":0,"31":0,"32":0,"33":0},"b":{},"_coverageSchema":"1a1c01bbd47fc00a2c39e90264f33305004495a9","hash":"7177cfebb484ead2ef715f38df5983ce50a845eb"}
,"C:\\Users\\xiate\\Documents\\CS\\vsa-website\\src\\schemas\\index.ts": {"path":"C:\\Users\\xiate\\Documents\\CS\\vsa-website\\src\\schemas\\index.ts","statementMap":{"0":{"start":{"line":4,"column":27},"end":{"line":16,"column":2}},"1":{"start":{"line":18,"column":33},"end":{"line":18,"column":63}},"2":{"start":{"line":19,"column":33},"end":{"line":19,"column":54}},"3":{"start":{"line":22,"column":33},"end":{"line":26,"column":2}},"4":{"start":{"line":29,"column":28},"end":{"line":32,"column":2}},"5":{"start":{"line":34,"column":28},"end":{"line":43,"column":2}},"6":{"start":{"line":40,"column":20},"end":{"line":40,"column":58}},"7":{"start":{"line":46,"column":30},"end":{"line":51,"column":2}},"8":{"start":{"line":54,"column":33},"end":{"line":56,"column":2}},"9":{"start":{"line":60,"column":38},"end":{"line":72,"column":2}}},"fnMap":{"0":{"name":"(anonymous_0)","decl":{"start":{"line":40,"column":10},"end":{"line":40,"column":11}},"loc":{"start":{"line":40,"column":20},"end":{"line":40,"column":58}},"line":40}},"branchMap":{},"s":{"0":1,"1":1,"2":1,"3":1,"4":1,"5":1,"6":0,"7":1,"8":1,"9":1},"f":{"0":0},"b":{},"_coverageSchema":"1a1c01bbd47fc00a2c39e90264f33305004495a9","hash":"bd3327c9b23919986bbacf1f6a696d337d9ee0ae"}
,"C:\\Users\\xiate\\Documents\\CS\\vsa-website\\src\\scripts\\createEventsTable.ts": {"path":"C:\\Users\\xiate\\Documents\\CS\\vsa-website\\src\\scripts\\createEventsTable.ts","statementMap":{"0":{"start":{"line":4,"column":20},"end":{"line":15,"column":4}},"1":{"start":{"line":17,"column":2},"end":{"line":21,"column":3}},"2":{"start":{"line":18,"column":4},"end":{"line":18,"column":57}},"3":{"start":{"line":20,"column":4},"end":{"line":20,"column":54}},"4":{"start":{"line":24,"column":0},"end":{"line":24,"column":20}}},"fnMap":{"0":{"name":"createEventsTable","decl":{"start":{"line":3,"column":15},"end":{"line":3,"column":32}},"loc":{"start":{"line":3,"column":35},"end":{"line":22,"column":1}},"line":3}},"branchMap":{"0":{"loc":{"start":{"line":17,"column":2},"end":{"line":21,"column":3}},"type":"if","locations":[{"start":{"line":17,"column":2},"end":{"line":21,"column":3}},{"start":{"line":19,"column":9},"end":{"line":21,"column":3}}],"line":17}},"s":{"0":0,"1":0,"2":0,"3":0,"4":0},"f":{"0":0},"b":{"0":[0,0]}}
,"C:\\Users\\xiate\\Documents\\CS\\vsa-website\\src\\types\\database.ts": {"path":"C:\\Users\\xiate\\Documents\\CS\\vsa-website\\src\\types\\database.ts","statementMap":{},"fnMap":{},"branchMap":{},"s":{},"f":{},"b":{}}
,"C:\\Users\\xiate\\Documents\\CS\\vsa-website\\src\\types\\index.ts": {"path":"C:\\Users\\xiate\\Documents\\CS\\vsa-website\\src\\types\\index.ts","statementMap":{},"fnMap":{},"branchMap":{},"s":{},"f":{},"b":{}}
,"C:\\Users\\xiate\\Documents\\CS\\vsa-website\\src\\utils\\index.ts": {"path":"C:\\Users\\xiate\\Documents\\CS\\vsa-website\\src\\utils\\index.ts","statementMap":{"0":{"start":{"line":5,"column":2},"end":{"line":5,"column":31}}},"fnMap":{"0":{"name":"cn","decl":{"start":{"line":4,"column":16},"end":{"line":4,"column":18}},"loc":{"start":{"line":4,"column":44},"end":{"line":6,"column":1}},"line":4}},"branchMap":{},"s":{"0":0},"f":{"0":0},"b":{}}
}
