TN:
SF:src\App.tsx
FN:10,App
FNF:1
FNH:1
FNDA:3,App
DA:8,1
DA:11,3
LF:2
LH:2
BRF:0
BRH:0
end_of_record
TN:
SF:src\index.tsx
FNF:0
FNH:0
DA:8,0
DA:12,0
DA:23,0
LF:3
LH:0
BRF:0
BRH:0
end_of_record
TN:
SF:src\reportWebVitals.ts
FN:3,(anonymous_0)
FN:5,(anonymous_1)
FNF:2
FNH:0
FNDA:0,(anonymous_0)
FNDA:0,(anonymous_1)
DA:3,0
DA:4,0
DA:5,0
DA:6,0
DA:7,0
DA:8,0
DA:9,0
DA:10,0
LF:8
LH:0
BRDA:4,0,0,0
BRDA:4,0,1,0
BRDA:4,1,0,0
BRDA:4,1,1,0
BRF:4
BRH:0
end_of_record
TN:
SF:src\components\common\CountdownTimer.tsx
FN:8,CountdownTimer
FN:17,(anonymous_1)
FN:18,(anonymous_2)
FN:54,(anonymous_3)
FNF:4
FNH:0
FNDA:0,CountdownTimer
FNDA:0,(anonymous_1)
FNDA:0,(anonymous_2)
FNDA:0,(anonymous_3)
DA:9,0
DA:17,0
DA:18,0
DA:19,0
DA:21,0
DA:22,0
DA:29,0
DA:30,0
DA:33,0
DA:34,0
DA:35,0
DA:36,0
DA:38,0
DA:48,0
DA:51,0
DA:54,0
DA:57,0
DA:58,0
DA:65,0
LF:19
LH:0
BRDA:21,0,0,0
BRDA:21,0,1,0
BRDA:57,1,0,0
BRDA:57,1,1,0
BRDA:67,2,0,0
BRDA:67,2,1,0
BRF:6
BRH:0
end_of_record
TN:
SF:src\components\common\ErrorBoundary.tsx
FN:21,(anonymous_0)
FN:25,(anonymous_1)
FN:40,(anonymous_2)
FN:44,(anonymous_3)
FNF:4
FNH:3
FNDA:3,(anonymous_0)
FNDA:2,(anonymous_1)
FNDA:0,(anonymous_2)
FNDA:5,(anonymous_3)
DA:17,2
DA:22,3
DA:26,2
DA:29,2
DA:30,0
DA:34,2
DA:36,0
DA:40,2
DA:41,0
DA:45,5
DA:46,3
DA:47,0
DA:50,3
DA:60,2
LF:14
LH:10
BRDA:29,0,0,0
BRDA:29,0,1,2
BRDA:34,1,0,0
BRDA:34,1,1,2
BRDA:45,2,0,3
BRDA:45,2,1,2
BRDA:46,3,0,0
BRDA:46,3,1,3
BRF:8
BRH:5
end_of_record
TN:
SF:src\components\common\LoadingSkeleton.tsx
FN:7,Skeleton
FN:15,EventCardSkeleton
FN:29,ProfileSkeleton
FNF:3
FNH:0
FNDA:0,Skeleton
FNDA:0,EventCardSkeleton
FNDA:0,ProfileSkeleton
DA:8,0
DA:16,0
DA:30,0
LF:3
LH:0
BRDA:7,0,0,0
BRF:1
BRH:0
end_of_record
TN:
SF:src\components\common\LoadingSpinner.tsx
FN:1,LoadingSpinner
FNF:1
FNH:0
FNDA:0,LoadingSpinner
DA:2,0
LF:1
LH:0
BRF:0
BRH:0
end_of_record
TN:
SF:src\components\common\Modal.tsx
FN:13,Modal
FN:37,(anonymous_1)
FNF:2
FNH:0
FNDA:0,Modal
FNDA:0,(anonymous_1)
DA:22,0
DA:24,0
DA:38,0
DA:39,0
LF:4
LH:0
BRDA:19,0,0,0
BRDA:20,1,0,0
BRDA:22,2,0,0
BRDA:22,2,1,0
BRF:4
BRH:0
end_of_record
TN:
SF:src\components\common\OptimizedImage.tsx
FN:11,OptimizedImage
FN:21,(anonymous_1)
FN:24,(anonymous_2)
FN:25,(anonymous_3)
FNF:4
FNH:0
FNDA:0,OptimizedImage
FNDA:0,(anonymous_1)
FNDA:0,(anonymous_2)
FNDA:0,(anonymous_3)
DA:18,0
DA:19,0
DA:21,0
DA:22,0
DA:23,0
DA:24,0
DA:25,0
DA:28,0
DA:29,0
DA:36,0
LF:10
LH:0
BRDA:14,0,0,0
BRDA:15,1,0,0
BRDA:16,2,0,0
BRDA:28,3,0,0
BRDA:28,3,1,0
BRDA:38,4,0,0
BRDA:38,4,1,0
BRDA:46,5,0,0
BRDA:46,5,1,0
BRF:9
BRH:0
end_of_record
TN:
SF:src\components\common\PageError.tsx
FN:12,PageError
FN:19,(anonymous_1)
FN:87,(anonymous_2)
FNF:3
FNH:1
FNDA:3,PageError
FNDA:0,(anonymous_1)
FNDA:0,(anonymous_2)
DA:19,3
DA:20,0
DA:21,0
DA:23,0
DA:27,3
DA:87,0
LF:6
LH:2
BRDA:15,0,0,0
BRDA:16,1,0,0
BRDA:17,2,0,3
BRDA:20,3,0,0
BRDA:20,3,1,0
BRDA:60,4,0,3
BRDA:60,4,1,0
BRDA:60,4,2,0
BRDA:66,5,0,0
BRDA:66,5,1,0
BRDA:73,6,0,3
BRDA:73,6,1,3
BRF:12
BRH:4
end_of_record
TN:
SF:src\components\common\PageLoader.tsx
FN:9,PageLoader
FNF:1
FNH:0
FNDA:0,PageLoader
DA:13,0
LF:1
LH:0
BRDA:10,0,0,0
BRDA:11,1,0,0
BRDA:21,2,0,0
BRDA:21,2,1,0
BRF:4
BRH:0
end_of_record
TN:
SF:src\components\common\PageTitle.tsx
FN:7,PageTitle
FN:8,(anonymous_1)
FN:10,(anonymous_2)
FNF:3
FNH:0
FNDA:0,PageTitle
FNDA:0,(anonymous_1)
FNDA:0,(anonymous_2)
DA:8,0
DA:9,0
DA:10,0
DA:11,0
DA:15,0
LF:5
LH:0
BRF:0
BRH:0
end_of_record
TN:
SF:src\components\common\RevealOnScrollWrapper.tsx
FN:8,(anonymous_0)
FNF:1
FNH:0
FNDA:0,(anonymous_0)
DA:8,0
DA:9,0
LF:2
LH:0
BRF:0
BRH:0
end_of_record
TN:
SF:src\components\common\Skeleton.tsx
FN:10,Skeleton
FN:31,(anonymous_1)
FN:46,EventCardSkeleton
FN:60,ProfileSkeleton
FN:75,TableSkeleton
FN:82,(anonymous_5)
FNF:6
FNH:0
FNDA:0,Skeleton
FNDA:0,(anonymous_1)
FNDA:0,EventCardSkeleton
FNDA:0,ProfileSkeleton
FNDA:0,TableSkeleton
FNDA:0,(anonymous_5)
DA:15,0
DA:20,0
DA:21,0
DA:29,0
DA:32,0
DA:47,0
DA:61,0
DA:76,0
DA:83,0
LF:9
LH:0
BRDA:11,0,0,0
BRDA:12,1,0,0
BRDA:13,2,0,0
BRDA:15,3,0,0
BRDA:15,3,1,0
BRDA:20,4,0,0
BRDA:20,4,1,0
BRDA:36,5,0,0
BRDA:36,5,1,0
BRDA:75,6,0,0
BRF:10
BRH:0
end_of_record
TN:
SF:src\components\features\admin\AdminLayout.tsx
FN:5,(anonymous_0)
FN:17,(anonymous_1)
FN:26,(anonymous_2)
FNF:3
FNH:0
FNDA:0,(anonymous_0)
FNDA:0,(anonymous_1)
FNDA:0,(anonymous_2)
DA:5,1
DA:6,0
DA:7,0
DA:9,0
DA:14,0
DA:18,0
DA:26,0
LF:7
LH:1
BRDA:22,0,0,0
BRDA:22,0,1,0
BRDA:32,1,0,0
BRDA:32,1,1,0
BRDA:33,2,0,0
BRDA:33,2,1,0
BRF:6
BRH:0
end_of_record
TN:
SF:src\components\features\admin\AdminNav.tsx
FN:3,AdminNav
FN:6,(anonymous_1)
FNF:2
FNH:0
FNDA:0,AdminNav
FNDA:0,(anonymous_1)
DA:4,0
DA:6,0
DA:7,0
DA:10,0
LF:4
LH:0
BRDA:16,0,0,0
BRDA:16,0,1,0
BRDA:26,1,0,0
BRDA:26,1,1,0
BRDA:36,2,0,0
BRDA:36,2,1,0
BRF:6
BRH:0
end_of_record
TN:
SF:src\components\features\admin\FeedbackTab.tsx
FN:36,(anonymous_0)
FN:42,(anonymous_1)
FN:46,(anonymous_2)
FN:62,(anonymous_3)
FN:77,(anonymous_4)
FN:100,(anonymous_5)
FN:116,(anonymous_6)
FN:137,(anonymous_7)
FN:180,(anonymous_8)
FN:188,(anonymous_9)
FN:196,(anonymous_10)
FN:204,(anonymous_11)
FNF:12
FNH:0
FNDA:0,(anonymous_0)
FNDA:0,(anonymous_1)
FNDA:0,(anonymous_2)
FNDA:0,(anonymous_3)
FNDA:0,(anonymous_4)
FNDA:0,(anonymous_5)
FNDA:0,(anonymous_6)
FNDA:0,(anonymous_7)
FNDA:0,(anonymous_8)
FNDA:0,(anonymous_9)
FNDA:0,(anonymous_10)
FNDA:0,(anonymous_11)
DA:16,1
DA:23,1
DA:30,1
DA:36,1
DA:37,0
DA:38,0
DA:39,0
DA:40,0
DA:42,0
DA:43,0
DA:46,0
DA:47,0
DA:48,0
DA:52,0
DA:53,0
DA:55,0
DA:56,0
DA:58,0
DA:62,0
DA:63,0
DA:64,0
DA:68,0
DA:69,0
DA:70,0
DA:72,0
DA:73,0
DA:77,0
DA:78,0
DA:79,0
DA:80,0
DA:83,0
DA:84,0
DA:91,0
DA:100,0
DA:116,0
DA:138,0
DA:180,0
DA:188,0
DA:196,0
DA:204,0
LF:40
LH:4
BRDA:52,0,0,0
BRDA:52,0,1,0
BRDA:53,1,0,0
BRDA:53,1,1,0
BRDA:68,2,0,0
BRDA:68,2,1,0
BRDA:78,3,0,0
BRDA:78,3,1,0
BRDA:79,4,0,0
BRDA:79,4,1,0
BRDA:80,5,0,0
BRDA:80,5,1,0
BRDA:83,6,0,0
BRDA:83,6,1,0
BRDA:129,7,0,0
BRDA:129,7,1,0
BRDA:132,8,0,0
BRDA:132,8,1,0
BRDA:144,9,0,0
BRDA:144,9,1,0
BRDA:145,10,0,0
BRDA:145,10,1,0
BRDA:146,11,0,0
BRDA:146,11,1,0
BRDA:152,12,0,0
BRDA:152,12,1,0
BRDA:153,13,0,0
BRDA:153,13,1,0
BRDA:154,14,0,0
BRDA:154,14,1,0
BRDA:159,15,0,0
BRDA:159,15,1,0
BRDA:161,16,0,0
BRDA:161,16,1,0
BRDA:162,17,0,0
BRDA:162,17,1,0
BRDA:178,18,0,0
BRDA:178,18,1,0
BRDA:186,19,0,0
BRDA:186,19,1,0
BRDA:194,20,0,0
BRDA:194,20,1,0
BRDA:202,21,0,0
BRDA:202,21,1,0
BRF:44
BRH:0
end_of_record
TN:
SF:src\components\features\admin\GenerateCheckInCode.tsx
FN:13,GenerateCheckInCode
FN:19,(anonymous_1)
FN:77,(anonymous_2)
FN:80,(anonymous_3)
FNF:4
FNH:0
FNDA:0,GenerateCheckInCode
FNDA:0,(anonymous_1)
FNDA:0,(anonymous_2)
FNDA:0,(anonymous_3)
DA:6,0
DA:14,0
DA:15,0
DA:16,0
DA:17,0
DA:19,0
DA:20,0
DA:21,0
DA:22,0
DA:23,0
DA:26,0
DA:27,0
DA:28,0
DA:31,0
DA:34,0
DA:37,0
DA:40,0
DA:41,0
DA:44,0
DA:54,0
DA:56,0
DA:58,0
DA:59,0
DA:61,0
DA:65,0
DA:77,0
DA:81,0
LF:27
LH:0
BRDA:27,0,0,0
BRDA:27,0,1,0
BRDA:28,1,0,0
BRDA:28,1,1,0
BRDA:37,2,0,0
BRDA:37,2,1,0
BRDA:54,3,0,0
BRDA:54,3,1,0
BRDA:93,4,0,0
BRDA:93,4,1,0
BRDA:96,5,0,0
BRDA:96,5,1,0
BRDA:100,6,0,0
BRDA:100,6,1,0
BRF:14
BRH:0
end_of_record
TN:
SF:src\components\features\admin\ManualCheckIn.tsx
FN:10,ManualCheckIn
FN:20,(anonymous_1)
FN:47,(anonymous_2)
FN:83,(anonymous_3)
FN:100,(anonymous_4)
FN:103,(anonymous_5)
FN:128,(anonymous_6)
FNF:7
FNH:0
FNDA:0,ManualCheckIn
FNDA:0,(anonymous_1)
FNDA:0,(anonymous_2)
FNDA:0,(anonymous_3)
FNDA:0,(anonymous_4)
FNDA:0,(anonymous_5)
FNDA:0,(anonymous_6)
DA:11,0
DA:12,0
DA:13,0
DA:14,0
DA:15,0
DA:16,0
DA:17,0
DA:18,0
DA:20,0
DA:21,0
DA:22,0
DA:23,0
DA:24,0
DA:26,0
DA:37,0
DA:38,0
DA:40,0
DA:41,0
DA:43,0
DA:47,0
DA:48,0
DA:50,0
DA:51,0
DA:52,0
DA:53,0
DA:55,0
DA:56,0
DA:57,0
DA:58,0
DA:59,0
DA:60,0
DA:63,0
DA:64,0
DA:66,0
DA:70,0
DA:83,0
DA:101,0
DA:103,0
DA:128,0
LF:39
LH:0
BRDA:37,0,0,0
BRDA:37,0,1,0
BRDA:38,1,0,0
BRDA:38,1,1,0
BRDA:48,2,0,0
BRDA:48,2,1,0
BRDA:56,3,0,0
BRDA:56,3,1,0
BRDA:64,4,0,0
BRDA:64,4,1,0
BRDA:90,5,0,0
BRDA:90,5,1,0
BRDA:98,6,0,0
BRDA:98,6,1,0
BRDA:105,7,0,0
BRDA:105,7,1,0
BRDA:119,8,0,0
BRDA:119,8,1,0
BRDA:136,9,0,0
BRDA:136,9,1,0
BRDA:144,10,0,0
BRDA:144,10,1,0
BRDA:150,11,0,0
BRDA:150,11,1,0
BRF:24
BRH:0
end_of_record
TN:
SF:src\components\features\auth\SignInForm.tsx
FN:6,SignInForm
FN:17,(anonymous_1)
FNF:2
FNH:0
FNDA:0,SignInForm
FNDA:0,(anonymous_1)
DA:7,0
DA:13,0
DA:17,0
DA:18,0
DA:19,0
DA:22,0
DA:23,0
DA:30,0
LF:8
LH:0
BRDA:22,0,0,0
BRDA:22,0,1,0
BRDA:46,1,0,0
BRDA:46,1,1,0
BRDA:62,2,0,0
BRDA:62,2,1,0
BRDA:67,3,0,0
BRDA:67,3,1,0
BRDA:78,4,0,0
BRDA:78,4,1,0
BRF:10
BRH:0
end_of_record
TN:
SF:src\components\features\auth\SignUpForm.tsx
FN:4,SignUpForm
FN:12,(anonymous_1)
FN:71,(anonymous_2)
FN:85,(anonymous_3)
FN:99,(anonymous_4)
FN:113,(anonymous_5)
FNF:6
FNH:0
FNDA:0,SignUpForm
FNDA:0,(anonymous_1)
FNDA:0,(anonymous_2)
FNDA:0,(anonymous_3)
FNDA:0,(anonymous_4)
FNDA:0,(anonymous_5)
DA:5,0
DA:6,0
DA:7,0
DA:8,0
DA:9,0
DA:10,0
DA:12,0
DA:13,0
DA:14,0
DA:15,0
DA:17,0
DA:18,0
DA:21,0
DA:33,0
DA:35,0
DA:36,0
DA:37,0
DA:40,0
DA:41,0
DA:42,0
DA:45,0
DA:48,0
DA:51,0
DA:52,0
DA:54,0
DA:58,0
DA:71,0
DA:85,0
DA:99,0
DA:113,0
LF:30
LH:0
BRDA:35,0,0,0
BRDA:35,0,1,0
BRDA:40,1,0,0
BRDA:40,1,1,0
BRDA:52,2,0,0
BRDA:52,2,1,0
BRDA:119,3,0,0
BRDA:119,3,1,0
BRDA:130,4,0,0
BRDA:130,4,1,0
BRF:10
BRH:0
end_of_record
TN:
SF:src\components\features\avatar\Avatar.tsx
FN:19,Avatar
FN:25,(anonymous_1)
FN:45,(anonymous_2)
FN:95,(anonymous_3)
FN:99,(anonymous_4)
FNF:5
FNH:0
FNDA:0,Avatar
FNDA:0,(anonymous_1)
FNDA:0,(anonymous_2)
FNDA:0,(anonymous_3)
FNDA:0,(anonymous_4)
DA:13,1
DA:20,0
DA:21,0
DA:22,0
DA:23,0
DA:25,0
DA:26,0
DA:27,0
DA:29,0
DA:30,0
DA:36,0
DA:37,0
DA:38,0
DA:41,0
DA:45,0
DA:46,0
DA:48,0
DA:49,0
DA:50,0
DA:52,0
DA:53,0
DA:56,0
DA:57,0
DA:58,0
DA:59,0
DA:62,0
DA:63,0
DA:67,0
DA:68,0
DA:71,0
DA:76,0
DA:77,0
DA:82,0
DA:83,0
DA:85,0
DA:87,0
DA:88,0
DA:90,0
DA:95,0
DA:96,0
DA:99,0
DA:100,0
DA:101,0
DA:102,0
DA:103,0
DA:107,0
LF:46
LH:1
BRDA:19,0,0,0
BRDA:19,1,0,0
BRDA:19,2,0,0
BRDA:26,3,0,0
BRDA:26,3,1,0
BRDA:27,4,0,0
BRDA:27,4,1,0
BRDA:36,5,0,0
BRDA:36,5,1,0
BRDA:37,6,0,0
BRDA:37,6,1,0
BRDA:46,7,0,0
BRDA:46,7,1,0
BRDA:52,8,0,0
BRDA:52,8,1,0
BRDA:52,9,0,0
BRDA:52,9,1,0
BRDA:67,10,0,0
BRDA:67,10,1,0
BRDA:82,11,0,0
BRDA:82,11,1,0
BRDA:101,12,0,0
BRDA:101,12,1,0
BRDA:101,13,0,0
BRDA:101,13,1,0
BRDA:110,14,0,0
BRDA:110,14,1,0
BRDA:111,15,0,0
BRDA:111,15,1,0
BRDA:115,16,0,0
BRDA:115,16,1,0
BRDA:136,17,0,0
BRDA:136,17,1,0
BRDA:145,18,0,0
BRDA:145,18,1,0
BRF:35
BRH:0
end_of_record
TN:
SF:src\components\features\dashboard\MemberDashboard.tsx
FN:28,MemberDashboard
FN:35,(anonymous_1)
FN:36,(anonymous_2)
FN:59,(anonymous_3)
FN:70,(anonymous_4)
FN:71,(anonymous_5)
FN:72,(anonymous_6)
FN:73,(anonymous_7)
FN:169,(anonymous_8)
FN:170,(anonymous_9)
FN:190,(anonymous_10)
FNF:11
FNH:0
FNDA:0,MemberDashboard
FNDA:0,(anonymous_1)
FNDA:0,(anonymous_2)
FNDA:0,(anonymous_3)
FNDA:0,(anonymous_4)
FNDA:0,(anonymous_5)
FNDA:0,(anonymous_6)
FNDA:0,(anonymous_7)
FNDA:0,(anonymous_8)
FNDA:0,(anonymous_9)
FNDA:0,(anonymous_10)
DA:8,0
DA:29,0
DA:30,0
DA:31,0
DA:32,0
DA:33,0
DA:35,0
DA:36,0
DA:37,0
DA:39,0
DA:41,0
DA:47,0
DA:48,0
DA:51,0
DA:56,0
DA:58,0
DA:59,0
DA:60,0
DA:65,0
DA:66,0
DA:70,0
DA:71,0
DA:72,0
DA:73,0
DA:75,0
DA:126,0
DA:128,0
DA:130,0
DA:134,0
DA:137,0
DA:138,0
DA:145,0
DA:170,0
DA:171,0
DA:191,0
LF:35
LH:0
BRDA:37,0,0,0
BRDA:37,0,1,0
BRDA:47,1,0,0
BRDA:47,1,1,0
BRDA:48,2,0,0
BRDA:48,2,1,0
BRDA:56,3,0,0
BRDA:56,3,1,0
BRDA:58,4,0,0
BRDA:58,4,1,0
BRDA:65,5,0,0
BRDA:65,5,1,0
BRDA:66,6,0,0
BRDA:66,6,1,0
BRDA:137,7,0,0
BRDA:137,7,1,0
BRDA:194,8,0,0
BRDA:194,8,1,0
BRDA:201,9,0,0
BRDA:201,9,1,0
BRDA:207,10,0,0
BRDA:207,10,1,0
BRDA:225,11,0,0
BRDA:225,11,1,0
BRDA:232,12,0,0
BRDA:232,12,1,0
BRDA:238,13,0,0
BRDA:238,13,1,0
BRDA:244,14,0,0
BRDA:244,14,1,0
BRF:30
BRH:0
end_of_record
TN:
SF:src\components\features\events\EventCard.tsx
FN:12,EventCard
FN:16,(anonymous_1)
FN:24,(anonymous_2)
FN:67,(anonymous_3)
FN:82,(anonymous_4)
FN:94,(anonymous_5)
FNF:6
FNH:0
FNDA:0,EventCard
FNDA:0,(anonymous_1)
FNDA:0,(anonymous_2)
FNDA:0,(anonymous_3)
FNDA:0,(anonymous_4)
FNDA:0,(anonymous_5)
DA:13,0
DA:16,0
DA:17,0
DA:19,0
DA:21,0
DA:24,0
DA:25,0
DA:29,0
DA:30,0
DA:31,0
DA:32,0
DA:33,0
DA:34,0
DA:37,0
DA:40,0
DA:41,0
DA:42,0
DA:43,0
DA:44,0
DA:45,0
DA:46,0
DA:50,0
DA:67,0
DA:84,0
DA:94,0
LF:25
LH:0
BRDA:17,0,0,0
BRDA:17,0,1,0
BRDA:34,1,0,0
BRDA:34,1,1,0
BRDA:42,2,0,0
BRDA:42,2,1,0
BRDA:44,3,0,0
BRDA:44,3,1,0
BRDA:53,4,0,0
BRDA:53,4,1,0
BRDA:62,5,0,0
BRDA:62,5,1,0
BRDA:77,6,0,0
BRDA:77,6,1,0
BRDA:77,6,2,0
BRF:15
BRH:0
end_of_record
TN:
SF:src\components\features\events\Events.tsx
FN:1,Events
FNF:1
FNH:0
FNDA:0,Events
DA:2,0
LF:1
LH:0
BRF:0
BRH:0
end_of_record
TN:
SF:src\components\features\events\components\CheckInButton.tsx
FN:10,CheckInButton
FN:16,(anonymous_1)
FNF:2
FNH:0
FNDA:0,CheckInButton
FNDA:0,(anonymous_1)
DA:11,0
DA:12,0
DA:13,0
DA:14,0
DA:16,0
DA:17,0
DA:18,0
DA:19,0
DA:22,0
DA:23,0
DA:24,0
DA:26,0
DA:33,0
DA:35,0
DA:36,0
DA:38,0
DA:40,0
DA:44,0
DA:45,0
DA:55,0
DA:56,0
DA:66,0
LF:22
LH:0
BRDA:17,0,0,0
BRDA:17,0,1,0
BRDA:33,1,0,0
BRDA:33,1,1,0
BRDA:38,2,0,0
BRDA:38,2,1,0
BRDA:44,3,0,0
BRDA:44,3,1,0
BRDA:55,4,0,0
BRDA:55,4,1,0
BRDA:73,5,0,0
BRDA:73,5,1,0
BRDA:75,6,0,0
BRDA:75,6,1,0
BRF:14
BRH:0
end_of_record
TN:
SF:src\components\features\events\components\EventCard.tsx
FN:12,EventCard
FNF:1
FNH:0
FNDA:0,EventCard
DA:13,0
DA:14,0
DA:15,0
DA:16,0
DA:17,0
DA:21,0
LF:6
LH:0
BRDA:14,0,0,0
BRDA:14,0,1,0
BRDA:16,1,0,0
BRDA:16,1,1,0
BRDA:24,2,0,0
BRDA:24,2,1,0
BRDA:32,3,0,0
BRDA:32,3,1,0
BRF:8
BRH:0
end_of_record
TN:
SF:src\components\features\feedback\FeedbackForm.tsx
FN:14,(anonymous_0)
FN:31,(anonymous_1)
FNF:2
FNH:0
FNDA:0,(anonymous_0)
FNDA:0,(anonymous_1)
DA:14,1
DA:15,0
DA:23,0
DA:31,0
DA:32,0
DA:33,0
DA:34,0
DA:37,0
DA:38,0
DA:50,0
DA:52,0
DA:53,0
DA:54,0
DA:56,0
DA:57,0
DA:58,0
DA:65,0
LF:17
LH:1
BRDA:32,0,0,0
BRDA:32,0,1,0
BRDA:50,1,0,0
BRDA:50,1,1,0
BRDA:57,2,0,0
BRDA:57,2,1,0
BRDA:83,3,0,0
BRDA:83,3,1,0
BRDA:98,4,0,0
BRDA:98,4,1,0
BRDA:114,5,0,0
BRDA:114,5,1,0
BRDA:119,6,0,0
BRDA:119,6,1,0
BRDA:126,7,0,0
BRDA:126,7,1,0
BRDA:140,8,0,0
BRDA:140,8,1,0
BRF:18
BRH:0
end_of_record
TN:
SF:src\components\features\points\CheckInCodeInput.tsx
FN:10,CheckInCodeInput
FN:18,(anonymous_1)
FN:84,(anonymous_2)
FNF:3
FNH:0
FNDA:0,CheckInCodeInput
FNDA:0,(anonymous_1)
FNDA:0,(anonymous_2)
DA:11,0
DA:12,0
DA:13,0
DA:14,0
DA:15,0
DA:16,0
DA:18,0
DA:19,0
DA:20,0
DA:22,0
DA:23,0
DA:24,0
DA:25,0
DA:28,0
DA:34,0
DA:35,0
DA:36,0
DA:37,0
DA:41,0
DA:42,0
DA:43,0
DA:47,0
DA:48,0
DA:49,0
DA:50,0
DA:51,0
DA:52,0
DA:56,0
DA:57,0
DA:58,0
DA:59,0
DA:61,0
DA:62,0
DA:65,0
DA:66,0
DA:68,0
DA:72,0
DA:84,0
LF:38
LH:0
BRDA:20,0,0,0
BRDA:20,0,1,0
BRDA:34,1,0,0
BRDA:34,1,1,0
BRDA:35,2,0,0
BRDA:35,2,1,0
BRDA:41,3,0,0
BRDA:41,3,1,0
BRDA:50,4,0,0
BRDA:50,4,1,0
BRDA:57,5,0,0
BRDA:57,5,1,0
BRDA:66,6,0,0
BRDA:66,6,1,0
BRDA:93,7,0,0
BRDA:93,7,1,0
BRDA:96,8,0,0
BRDA:96,8,1,0
BRDA:99,9,0,0
BRDA:99,9,1,0
BRDA:105,10,0,0
BRDA:105,10,1,0
BRF:22
BRH:0
end_of_record
TN:
SF:src\components\features\profile\Profile.tsx
FN:3,Profile
FNF:1
FNH:0
FNDA:0,Profile
DA:4,0
DA:6,0
DA:7,0
DA:10,0
LF:4
LH:0
BRDA:6,0,0,0
BRDA:6,0,1,0
BRF:2
BRH:0
end_of_record
TN:
SF:src\components\layout\BackToTop.tsx
FN:4,BackToTop
FN:7,(anonymous_1)
FN:8,(anonymous_2)
FN:17,(anonymous_3)
FN:20,(anonymous_4)
FNF:5
FNH:0
FNDA:0,BackToTop
FNDA:0,(anonymous_1)
FNDA:0,(anonymous_2)
FNDA:0,(anonymous_3)
FNDA:0,(anonymous_4)
DA:5,0
DA:7,0
DA:8,0
DA:9,0
DA:10,0
DA:12,0
DA:16,0
DA:17,0
DA:20,0
DA:21,0
DA:27,0
LF:11
LH:0
BRDA:9,0,0,0
BRDA:9,0,1,0
BRDA:29,1,0,0
BRDA:29,1,1,0
BRF:4
BRH:0
end_of_record
TN:
SF:src\components\layout\Footer.tsx
FN:6,(anonymous_0)
FNF:1
FNH:0
FNDA:0,(anonymous_0)
DA:6,1
DA:7,0
DA:8,0
DA:9,0
DA:10,0
DA:12,0
LF:6
LH:1
BRF:0
BRH:0
end_of_record
TN:
SF:src\components\layout\Header.tsx
FN:8,Header
FN:15,(anonymous_1)
FN:16,(anonymous_2)
FN:25,(anonymous_3)
FN:30,(anonymous_4)
FN:31,(anonymous_5)
FN:76,(anonymous_6)
FN:141,(anonymous_7)
FN:146,(anonymous_8)
FN:159,(anonymous_9)
FNF:10
FNH:0
FNDA:0,Header
FNDA:0,(anonymous_1)
FNDA:0,(anonymous_2)
FNDA:0,(anonymous_3)
FNDA:0,(anonymous_4)
FNDA:0,(anonymous_5)
FNDA:0,(anonymous_6)
FNDA:0,(anonymous_7)
FNDA:0,(anonymous_8)
FNDA:0,(anonymous_9)
DA:9,0
DA:10,0
DA:11,0
DA:12,0
DA:13,0
DA:15,0
DA:16,0
DA:17,0
DA:18,0
DA:20,0
DA:24,0
DA:25,0
DA:26,0
DA:30,0
DA:31,0
DA:32,0
DA:33,0
DA:34,0
DA:37,0
DA:38,0
DA:44,0
DA:45,0
DA:46,0
DA:49,0
DA:50,0
DA:51,0
DA:54,0
DA:58,0
DA:61,0
DA:76,0
DA:141,0
DA:147,0
DA:148,0
DA:159,0
LF:34
LH:0
BRDA:17,0,0,0
BRDA:17,0,1,0
BRDA:32,1,0,0
BRDA:32,1,1,0
BRDA:44,2,0,0
BRDA:44,2,1,0
BRDA:49,3,0,0
BRDA:49,3,1,0
BRDA:50,4,0,0
BRDA:50,4,1,0
BRDA:50,5,0,0
BRDA:50,5,1,0
BRDA:51,6,0,0
BRDA:51,6,1,0
BRDA:63,7,0,0
BRDA:63,7,1,0
BRDA:80,8,0,0
BRDA:80,8,1,0
BRDA:91,9,0,0
BRDA:91,9,1,0
BRDA:93,10,0,0
BRDA:93,10,1,0
BRDA:100,11,0,0
BRDA:100,11,1,0
BRDA:126,12,0,0
BRDA:126,12,1,0
BRDA:129,13,0,0
BRDA:129,13,1,0
BRDA:134,14,0,0
BRDA:134,14,1,0
BRDA:135,15,0,0
BRDA:135,15,1,0
BRF:32
BRH:0
end_of_record
TN:
SF:src\components\layout\Layout.tsx
FN:9,Layout
FN:34,(anonymous_1)
FNF:2
FNH:0
FNDA:0,Layout
FNDA:0,(anonymous_1)
DA:10,0
DA:11,0
DA:13,0
DA:35,0
LF:4
LH:0
BRDA:54,0,0,0
BRDA:54,0,1,0
BRDA:56,1,0,0
BRDA:56,1,1,0
BRF:4
BRH:0
end_of_record
TN:
SF:src\components\layout\Navigation.tsx
FN:3,Navigation
FNF:1
FNH:0
FNDA:0,Navigation
DA:4,0
LF:1
LH:0
BRF:0
BRH:0
end_of_record
TN:
SF:src\components\layout\navigation\MobileDrawer.tsx
FN:13,MobileDrawer
FNF:1
FNH:0
FNDA:0,MobileDrawer
DA:13,1
DA:14,0
DA:16,0
LF:3
LH:1
BRDA:13,0,0,0
BRDA:18,1,0,0
BRDA:18,1,1,0
BRDA:26,2,0,0
BRDA:26,2,1,0
BRDA:31,3,0,0
BRDA:31,3,1,0
BRF:7
BRH:0
end_of_record
TN:
SF:src\components\layout\navigation\NavLinks.tsx
FN:21,NavLinks
FN:27,(anonymous_1)
FN:54,(anonymous_2)
FN:62,(anonymous_3)
FN:68,(anonymous_4)
FN:82,(anonymous_5)
FN:100,(anonymous_6)
FN:104,(anonymous_7)
FN:123,(anonymous_8)
FN:155,(anonymous_9)
FN:159,(anonymous_10)
FN:178,(anonymous_11)
FNF:12
FNH:0
FNDA:0,NavLinks
FNDA:0,(anonymous_1)
FNDA:0,(anonymous_2)
FNDA:0,(anonymous_3)
FNDA:0,(anonymous_4)
FNDA:0,(anonymous_5)
FNDA:0,(anonymous_6)
FNDA:0,(anonymous_7)
FNDA:0,(anonymous_8)
FNDA:0,(anonymous_9)
FNDA:0,(anonymous_10)
FNDA:0,(anonymous_11)
DA:21,1
DA:22,0
DA:23,0
DA:24,0
DA:25,0
DA:27,0
DA:54,0
DA:55,0
DA:56,0
DA:57,0
DA:58,0
DA:62,0
DA:63,0
DA:64,0
DA:65,0
DA:68,0
DA:69,0
DA:73,0
DA:79,0
DA:82,0
DA:83,0
DA:87,0
DA:88,0
DA:94,0
DA:97,0
DA:98,0
DA:101,0
DA:104,0
DA:124,0
DA:153,0
DA:156,0
DA:159,0
DA:179,0
LF:33
LH:1
BRDA:21,0,0,0
BRDA:21,1,0,0
BRDA:55,2,0,0
BRDA:55,2,1,0
BRDA:57,3,0,0
BRDA:57,3,1,0
BRDA:69,4,0,0
BRDA:69,4,1,0
BRDA:73,5,0,0
BRDA:73,5,1,0
BRDA:75,6,0,0
BRDA:75,6,1,0
BRDA:83,7,0,0
BRDA:83,7,1,0
BRDA:87,8,0,0
BRDA:87,8,1,0
BRDA:87,8,2,0
BRDA:87,8,3,0
BRDA:88,9,0,0
BRDA:88,9,1,0
BRDA:90,10,0,0
BRDA:90,10,1,0
BRDA:97,11,0,0
BRDA:97,11,1,0
BRDA:101,12,0,0
BRDA:101,12,1,0
BRDA:110,13,0,0
BRDA:110,13,1,0
BRDA:110,14,0,0
BRDA:110,14,1,0
BRDA:110,14,2,0
BRDA:110,14,3,0
BRDA:121,15,0,0
BRDA:121,15,1,0
BRDA:121,15,2,0
BRDA:121,15,3,0
BRDA:121,15,4,0
BRDA:128,16,0,0
BRDA:128,16,1,0
BRDA:156,17,0,0
BRDA:156,17,1,0
BRDA:165,18,0,0
BRDA:165,18,1,0
BRDA:165,19,0,0
BRDA:165,19,1,0
BRDA:165,19,2,0
BRDA:165,19,3,0
BRDA:175,20,0,0
BRDA:175,20,1,0
BRDA:175,21,0,0
BRDA:175,21,1,0
BRDA:175,21,2,0
BRDA:175,21,3,0
BRF:53
BRH:0
end_of_record
TN:
SF:src\components\layout\navigation\NavLogo.tsx
FN:8,NavLogo
FN:12,(anonymous_1)
FNF:2
FNH:0
FNDA:0,NavLogo
FNDA:0,(anonymous_1)
DA:8,1
DA:9,0
DA:10,0
DA:12,0
DA:13,0
DA:14,0
DA:15,0
DA:16,0
DA:18,0
DA:22,0
LF:10
LH:1
BRDA:8,0,0,0
BRDA:13,1,0,0
BRDA:13,1,1,0
BRDA:15,2,0,0
BRDA:15,2,1,0
BRDA:24,3,0,0
BRDA:24,3,1,0
BRF:7
BRH:0
end_of_record
TN:
SF:src\components\layout\navigation\NavigationShell.tsx
FN:8,NavigationShell
FN:12,(anonymous_1)
FN:16,(anonymous_2)
FNF:3
FNH:0
FNDA:0,NavigationShell
FNDA:0,(anonymous_1)
FNDA:0,(anonymous_2)
DA:8,1
DA:9,0
DA:10,0
DA:12,0
DA:13,0
DA:16,0
DA:17,0
DA:20,0
LF:8
LH:1
BRDA:35,0,0,0
BRDA:35,0,1,0
BRDA:40,1,0,0
BRDA:40,1,1,0
BRF:4
BRH:0
end_of_record
TN:
SF:src\components\layout\navigation\UserMenu.tsx
FN:15,UserMenu
FN:20,(anonymous_1)
FNF:2
FNH:0
FNDA:0,UserMenu
FNDA:0,(anonymous_1)
DA:15,1
DA:16,0
DA:17,0
DA:18,0
DA:20,0
DA:21,0
DA:22,0
DA:25,0
DA:26,0
DA:41,0
DA:42,0
DA:76,0
LF:12
LH:1
BRDA:15,0,0,0
BRDA:15,1,0,0
BRDA:25,2,0,0
BRDA:25,2,1,0
BRDA:31,3,0,0
BRDA:31,3,1,0
BRDA:41,4,0,0
BRDA:41,4,1,0
BRDA:47,5,0,0
BRDA:47,5,1,0
BRDA:53,6,0,0
BRDA:53,6,1,0
BRDA:57,7,0,0
BRDA:57,7,1,0
BRDA:67,8,0,0
BRDA:67,8,1,0
BRDA:84,9,0,0
BRDA:84,9,1,0
BRDA:90,10,0,0
BRDA:90,10,1,0
BRDA:94,11,0,0
BRDA:94,11,1,0
BRDA:105,12,0,0
BRDA:105,12,1,0
BRF:24
BRH:0
end_of_record
TN:
SF:src\components\ui\Alert.tsx
FN:26,(anonymous_0)
FN:58,(anonymous_1)
FN:108,(anonymous_2)
FN:117,(anonymous_3)
FNF:4
FNH:0
FNDA:0,(anonymous_0)
FNDA:0,(anonymous_1)
FNDA:0,(anonymous_2)
FNDA:0,(anonymous_3)
DA:10,0
DA:18,0
DA:26,0
DA:27,0
DA:54,0
DA:57,0
DA:59,0
DA:105,0
DA:107,0
DA:110,0
DA:114,0
DA:116,0
DA:118,0
DA:128,0
LF:14
LH:0
BRDA:58,0,0,0
BRDA:58,1,0,0
BRDA:79,2,0,0
BRDA:79,2,1,0
BRF:4
BRH:0
end_of_record
TN:
SF:src\components\ui\Badge.tsx
FN:25,(anonymous_0)
FNF:1
FNH:0
FNDA:0,(anonymous_0)
DA:9,0
DA:18,0
DA:24,0
DA:26,0
DA:41,0
LF:5
LH:0
BRDA:25,0,0,0
BRDA:25,1,0,0
BRF:2
BRH:0
end_of_record
TN:
SF:src\components\ui\Button.tsx
FN:27,(anonymous_0)
FNF:1
FNH:0
FNDA:0,(anonymous_0)
DA:12,0
DA:20,0
DA:26,0
DA:37,0
DA:81,0
LF:5
LH:0
BRDA:29,0,0,0
BRDA:30,1,0,0
BRDA:31,2,0,0
BRDA:32,3,0,0
BRDA:46,4,0,0
BRDA:46,4,1,0
BRDA:49,5,0,0
BRDA:49,5,1,0
BRDA:50,6,0,0
BRDA:50,6,1,0
BRDA:50,7,0,0
BRDA:50,7,1,0
BRDA:51,8,0,0
BRDA:51,8,1,0
BRDA:51,9,0,0
BRDA:51,9,1,0
BRDA:54,10,0,0
BRDA:54,10,1,0
BRF:18
BRH:0
end_of_record
TN:
SF:src\components\ui\Card.tsx
FN:23,(anonymous_0)
FN:42,(anonymous_1)
FN:56,(anonymous_2)
FN:65,(anonymous_3)
FN:79,(anonymous_4)
FN:93,(anonymous_5)
FNF:6
FNH:0
FNDA:0,(anonymous_0)
FNDA:0,(anonymous_1)
FNDA:0,(anonymous_2)
FNDA:0,(anonymous_3)
FNDA:0,(anonymous_4)
FNDA:0,(anonymous_5)
DA:9,0
DA:15,0
DA:22,0
DA:24,0
DA:39,0
DA:41,0
DA:43,0
DA:53,0
DA:55,0
DA:58,0
DA:62,0
DA:64,0
DA:66,0
DA:76,0
DA:78,0
DA:80,0
DA:90,0
DA:92,0
DA:94,0
DA:104,0
LF:20
LH:0
BRDA:23,0,0,0
BRDA:23,1,0,0
BRF:2
BRH:0
end_of_record
TN:
SF:src\components\ui\Input.tsx
FN:11,(anonymous_0)
FNF:1
FNH:0
FNDA:0,(anonymous_0)
DA:10,0
DA:12,0
DA:14,0
DA:50,0
LF:4
LH:0
BRDA:11,0,0,0
BRDA:12,1,0,0
BRDA:12,1,1,0
BRDA:16,2,0,0
BRDA:16,2,1,0
BRDA:34,3,0,0
BRDA:34,3,1,0
BRDA:39,4,0,0
BRDA:39,4,1,0
BRDA:42,5,0,0
BRDA:42,5,1,0
BRDA:42,5,2,0
BRF:12
BRH:0
end_of_record
TN:
SF:src\constants\eventTypes.ts
FNF:0
FNH:0
DA:4,0
LF:1
LH:0
BRF:0
BRH:0
end_of_record
TN:
SF:src\context\AuthContext.tsx
FN:17,AuthProvider
FN:22,(anonymous_1)
FN:26,(anonymous_2)
FN:52,(anonymous_3)
FN:66,(anonymous_4)
FN:72,(anonymous_5)
FN:80,(anonymous_6)
FN:85,(anonymous_7)
FNF:8
FNH:0
FNDA:0,AuthProvider
FNDA:0,(anonymous_1)
FNDA:0,(anonymous_2)
FNDA:0,(anonymous_3)
FNDA:0,(anonymous_4)
FNDA:0,(anonymous_5)
FNDA:0,(anonymous_6)
FNDA:0,(anonymous_7)
DA:13,1
DA:18,0
DA:19,0
DA:20,0
DA:22,0
DA:23,0
DA:26,0
DA:27,0
DA:30,0
DA:31,0
DA:32,0
DA:33,0
DA:34,0
DA:37,0
DA:38,0
DA:39,0
DA:40,0
DA:41,0
DA:46,0
DA:51,0
DA:53,0
DA:54,0
DA:55,0
DA:56,0
DA:58,0
DA:59,0
DA:61,0
DA:66,0
DA:67,0
DA:68,0
DA:72,0
DA:73,0
DA:77,0
DA:80,0
DA:81,0
DA:82,0
DA:85,0
DA:86,0
DA:87,0
DA:88,0
DA:90,0
DA:91,0
DA:93,0
DA:95,0
DA:96,0
DA:100,0
DA:108,0
LF:47
LH:1
BRDA:31,0,0,0
BRDA:31,0,1,0
BRDA:33,1,0,0
BRDA:33,1,1,0
BRDA:38,2,0,0
BRDA:38,2,1,0
BRDA:53,3,0,0
BRDA:53,3,1,0
BRDA:54,4,0,0
BRDA:54,4,1,0
BRDA:59,5,0,0
BRDA:59,5,1,0
BRDA:77,6,0,0
BRDA:77,6,1,0
BRDA:82,7,0,0
BRDA:82,7,1,0
BRDA:88,8,0,0
BRDA:88,8,1,0
BRDA:110,9,0,0
BRDA:110,9,1,0
BRF:20
BRH:0
end_of_record
TN:
SF:src\context\PointsContext.tsx
FN:13,PointsProvider
FN:23,usePointsContext
FNF:2
FNH:0
FNDA:0,PointsProvider
FNDA:0,usePointsContext
DA:11,1
DA:14,0
DA:16,0
DA:24,0
DA:25,0
DA:26,0
DA:28,0
LF:7
LH:1
BRDA:25,0,0,0
BRDA:25,0,1,0
BRF:2
BRH:0
end_of_record
TN:
SF:src\context\ThemeContext.tsx
FN:12,ThemeProvider
FN:13,(anonymous_1)
FN:22,(anonymous_2)
FN:29,(anonymous_3)
FN:30,(anonymous_4)
FN:40,useTheme
FNF:6
FNH:2
FNDA:4,ThemeProvider
FNDA:4,(anonymous_1)
FNDA:0,(anonymous_2)
FNDA:0,(anonymous_3)
FNDA:0,(anonymous_4)
FNDA:0,useTheme
DA:10,1
DA:13,4
DA:15,4
DA:16,4
DA:17,0
DA:19,4
DA:22,0
DA:24,0
DA:25,0
DA:26,0
DA:29,0
DA:30,0
DA:33,0
DA:41,0
DA:42,0
DA:43,0
DA:45,0
LF:17
LH:5
BRDA:16,0,0,0
BRDA:16,0,1,4
BRDA:16,1,0,4
BRDA:16,1,1,4
BRDA:19,2,0,0
BRDA:19,2,1,0
BRDA:30,3,0,0
BRDA:30,3,1,0
BRDA:42,4,0,0
BRDA:42,4,1,0
BRF:10
BRH:3
end_of_record
TN:
SF:src\data\errors.ts
FN:15,(anonymous_0)
FN:28,(anonymous_1)
FN:37,(anonymous_2)
FN:44,(anonymous_3)
FN:51,(anonymous_4)
FN:61,(anonymous_5)
FN:72,normalizeSupabaseError
FN:95,withErrorHandling
FN:128,isKnownError
FNF:9
FNH:0
FNDA:0,(anonymous_0)
FNDA:0,(anonymous_1)
FNDA:0,(anonymous_2)
FNDA:0,(anonymous_3)
FNDA:0,(anonymous_4)
FNDA:0,(anonymous_5)
FNDA:0,normalizeSupabaseError
FNDA:0,withErrorHandling
FNDA:0,isKnownError
DA:16,0
DA:17,0
DA:18,0
DA:19,0
DA:20,0
DA:29,0
DA:30,0
DA:31,0
DA:32,0
DA:38,0
DA:39,0
DA:45,0
DA:46,0
DA:52,0
DA:53,0
DA:62,0
DA:63,0
DA:64,0
DA:65,0
DA:73,0
DA:76,0
DA:87,0
DA:89,0
DA:99,0
DA:100,0
DA:102,0
DA:103,0
DA:106,0
DA:108,0
DA:109,0
DA:113,0
DA:114,0
DA:118,0
DA:121,0
DA:129,0
LF:35
LH:0
BRDA:37,0,0,0
BRDA:44,1,0,0
BRDA:51,2,0,0
BRDA:61,3,0,0
BRDA:87,4,0,0
BRDA:87,4,1,0
BRDA:87,4,2,0
BRDA:102,5,0,0
BRDA:102,5,1,0
BRDA:102,6,0,0
BRDA:102,6,1,0
BRDA:106,7,0,0
BRDA:106,7,1,0
BRDA:108,8,0,0
BRDA:108,8,1,0
BRDA:108,9,0,0
BRDA:108,9,1,0
BRDA:113,10,0,0
BRDA:113,10,1,0
BRDA:113,11,0,0
BRDA:113,11,1,0
BRDA:118,12,0,0
BRDA:118,12,1,0
BRDA:121,13,0,0
BRDA:121,13,1,0
BRDA:129,14,0,0
BRDA:129,14,1,0
BRDA:129,14,2,0
BRDA:129,14,3,0
BRDA:129,14,4,0
BRDA:129,14,5,0
BRF:31
BRH:0
end_of_record
TN:
SF:src\data\repos\auth.ts
FN:17,(anonymous_0)
FN:18,(anonymous_1)
FN:42,(anonymous_2)
FN:43,(anonymous_3)
FN:87,(anonymous_4)
FN:88,(anonymous_5)
FN:97,(anonymous_6)
FN:98,(anonymous_7)
FN:108,(anonymous_8)
FN:109,(anonymous_9)
FN:123,(anonymous_10)
FN:124,(anonymous_11)
FN:148,(anonymous_12)
FN:149,(anonymous_13)
FN:165,(anonymous_14)
FN:166,(anonymous_15)
FN:175,(anonymous_16)
FN:176,(anonymous_17)
FN:188,(anonymous_18)
FN:189,(anonymous_19)
FN:201,(anonymous_20)
FNF:21
FNH:0
FNDA:0,(anonymous_0)
FNDA:0,(anonymous_1)
FNDA:0,(anonymous_2)
FNDA:0,(anonymous_3)
FNDA:0,(anonymous_4)
FNDA:0,(anonymous_5)
FNDA:0,(anonymous_6)
FNDA:0,(anonymous_7)
FNDA:0,(anonymous_8)
FNDA:0,(anonymous_9)
FNDA:0,(anonymous_10)
FNDA:0,(anonymous_11)
FNDA:0,(anonymous_12)
FNDA:0,(anonymous_13)
FNDA:0,(anonymous_14)
FNDA:0,(anonymous_15)
FNDA:0,(anonymous_16)
FNDA:0,(anonymous_17)
FNDA:0,(anonymous_18)
FNDA:0,(anonymous_19)
FNDA:0,(anonymous_20)
DA:18,0
DA:19,0
DA:24,0
DA:25,0
DA:26,0
DA:30,0
DA:32,0
DA:43,0
DA:45,0
DA:56,0
DA:57,0
DA:58,0
DA:62,0
DA:72,0
DA:75,0
DA:77,0
DA:88,0
DA:89,0
DA:90,0
DA:98,0
DA:99,0
DA:100,0
DA:101,0
DA:109,0
DA:110,0
DA:111,0
DA:113,0
DA:115,0
DA:116,0
DA:124,0
DA:125,0
DA:131,0
DA:132,0
DA:133,0
DA:136,0
DA:149,0
DA:150,0
DA:158,0
DA:166,0
DA:167,0
DA:168,0
DA:176,0
DA:177,0
DA:181,0
DA:189,0
DA:190,0
DA:194,0
DA:202,0
DA:207,0
LF:49
LH:0
BRDA:24,0,0,0
BRDA:24,0,1,0
BRDA:25,1,0,0
BRDA:25,1,1,0
BRDA:25,2,0,0
BRDA:25,2,1,0
BRDA:56,3,0,0
BRDA:56,3,1,0
BRDA:57,4,0,0
BRDA:57,4,1,0
BRDA:72,5,0,0
BRDA:72,5,1,0
BRDA:90,6,0,0
BRDA:90,6,1,0
BRDA:100,7,0,0
BRDA:100,7,1,0
BRDA:111,8,0,0
BRDA:111,8,1,0
BRDA:113,9,0,0
BRDA:113,9,1,0
BRDA:131,10,0,0
BRDA:131,10,1,0
BRDA:132,11,0,0
BRDA:132,11,1,0
BRDA:158,12,0,0
BRDA:158,12,1,0
BRDA:181,13,0,0
BRDA:181,13,1,0
BRDA:194,14,0,0
BRDA:194,14,1,0
BRF:30
BRH:0
end_of_record
TN:
SF:src\data\repos\events.ts
FN:30,(anonymous_0)
FN:31,(anonymous_1)
FN:52,(anonymous_2)
FN:68,(anonymous_3)
FN:78,(anonymous_4)
FN:79,(anonymous_5)
FN:100,(anonymous_6)
FN:113,(anonymous_7)
FN:114,(anonymous_8)
FN:131,(anonymous_9)
FN:132,(anonymous_10)
FN:153,(anonymous_11)
FN:154,(anonymous_12)
FN:167,(anonymous_13)
FN:168,(anonymous_14)
FN:216,(anonymous_15)
FN:217,(anonymous_16)
FN:254,(anonymous_17)
FN:264,(anonymous_18)
FNF:19
FNH:0
FNDA:0,(anonymous_0)
FNDA:0,(anonymous_1)
FNDA:0,(anonymous_2)
FNDA:0,(anonymous_3)
FNDA:0,(anonymous_4)
FNDA:0,(anonymous_5)
FNDA:0,(anonymous_6)
FNDA:0,(anonymous_7)
FNDA:0,(anonymous_8)
FNDA:0,(anonymous_9)
FNDA:0,(anonymous_10)
FNDA:0,(anonymous_11)
FNDA:0,(anonymous_12)
FNDA:0,(anonymous_13)
FNDA:0,(anonymous_14)
FNDA:0,(anonymous_15)
FNDA:0,(anonymous_16)
FNDA:0,(anonymous_17)
FNDA:0,(anonymous_18)
DA:31,0
DA:33,0
DA:36,0
DA:37,0
DA:38,0
DA:41,0
DA:44,0
DA:45,0
DA:47,0
DA:48,0
DA:49,0
DA:52,0
DA:53,0
DA:54,0
DA:55,0
DA:59,0
DA:60,0
DA:63,0
DA:64,0
DA:65,0
DA:68,0
DA:79,0
DA:81,0
DA:87,0
DA:88,0
DA:91,0
DA:96,0
DA:98,0
DA:99,0
DA:100,0
DA:102,0
DA:114,0
DA:115,0
DA:121,0
DA:122,0
DA:124,0
DA:132,0
DA:133,0
DA:143,0
DA:144,0
DA:146,0
DA:154,0
DA:155,0
DA:160,0
DA:168,0
DA:170,0
DA:172,0
DA:173,0
DA:174,0
DA:177,0
DA:178,0
DA:181,0
DA:182,0
DA:187,0
DA:194,0
DA:195,0
DA:199,0
DA:209,0
DA:217,0
DA:218,0
DA:221,0
DA:226,0
DA:232,0
DA:238,0
DA:242,0
DA:255,0
DA:265,0
DA:273,0
LF:68
LH:0
BRDA:30,0,0,0
BRDA:36,1,0,0
BRDA:36,1,1,0
BRDA:37,2,0,0
BRDA:37,2,1,0
BRDA:38,3,0,0
BRDA:38,3,1,0
BRDA:44,4,0,0
BRDA:44,4,1,0
BRDA:45,5,0,0
BRDA:45,5,1,0
BRDA:45,6,0,0
BRDA:45,6,1,0
BRDA:48,7,0,0
BRDA:48,7,1,0
BRDA:49,8,0,0
BRDA:49,8,1,0
BRDA:54,9,0,0
BRDA:54,9,1,0
BRDA:59,10,0,0
BRDA:59,10,1,0
BRDA:60,11,0,0
BRDA:60,11,1,0
BRDA:65,12,0,0
BRDA:65,12,1,0
BRDA:70,13,0,0
BRDA:70,13,1,0
BRDA:87,14,0,0
BRDA:87,14,1,0
BRDA:88,15,0,0
BRDA:88,15,1,0
BRDA:96,16,0,0
BRDA:96,16,1,0
BRDA:98,17,0,0
BRDA:98,17,1,0
BRDA:100,18,0,0
BRDA:100,18,1,0
BRDA:121,19,0,0
BRDA:121,19,1,0
BRDA:122,20,0,0
BRDA:122,20,1,0
BRDA:143,21,0,0
BRDA:143,21,1,0
BRDA:144,22,0,0
BRDA:144,22,1,0
BRDA:160,23,0,0
BRDA:160,23,1,0
BRDA:172,24,0,0
BRDA:172,24,1,0
BRDA:173,25,0,0
BRDA:173,25,1,0
BRDA:177,26,0,0
BRDA:177,26,1,0
BRDA:177,27,0,0
BRDA:177,27,1,0
BRDA:181,28,0,0
BRDA:181,28,1,0
BRDA:194,29,0,0
BRDA:194,29,1,0
BRDA:209,30,0,0
BRDA:209,30,1,0
BRDA:243,31,0,0
BRDA:243,31,1,0
BRDA:244,32,0,0
BRDA:244,32,1,0
BRDA:245,33,0,0
BRDA:245,33,1,0
BRDA:246,34,0,0
BRDA:246,34,1,0
BRDA:254,35,0,0
BRF:70
BRH:0
end_of_record
TN:
SF:src\data\repos\points.ts
FN:42,(anonymous_0)
FN:43,(anonymous_1)
FN:63,(anonymous_2)
FN:64,(anonymous_3)
FN:84,(anonymous_4)
FN:85,(anonymous_5)
FN:116,(anonymous_6)
FN:117,(anonymous_7)
FN:135,(anonymous_8)
FN:149,(anonymous_9)
FN:150,(anonymous_10)
FN:170,(anonymous_11)
FN:184,(anonymous_12)
FN:185,(anonymous_13)
FN:223,(anonymous_14)
FN:224,(anonymous_15)
FN:241,(anonymous_16)
FN:248,(anonymous_17)
FN:255,(anonymous_18)
FN:272,(anonymous_19)
FN:273,(anonymous_20)
FNF:21
FNH:0
FNDA:0,(anonymous_0)
FNDA:0,(anonymous_1)
FNDA:0,(anonymous_2)
FNDA:0,(anonymous_3)
FNDA:0,(anonymous_4)
FNDA:0,(anonymous_5)
FNDA:0,(anonymous_6)
FNDA:0,(anonymous_7)
FNDA:0,(anonymous_8)
FNDA:0,(anonymous_9)
FNDA:0,(anonymous_10)
FNDA:0,(anonymous_11)
FNDA:0,(anonymous_12)
FNDA:0,(anonymous_13)
FNDA:0,(anonymous_14)
FNDA:0,(anonymous_15)
FNDA:0,(anonymous_16)
FNDA:0,(anonymous_17)
FNDA:0,(anonymous_18)
FNDA:0,(anonymous_19)
FNDA:0,(anonymous_20)
DA:43,0
DA:44,0
DA:50,0
DA:51,0
DA:53,0
DA:56,0
DA:64,0
DA:65,0
DA:74,0
DA:75,0
DA:77,0
DA:85,0
DA:86,0
DA:87,0
DA:91,0
DA:97,0
DA:99,0
DA:101,0
DA:109,0
DA:117,0
DA:118,0
DA:132,0
DA:133,0
DA:135,0
DA:150,0
DA:151,0
DA:167,0
DA:168,0
DA:170,0
DA:185,0
DA:187,0
DA:190,0
DA:196,0
DA:201,0
DA:206,0
DA:210,0
DA:224,0
DA:225,0
DA:227,0
DA:232,0
DA:234,0
DA:242,0
DA:255,0
DA:256,0
DA:261,0
DA:262,0
DA:263,0
DA:272,0
DA:273,0
DA:274,0
DA:275,0
DA:276,0
DA:277,0
DA:279,0
DA:291,1
LF:55
LH:1
BRDA:50,0,0,0
BRDA:50,0,1,0
BRDA:51,1,0,0
BRDA:51,1,1,0
BRDA:74,2,0,0
BRDA:74,2,1,0
BRDA:75,3,0,0
BRDA:75,3,1,0
BRDA:86,4,0,0
BRDA:86,4,1,0
BRDA:97,5,0,0
BRDA:97,5,1,0
BRDA:99,6,0,0
BRDA:99,6,1,0
BRDA:109,7,0,0
BRDA:109,7,1,0
BRDA:116,8,0,0
BRDA:116,9,0,0
BRDA:132,10,0,0
BRDA:132,10,1,0
BRDA:133,11,0,0
BRDA:133,11,1,0
BRDA:149,12,0,0
BRDA:167,13,0,0
BRDA:167,13,1,0
BRDA:168,14,0,0
BRDA:168,14,1,0
BRDA:206,15,0,0
BRDA:206,15,1,0
BRDA:212,16,0,0
BRDA:212,16,1,0
BRDA:214,17,0,0
BRDA:214,17,1,0
BRDA:215,18,0,0
BRDA:215,18,1,0
BRDA:232,19,0,0
BRDA:232,19,1,0
BRDA:234,20,0,0
BRDA:234,20,1,0
BRDA:241,21,0,0
BRDA:261,22,0,0
BRDA:261,22,1,0
BRDA:262,23,0,0
BRDA:262,23,1,0
BRDA:262,24,0,0
BRDA:262,24,1,0
BRF:46
BRH:0
end_of_record
TN:
SF:src\hooks\useAdmin.ts
FN:5,useAdmin
FN:10,(anonymous_1)
FN:11,checkAdminStatus
FNF:3
FNH:0
FNDA:0,useAdmin
FNDA:0,(anonymous_1)
FNDA:0,checkAdminStatus
DA:6,0
DA:7,0
DA:8,0
DA:10,0
DA:12,0
DA:13,0
DA:14,0
DA:15,0
DA:18,0
DA:19,0
DA:25,0
DA:26,0
DA:28,0
DA:29,0
DA:31,0
DA:35,0
DA:38,0
LF:17
LH:0
BRDA:12,0,0,0
BRDA:12,0,1,0
BRDA:25,1,0,0
BRDA:25,1,1,0
BRDA:26,2,0,0
BRDA:26,2,1,0
BRF:6
BRH:0
end_of_record
TN:
SF:src\hooks\useAuth.ts
FN:4,useAuth
FNF:1
FNH:0
FNDA:0,useAuth
DA:5,0
DA:6,0
DA:7,0
DA:9,0
LF:4
LH:0
BRDA:6,0,0,0
BRDA:6,0,1,0
BRF:2
BRH:0
end_of_record
TN:
SF:src\hooks\useEventAttendance.ts
FN:4,useEventAttendance
FN:8,(anonymous_1)
FN:144,(anonymous_2)
FN:182,(anonymous_3)
FN:214,(anonymous_4)
FN:264,(anonymous_5)
FNF:6
FNH:0
FNDA:0,useEventAttendance
FNDA:0,(anonymous_1)
FNDA:0,(anonymous_2)
FNDA:0,(anonymous_3)
FNDA:0,(anonymous_4)
FNDA:0,(anonymous_5)
DA:5,0
DA:6,0
DA:8,0
DA:9,0
DA:10,0
DA:11,0
DA:13,0
DA:16,0
DA:22,0
DA:24,0
DA:25,0
DA:26,0
DA:28,0
DA:29,0
DA:30,0
DA:32,0
DA:33,0
DA:34,0
DA:36,0
DA:37,0
DA:38,0
DA:42,0
DA:43,0
DA:45,0
DA:46,0
DA:47,0
DA:49,0
DA:50,0
DA:51,0
DA:55,0
DA:62,0
DA:64,0
DA:65,0
DA:66,0
DA:68,0
DA:69,0
DA:70,0
DA:73,0
DA:76,0
DA:87,0
DA:89,0
DA:90,0
DA:91,0
DA:95,0
DA:101,0
DA:103,0
DA:104,0
DA:105,0
DA:108,0
DA:109,0
DA:111,0
DA:114,0
DA:126,0
DA:128,0
DA:129,0
DA:130,0
DA:133,0
DA:134,0
DA:136,0
DA:137,0
DA:138,0
DA:140,0
DA:144,0
DA:145,0
DA:146,0
DA:147,0
DA:150,0
DA:157,0
DA:158,0
DA:161,0
DA:171,0
DA:173,0
DA:175,0
DA:176,0
DA:178,0
DA:182,0
DA:183,0
DA:184,0
DA:185,0
DA:188,0
DA:203,0
DA:205,0
DA:207,0
DA:208,0
DA:210,0
DA:214,0
DA:215,0
DA:216,0
DA:217,0
DA:219,0
DA:222,0
DA:227,0
DA:230,0
DA:256,0
DA:258,0
DA:259,0
DA:260,0
DA:264,0
DA:269,0
DA:271,0
DA:273,0
DA:274,0
DA:275,0
DA:277,0
DA:281,0
LF:105
LH:0
BRDA:24,0,0,0
BRDA:24,0,1,0
BRDA:28,1,0,0
BRDA:28,1,1,0
BRDA:32,2,0,0
BRDA:32,2,1,0
BRDA:36,3,0,0
BRDA:36,3,1,0
BRDA:45,4,0,0
BRDA:45,4,1,0
BRDA:49,5,0,0
BRDA:49,5,1,0
BRDA:64,6,0,0
BRDA:64,6,1,0
BRDA:68,7,0,0
BRDA:68,7,1,0
BRDA:89,8,0,0
BRDA:89,8,1,0
BRDA:103,9,0,0
BRDA:103,9,1,0
BRDA:103,10,0,0
BRDA:103,10,1,0
BRDA:108,11,0,0
BRDA:108,11,1,0
BRDA:128,12,0,0
BRDA:128,12,1,0
BRDA:137,13,0,0
BRDA:137,13,1,0
BRDA:157,14,0,0
BRDA:157,14,1,0
BRDA:157,15,0,0
BRDA:157,15,1,0
BRDA:158,16,0,0
BRDA:158,16,1,0
BRDA:171,17,0,0
BRDA:171,17,1,0
BRDA:175,18,0,0
BRDA:175,18,1,0
BRDA:203,19,0,0
BRDA:203,19,1,0
BRDA:207,20,0,0
BRDA:207,20,1,0
BRDA:258,21,0,0
BRDA:258,21,1,0
BRDA:274,22,0,0
BRDA:274,22,1,0
BRF:46
BRH:0
end_of_record
TN:
SF:src\hooks\useEvents.ts
FN:6,useEvents
FN:9,(anonymous_1)
FN:17,useEvent
FN:20,(anonymous_3)
FN:26,useUpcomingEvents
FN:29,(anonymous_5)
FN:34,useEventsByType
FN:37,(anonymous_7)
FN:43,useEventStats
FN:46,(anonymous_9)
FN:51,useCreateEvent
FN:55,(anonymous_11)
FN:56,(anonymous_12)
FN:63,useUpdateEvent
FN:67,(anonymous_14)
FN:69,(anonymous_15)
FN:77,useDeleteEvent
FN:81,(anonymous_17)
FN:82,(anonymous_18)
FN:89,useCheckInEvent
FN:93,(anonymous_20)
FN:99,(anonymous_21)
FNF:22
FNH:0
FNDA:0,useEvents
FNDA:0,(anonymous_1)
FNDA:0,useEvent
FNDA:0,(anonymous_3)
FNDA:0,useUpcomingEvents
FNDA:0,(anonymous_5)
FNDA:0,useEventsByType
FNDA:0,(anonymous_7)
FNDA:0,useEventStats
FNDA:0,(anonymous_9)
FNDA:0,useCreateEvent
FNDA:0,(anonymous_11)
FNDA:0,(anonymous_12)
FNDA:0,useUpdateEvent
FNDA:0,(anonymous_14)
FNDA:0,(anonymous_15)
FNDA:0,useDeleteEvent
FNDA:0,(anonymous_17)
FNDA:0,(anonymous_18)
FNDA:0,useCheckInEvent
FNDA:0,(anonymous_20)
FNDA:0,(anonymous_21)
DA:7,0
DA:9,0
DA:14,0
DA:18,0
DA:20,0
DA:27,0
DA:29,0
DA:35,0
DA:37,0
DA:44,0
DA:46,0
DA:52,0
DA:54,0
DA:55,0
DA:57,0
DA:58,0
DA:64,0
DA:66,0
DA:68,0
DA:70,0
DA:71,0
DA:72,0
DA:78,0
DA:80,0
DA:81,0
DA:83,0
DA:84,0
DA:90,0
DA:92,0
DA:98,0
DA:101,0
DA:102,0
DA:103,0
DA:104,0
LF:34
LH:0
BRDA:7,0,0,0
BRDA:26,1,0,0
BRF:2
BRH:0
end_of_record
TN:
SF:src\hooks\usePoints.ts
FN:5,useUserPoints
FN:10,(anonymous_1)
FN:16,usePointsStats
FN:21,(anonymous_3)
FN:27,usePointsHistory
FN:32,(anonymous_5)
FN:38,useLeaderboard
FN:41,(anonymous_7)
FN:46,useTopUsers
FN:49,(anonymous_9)
FN:54,useUserRank
FN:59,(anonymous_11)
FN:65,usePointsDistribution
FN:68,(anonymous_13)
FN:73,useAddPoints
FN:78,(anonymous_15)
FN:80,(anonymous_16)
FN:92,usePoints
FN:97,(anonymous_18)
FNF:19
FNH:0
FNDA:0,useUserPoints
FNDA:0,(anonymous_1)
FNDA:0,usePointsStats
FNDA:0,(anonymous_3)
FNDA:0,usePointsHistory
FNDA:0,(anonymous_5)
FNDA:0,useLeaderboard
FNDA:0,(anonymous_7)
FNDA:0,useTopUsers
FNDA:0,(anonymous_9)
FNDA:0,useUserRank
FNDA:0,(anonymous_11)
FNDA:0,usePointsDistribution
FNDA:0,(anonymous_13)
FNDA:0,useAddPoints
FNDA:0,(anonymous_15)
FNDA:0,(anonymous_16)
FNDA:0,usePoints
FNDA:0,(anonymous_18)
DA:6,0
DA:8,0
DA:10,0
DA:17,0
DA:19,0
DA:21,0
DA:28,0
DA:30,0
DA:32,0
DA:39,0
DA:41,0
DA:47,0
DA:49,0
DA:55,0
DA:57,0
DA:59,0
DA:66,0
DA:68,0
DA:74,0
DA:75,0
DA:77,0
DA:79,0
DA:82,0
DA:83,0
DA:84,0
DA:85,0
DA:86,0
DA:93,0
DA:95,0
DA:97,0
DA:98,0
DA:99,0
DA:102,0
DA:105,0
LF:34
LH:0
BRDA:27,0,0,0
BRDA:38,1,0,0
BRDA:38,2,0,0
BRDA:46,3,0,0
BRDA:98,4,0,0
BRDA:98,4,1,0
BRDA:106,5,0,0
BRDA:106,5,1,0
BRF:8
BRH:0
end_of_record
TN:
SF:src\lib\supabase.ts
FN:7,getSupabaseClient
FNF:1
FNH:1
FNDA:1,getSupabaseClient
DA:5,1
DA:8,1
DA:9,1
DA:10,1
DA:12,1
DA:13,0
DA:16,1
DA:25,1
DA:29,1
LF:9
LH:8
BRDA:8,0,0,1
BRDA:8,0,1,0
BRDA:12,1,0,0
BRDA:12,1,1,1
BRDA:12,2,0,1
BRDA:12,2,1,1
BRF:6
BRH:4
end_of_record
TN:
SF:src\lib\utils.ts
FN:4,cn
FNF:1
FNH:0
FNDA:0,cn
DA:5,0
LF:1
LH:0
BRF:0
BRH:0
end_of_record
TN:
SF:src\pages\Ace.tsx
FN:5,Ace
FNF:1
FNH:0
FNDA:0,Ace
DA:6,0
LF:1
LH:0
BRF:0
BRH:0
end_of_record
TN:
SF:src\pages\Cabinet.tsx
FN:137,Cabinet
FN:152,(anonymous_1)
FN:159,(anonymous_2)
FN:196,(anonymous_3)
FN:203,(anonymous_4)
FNF:5
FNH:0
FNDA:0,Cabinet
FNDA:0,(anonymous_1)
FNDA:0,(anonymous_2)
FNDA:0,(anonymous_3)
FNDA:0,(anonymous_4)
DA:21,0
DA:66,0
DA:138,0
DA:153,0
DA:160,0
DA:197,0
DA:204,0
LF:7
LH:0
BRDA:155,0,0,0
BRDA:155,0,1,0
BRDA:158,1,0,0
BRDA:158,1,1,0
BRDA:163,2,0,0
BRDA:163,2,1,0
BRDA:173,3,0,0
BRDA:173,3,1,0
BRDA:174,4,0,0
BRDA:174,4,1,0
BRDA:175,5,0,0
BRDA:175,5,1,0
BRDA:176,6,0,0
BRDA:176,6,1,0
BRDA:177,7,0,0
BRDA:177,7,1,0
BRDA:178,8,0,0
BRDA:178,8,1,0
BRDA:179,9,0,0
BRDA:179,9,1,0
BRDA:199,10,0,0
BRDA:199,10,1,0
BRDA:202,11,0,0
BRDA:202,11,1,0
BRDA:207,12,0,0
BRDA:207,12,1,0
BRDA:217,13,0,0
BRDA:217,13,1,0
BRDA:218,14,0,0
BRDA:218,14,1,0
BRDA:219,15,0,0
BRDA:219,15,1,0
BRDA:220,16,0,0
BRDA:220,16,1,0
BRDA:221,17,0,0
BRDA:221,17,1,0
BRDA:222,18,0,0
BRDA:222,18,1,0
BRDA:223,19,0,0
BRDA:223,19,1,0
BRF:40
BRH:0
end_of_record
TN:
SF:src\pages\Events.tsx
FN:7,Events
FN:15,(anonymous_1)
FN:16,(anonymous_2)
FN:18,(anonymous_3)
FN:19,(anonymous_4)
FN:57,(anonymous_5)
FN:61,(anonymous_6)
FN:84,(anonymous_7)
FN:88,(anonymous_8)
FNF:9
FNH:0
FNDA:0,Events
FNDA:0,(anonymous_1)
FNDA:0,(anonymous_2)
FNDA:0,(anonymous_3)
FNDA:0,(anonymous_4)
FNDA:0,(anonymous_5)
FNDA:0,(anonymous_6)
FNDA:0,(anonymous_7)
FNDA:0,(anonymous_8)
DA:8,0
DA:10,0
DA:11,0
DA:14,0
DA:15,0
DA:16,0
DA:17,0
DA:18,0
DA:19,0
DA:21,0
DA:22,0
DA:33,0
DA:34,0
DA:42,0
DA:58,0
DA:85,0
LF:16
LH:0
BRDA:21,0,0,0
BRDA:21,0,1,0
BRDA:33,1,0,0
BRDA:33,1,1,0
BRDA:37,2,0,0
BRDA:37,2,1,0
BRDA:47,3,0,0
BRDA:47,3,1,0
BRDA:48,4,0,0
BRDA:48,4,1,0
BRDA:75,5,0,0
BRDA:75,5,1,0
BRDA:76,6,0,0
BRDA:76,6,1,0
BRF:14
BRH:0
end_of_record
TN:
SF:src\pages\Feedback.tsx
FN:5,(anonymous_0)
FNF:1
FNH:0
FNDA:0,(anonymous_0)
DA:5,0
DA:6,0
LF:2
LH:0
BRF:0
BRH:0
end_of_record
TN:
SF:src\pages\Gallery.tsx
FN:12,Gallery
FN:18,(anonymous_1)
FN:22,(anonymous_2)
FN:73,(anonymous_3)
FN:77,(anonymous_4)
FN:121,(anonymous_5)
FN:131,(anonymous_6)
FNF:7
FNH:0
FNDA:0,Gallery
FNDA:0,(anonymous_1)
FNDA:0,(anonymous_2)
FNDA:0,(anonymous_3)
FNDA:0,(anonymous_4)
FNDA:0,(anonymous_5)
FNDA:0,(anonymous_6)
DA:13,0
DA:14,0
DA:15,0
DA:16,0
DA:18,0
DA:19,0
DA:22,0
DA:23,0
DA:24,0
DA:29,0
DA:30,0
DA:32,0
DA:33,0
DA:35,0
DA:39,0
DA:40,0
DA:47,0
DA:48,0
DA:58,0
DA:74,0
DA:77,0
DA:121,0
DA:132,0
LF:23
LH:0
BRDA:29,0,0,0
BRDA:29,0,1,0
BRDA:30,1,0,0
BRDA:30,1,1,0
BRDA:39,2,0,0
BRDA:39,2,1,0
BRDA:47,3,0,0
BRDA:47,3,1,0
BRDA:105,4,0,0
BRDA:105,4,1,0
BRF:10
BRH:0
end_of_record
TN:
SF:src\pages\GetInvolved.tsx
FN:32,GetInvolved
FN:39,(anonymous_1)
FNF:2
FNH:0
FNDA:0,GetInvolved
FNDA:0,(anonymous_1)
DA:11,0
DA:33,0
DA:40,0
LF:3
LH:0
BRDA:41,0,0,0
BRDA:41,0,1,0
BRF:2
BRH:0
end_of_record
TN:
SF:src\pages\Home.tsx
FN:9,Home
FN:14,(anonymous_1)
FN:164,(anonymous_2)
FN:171,(anonymous_3)
FN:173,(anonymous_4)
FN:190,(anonymous_5)
FNF:6
FNH:0
FNDA:0,Home
FNDA:0,(anonymous_1)
FNDA:0,(anonymous_2)
FNDA:0,(anonymous_3)
FNDA:0,(anonymous_4)
FNDA:0,(anonymous_5)
DA:10,0
DA:11,0
DA:12,0
DA:14,0
DA:15,0
DA:16,0
DA:21,0
DA:24,0
DA:166,0
DA:167,0
DA:170,0
DA:171,0
DA:174,0
DA:178,0
DA:179,0
DA:188,0
DA:191,0
LF:17
LH:0
BRDA:88,0,0,0
BRDA:88,0,1,0
BRDA:152,1,0,0
BRDA:152,1,1,0
BRDA:156,2,0,0
BRDA:156,2,1,0
BRDA:159,3,0,0
BRDA:159,3,1,0
BRDA:178,4,0,0
BRDA:178,4,1,0
BRDA:197,5,0,0
BRDA:197,5,1,0
BRF:12
BRH:0
end_of_record
TN:
SF:src\pages\House.tsx
FN:4,House
FNF:1
FNH:0
FNDA:0,House
DA:5,0
LF:1
LH:0
BRF:0
BRH:0
end_of_record
TN:
SF:src\pages\Internship.tsx
FN:4,Internship
FNF:1
FNH:0
FNDA:0,Internship
DA:5,0
LF:1
LH:0
BRF:0
BRH:0
end_of_record
TN:
SF:src\pages\Leaderboard.tsx
FN:32,Leaderboard
FN:40,(anonymous_1)
FN:68,(anonymous_2)
FN:74,(anonymous_3)
FN:75,(anonymous_4)
FN:89,(anonymous_5)
FN:90,(anonymous_6)
FN:104,(anonymous_7)
FN:111,(anonymous_8)
FN:118,(anonymous_9)
FN:138,(anonymous_10)
FN:148,(anonymous_11)
FN:182,(anonymous_12)
FNF:13
FNH:0
FNDA:0,Leaderboard
FNDA:0,(anonymous_1)
FNDA:0,(anonymous_2)
FNDA:0,(anonymous_3)
FNDA:0,(anonymous_4)
FNDA:0,(anonymous_5)
FNDA:0,(anonymous_6)
FNDA:0,(anonymous_7)
FNDA:0,(anonymous_8)
FNDA:0,(anonymous_9)
FNDA:0,(anonymous_10)
FNDA:0,(anonymous_11)
FNDA:0,(anonymous_12)
DA:33,0
DA:34,0
DA:35,0
DA:36,0
DA:37,0
DA:38,0
DA:40,0
DA:41,0
DA:42,0
DA:43,0
DA:57,0
DA:60,0
DA:65,0
DA:68,0
DA:69,0
DA:70,0
DA:73,0
DA:74,0
DA:75,0
DA:85,0
DA:88,0
DA:89,0
DA:90,0
DA:95,0
DA:97,0
DA:98,0
DA:100,0
DA:104,0
DA:105,0
DA:107,0
DA:112,0
DA:113,0
DA:118,0
DA:119,0
DA:123,0
DA:124,0
DA:126,0
DA:138,0
DA:148,0
DA:183,0
LF:40
LH:0
BRDA:57,0,0,0
BRDA:57,0,1,0
BRDA:65,1,0,0
BRDA:65,1,1,0
BRDA:69,2,0,0
BRDA:69,2,1,0
BRDA:80,3,0,0
BRDA:80,3,1,0
BRDA:123,4,0,0
BRDA:123,4,1,0
BRDA:124,5,0,0
BRDA:124,5,1,0
BRDA:140,6,0,0
BRDA:140,6,1,0
BRDA:150,7,0,0
BRDA:150,7,1,0
BRDA:177,8,0,0
BRDA:177,8,1,0
BRDA:182,9,0,0
BRDA:182,9,1,0
BRDA:196,10,0,0
BRDA:196,10,1,0
BRF:22
BRH:0
end_of_record
TN:
SF:src\pages\NotFound.tsx
FN:4,NotFound
FNF:1
FNH:0
FNDA:0,NotFound
DA:5,0
LF:1
LH:0
BRF:0
BRH:0
end_of_record
TN:
SF:src\pages\Points.tsx
FN:6,Points
FN:11,(anonymous_1)
FN:35,(anonymous_2)
FNF:3
FNH:0
FNDA:0,Points
FNDA:0,(anonymous_1)
FNDA:0,(anonymous_2)
DA:7,0
DA:8,0
DA:9,0
DA:11,0
DA:12,0
DA:13,0
DA:14,0
DA:15,0
DA:16,0
DA:19,0
DA:25,0
DA:26,0
DA:28,0
DA:29,0
DA:31,0
DA:35,0
DA:36,0
DA:39,0
DA:40,0
DA:42,0
LF:20
LH:0
BRDA:14,0,0,0
BRDA:14,0,1,0
BRDA:25,1,0,0
BRDA:25,1,1,0
BRDA:26,2,0,0
BRDA:26,2,1,0
BRDA:39,3,0,0
BRDA:39,3,1,0
BRDA:40,4,0,0
BRDA:40,4,1,0
BRF:10
BRH:0
end_of_record
TN:
SF:src\pages\Profile.tsx
FN:22,Profile
FN:34,(anonymous_1)
FN:35,(anonymous_2)
FN:55,(anonymous_3)
FN:56,(anonymous_4)
FN:61,(anonymous_5)
FN:68,(anonymous_6)
FN:98,(anonymous_7)
FN:145,(anonymous_8)
FNF:9
FNH:0
FNDA:0,Profile
FNDA:0,(anonymous_1)
FNDA:0,(anonymous_2)
FNDA:0,(anonymous_3)
FNDA:0,(anonymous_4)
FNDA:0,(anonymous_5)
FNDA:0,(anonymous_6)
FNDA:0,(anonymous_7)
FNDA:0,(anonymous_8)
DA:23,0
DA:24,0
DA:25,0
DA:26,0
DA:27,0
DA:28,0
DA:34,0
DA:35,0
DA:36,0
DA:38,0
DA:39,0
DA:45,0
DA:46,0
DA:48,0
DA:52,0
DA:55,0
DA:56,0
DA:57,0
DA:58,0
DA:59,0
DA:61,0
DA:62,0
DA:65,0
DA:66,0
DA:68,0
DA:69,0
DA:72,0
DA:80,0
DA:83,0
DA:84,0
DA:85,0
DA:87,0
DA:91,0
DA:98,0
DA:146,0
LF:35
LH:0
BRDA:36,0,0,0
BRDA:36,0,1,0
BRDA:45,1,0,0
BRDA:45,1,1,0
BRDA:57,2,0,0
BRDA:57,2,1,0
BRDA:59,3,0,0
BRDA:59,3,1,0
BRDA:69,4,0,0
BRDA:69,4,1,0
BRDA:83,5,0,0
BRDA:83,5,1,0
BRDA:84,6,0,0
BRDA:84,6,1,0
BRDA:85,7,0,0
BRDA:85,7,1,0
BRDA:87,8,0,0
BRDA:87,8,1,0
BRDA:87,9,0,0
BRDA:87,9,1,0
BRDA:140,10,0,0
BRDA:140,10,1,0
BRDA:146,11,0,0
BRDA:146,11,1,0
BRF:24
BRH:0
end_of_record
TN:
SF:src\pages\SignIn.tsx
FN:3,SignIn
FNF:1
FNH:0
FNDA:0,SignIn
DA:4,0
LF:1
LH:0
BRF:0
BRH:0
end_of_record
TN:
SF:src\pages\Vcn.tsx
FN:4,VCN
FNF:1
FNH:0
FNDA:0,VCN
DA:5,0
LF:1
LH:0
BRF:0
BRH:0
end_of_record
TN:
SF:src\pages\WildNCulture.tsx
FN:4,WildNCulture
FNF:1
FNH:0
FNDA:0,WildNCulture
DA:5,0
LF:1
LH:0
BRF:0
BRH:0
end_of_record
TN:
SF:src\pages\Admin\Events.tsx
FN:11,AdminEvents
FN:36,(anonymous_1)
FN:54,(anonymous_2)
FN:55,(anonymous_3)
FN:57,(anonymous_4)
FN:58,(anonymous_5)
FN:60,(anonymous_6)
FN:65,(anonymous_7)
FN:81,(anonymous_8)
FN:86,(anonymous_9)
FN:101,(anonymous_10)
FN:174,(anonymous_11)
FN:179,(anonymous_12)
FN:209,(anonymous_13)
FN:219,(anonymous_14)
FN:241,(anonymous_15)
FN:250,(anonymous_16)
FN:261,(anonymous_17)
FN:271,(anonymous_18)
FN:280,(anonymous_19)
FN:284,(anonymous_20)
FN:296,(anonymous_21)
FN:307,(anonymous_22)
FN:324,(anonymous_23)
FN:346,(anonymous_24)
FN:349,(anonymous_25)
FN:370,(anonymous_26)
FN:396,(anonymous_27)
FN:399,(anonymous_28)
FN:420,(anonymous_29)
FN:448,(anonymous_30)
FN:510,(anonymous_31)
FN:519,(anonymous_32)
FN:530,(anonymous_33)
FN:540,(anonymous_34)
FN:549,(anonymous_35)
FN:553,(anonymous_36)
FN:565,(anonymous_37)
FN:601,(anonymous_38)
FN:615,(anonymous_39)
FN:627,(anonymous_40)
FN:636,(anonymous_41)
FN:650,(anonymous_42)
FN:666,(anonymous_43)
FNF:44
FNH:0
FNDA:0,AdminEvents
FNDA:0,(anonymous_1)
FNDA:0,(anonymous_2)
FNDA:0,(anonymous_3)
FNDA:0,(anonymous_4)
FNDA:0,(anonymous_5)
FNDA:0,(anonymous_6)
FNDA:0,(anonymous_7)
FNDA:0,(anonymous_8)
FNDA:0,(anonymous_9)
FNDA:0,(anonymous_10)
FNDA:0,(anonymous_11)
FNDA:0,(anonymous_12)
FNDA:0,(anonymous_13)
FNDA:0,(anonymous_14)
FNDA:0,(anonymous_15)
FNDA:0,(anonymous_16)
FNDA:0,(anonymous_17)
FNDA:0,(anonymous_18)
FNDA:0,(anonymous_19)
FNDA:0,(anonymous_20)
FNDA:0,(anonymous_21)
FNDA:0,(anonymous_22)
FNDA:0,(anonymous_23)
FNDA:0,(anonymous_24)
FNDA:0,(anonymous_25)
FNDA:0,(anonymous_26)
FNDA:0,(anonymous_27)
FNDA:0,(anonymous_28)
FNDA:0,(anonymous_29)
FNDA:0,(anonymous_30)
FNDA:0,(anonymous_31)
FNDA:0,(anonymous_32)
FNDA:0,(anonymous_33)
FNDA:0,(anonymous_34)
FNDA:0,(anonymous_35)
FNDA:0,(anonymous_36)
FNDA:0,(anonymous_37)
FNDA:0,(anonymous_38)
FNDA:0,(anonymous_39)
FNDA:0,(anonymous_40)
FNDA:0,(anonymous_41)
FNDA:0,(anonymous_42)
FNDA:0,(anonymous_43)
DA:12,0
DA:13,0
DA:14,0
DA:23,0
DA:24,0
DA:25,0
DA:26,0
DA:27,0
DA:28,0
DA:31,0
DA:32,0
DA:33,0
DA:36,0
DA:37,0
DA:38,0
DA:40,0
DA:42,0
DA:43,0
DA:44,0
DA:45,0
DA:46,0
DA:47,0
DA:51,0
DA:52,0
DA:53,0
DA:54,0
DA:55,0
DA:56,0
DA:57,0
DA:58,0
DA:60,0
DA:61,0
DA:62,0
DA:63,0
DA:64,0
DA:65,0
DA:66,0
DA:68,0
DA:72,0
DA:81,0
DA:82,0
DA:83,0
DA:84,0
DA:85,0
DA:86,0
DA:87,0
DA:89,0
DA:93,0
DA:101,0
DA:102,0
DA:103,0
DA:104,0
DA:107,0
DA:108,0
DA:111,0
DA:112,0
DA:113,0
DA:114,0
DA:115,0
DA:119,0
DA:122,0
DA:126,0
DA:130,0
DA:133,0
DA:150,0
DA:153,0
DA:162,0
DA:163,0
DA:166,0
DA:168,0
DA:170,0
DA:174,0
DA:175,0
DA:176,0
DA:179,0
DA:180,0
DA:182,0
DA:183,0
DA:188,0
DA:189,0
DA:190,0
DA:191,0
DA:194,0
DA:196,0
DA:197,0
DA:202,0
DA:209,0
DA:219,0
DA:241,0
DA:250,0
DA:261,0
DA:271,0
DA:280,0
DA:285,0
DA:296,0
DA:307,0
DA:324,0
DA:347,0
DA:349,0
DA:371,0
DA:372,0
DA:397,0
DA:399,0
DA:421,0
DA:422,0
DA:449,0
DA:451,0
DA:452,0
DA:455,0
DA:456,0
DA:457,0
DA:458,0
DA:459,0
DA:463,0
DA:466,0
DA:470,0
DA:474,0
DA:490,0
DA:491,0
DA:493,0
DA:495,0
DA:496,0
DA:499,0
DA:501,0
DA:510,0
DA:519,0
DA:530,0
DA:540,0
DA:549,0
DA:554,0
DA:565,0
DA:602,0
DA:603,0
DA:615,0
DA:627,0
DA:636,0
DA:652,0
DA:667,0
DA:668,0
LF:139
LH:0
BRDA:37,0,0,0
BRDA:37,0,1,0
BRDA:40,1,0,0
BRDA:40,1,1,0
BRDA:62,2,0,0
BRDA:62,2,1,0
BRDA:83,3,0,0
BRDA:83,3,1,0
BRDA:103,4,0,0
BRDA:103,4,1,0
BRDA:103,5,0,0
BRDA:103,5,1,0
BRDA:103,5,2,0
BRDA:103,5,3,0
BRDA:103,5,4,0
BRDA:112,6,0,0
BRDA:112,6,1,0
BRDA:119,7,0,0
BRDA:119,7,1,0
BRDA:150,8,0,0
BRDA:150,8,1,0
BRDA:180,9,0,0
BRDA:180,9,1,0
BRDA:188,10,0,0
BRDA:188,10,1,0
BRDA:190,11,0,0
BRDA:190,11,1,0
BRDA:211,12,0,0
BRDA:211,12,1,0
BRDA:221,13,0,0
BRDA:221,13,1,0
BRDA:231,14,0,0
BRDA:231,14,1,0
BRDA:315,15,0,0
BRDA:315,15,1,0
BRDA:317,16,0,0
BRDA:317,16,1,0
BRDA:323,17,0,0
BRDA:323,17,1,0
BRDA:334,18,0,0
BRDA:334,18,1,0
BRDA:351,19,0,0
BRDA:351,19,1,0
BRDA:379,20,0,0
BRDA:379,20,1,0
BRDA:401,21,0,0
BRDA:401,21,1,0
BRDA:429,22,0,0
BRDA:429,22,1,0
BRDA:443,23,0,0
BRDA:443,23,1,0
BRDA:456,24,0,0
BRDA:456,24,1,0
BRDA:463,25,0,0
BRDA:463,25,1,0
BRDA:490,26,0,0
BRDA:490,26,1,0
BRDA:575,27,0,0
BRDA:575,27,1,0
BRDA:575,27,2,0
BRDA:587,28,0,0
BRDA:587,28,1,0
BRDA:589,29,0,0
BRDA:589,29,1,0
BRDA:597,30,0,0
BRDA:597,30,1,0
BRDA:611,31,0,0
BRDA:611,31,1,0
BRDA:611,31,2,0
BRDA:626,32,0,0
BRDA:626,32,1,0
BRDA:645,33,0,0
BRDA:645,33,1,0
BRDA:659,34,0,0
BRDA:659,34,1,0
BRF:75
BRH:0
end_of_record
TN:
SF:src\pages\Admin\Feedback.tsx
FN:5,AdminFeedback
FNF:1
FNH:0
FNDA:0,AdminFeedback
DA:6,0
LF:1
LH:0
BRF:0
BRH:0
end_of_record
TN:
SF:src\pages\Admin\Gallery.tsx
FN:14,AdminGallery
FN:28,(anonymous_1)
FN:35,(anonymous_2)
FN:38,(anonymous_3)
FN:50,(anonymous_4)
FN:100,(anonymous_5)
FN:114,(anonymous_6)
FN:126,(anonymous_7)
FN:146,(anonymous_8)
FN:155,(anonymous_9)
FN:172,(anonymous_10)
FN:183,(anonymous_11)
FN:193,(anonymous_12)
FN:219,(anonymous_13)
FN:245,(anonymous_14)
FN:248,(anonymous_15)
FN:268,(anonymous_16)
FN:274,(anonymous_17)
FN:282,(anonymous_18)
FN:299,(anonymous_19)
FNF:20
FNH:0
FNDA:0,AdminGallery
FNDA:0,(anonymous_1)
FNDA:0,(anonymous_2)
FNDA:0,(anonymous_3)
FNDA:0,(anonymous_4)
FNDA:0,(anonymous_5)
FNDA:0,(anonymous_6)
FNDA:0,(anonymous_7)
FNDA:0,(anonymous_8)
FNDA:0,(anonymous_9)
FNDA:0,(anonymous_10)
FNDA:0,(anonymous_11)
FNDA:0,(anonymous_12)
FNDA:0,(anonymous_13)
FNDA:0,(anonymous_14)
FNDA:0,(anonymous_15)
FNDA:0,(anonymous_16)
FNDA:0,(anonymous_17)
FNDA:0,(anonymous_18)
FNDA:0,(anonymous_19)
DA:15,0
DA:21,0
DA:22,0
DA:23,0
DA:24,0
DA:25,0
DA:26,0
DA:28,0
DA:29,0
DA:30,0
DA:31,0
DA:32,0
DA:34,0
DA:35,0
DA:38,0
DA:39,0
DA:40,0
DA:41,0
DA:42,0
DA:45,0
DA:46,0
DA:49,0
DA:51,0
DA:52,0
DA:53,0
DA:57,0
DA:59,0
DA:63,0
DA:68,0
DA:79,0
DA:82,0
DA:88,0
DA:89,0
DA:92,0
DA:94,0
DA:96,0
DA:100,0
DA:101,0
DA:102,0
DA:107,0
DA:108,0
DA:110,0
DA:114,0
DA:115,0
DA:117,0
DA:123,0
DA:125,0
DA:127,0
DA:128,0
DA:129,0
DA:138,0
DA:143,0
DA:146,0
DA:147,0
DA:149,0
DA:150,0
DA:155,0
DA:156,0
DA:159,0
DA:172,0
DA:183,0
DA:193,0
DA:220,0
DA:246,0
DA:249,0
DA:268,0
DA:274,0
DA:282,0
DA:299,0
LF:69
LH:0
BRDA:29,0,0,0
BRDA:29,0,1,0
BRDA:30,1,0,0
BRDA:30,1,1,0
BRDA:40,2,0,0
BRDA:40,2,1,0
BRDA:57,3,0,0
BRDA:57,3,1,0
BRDA:79,4,0,0
BRDA:79,4,1,0
BRDA:107,5,0,0
BRDA:107,5,1,0
BRDA:108,6,0,0
BRDA:108,6,1,0
BRDA:123,7,0,0
BRDA:123,7,1,0
BRDA:128,8,0,0
BRDA:128,8,1,0
BRDA:143,9,0,0
BRDA:143,9,1,0
BRDA:212,10,0,0
BRDA:212,10,1,0
BRDA:215,11,0,0
BRDA:215,11,1,0
BRDA:237,12,0,0
BRDA:237,12,1,0
BRDA:265,13,0,0
BRDA:265,13,1,0
BRDA:295,14,0,0
BRDA:295,14,1,0
BRF:30
BRH:0
end_of_record
TN:
SF:src\routes\AdminRoute.tsx
FN:8,AdminRoute
FNF:1
FNH:0
FNDA:0,AdminRoute
DA:9,0
DA:11,0
DA:12,0
DA:15,0
DA:16,0
DA:19,0
LF:6
LH:0
BRDA:11,0,0,0
BRDA:11,0,1,0
BRDA:15,1,0,0
BRDA:15,1,1,0
BRDA:19,2,0,0
BRDA:19,2,1,0
BRF:6
BRH:0
end_of_record
TN:
SF:src\routes\ProtectedRoute.tsx
FN:8,ProtectedRoute
FNF:1
FNH:0
FNDA:0,ProtectedRoute
DA:9,0
DA:11,0
DA:12,0
DA:15,0
LF:4
LH:0
BRDA:11,0,0,0
BRDA:11,0,1,0
BRDA:15,1,0,0
BRDA:15,1,1,0
BRF:4
BRH:0
end_of_record
TN:
SF:src\routes\index.tsx
FN:12,(anonymous_0)
FN:13,(anonymous_1)
FN:15,(anonymous_2)
FN:16,(anonymous_3)
FN:18,(anonymous_4)
FN:19,(anonymous_5)
FN:23,(anonymous_6)
FN:24,(anonymous_7)
FN:26,(anonymous_8)
FN:27,(anonymous_9)
FN:29,(anonymous_10)
FN:30,(anonymous_11)
FN:34,(anonymous_12)
FN:35,(anonymous_13)
FN:36,(anonymous_14)
FN:37,(anonymous_15)
FN:39,(anonymous_16)
FN:40,(anonymous_17)
FN:42,(anonymous_18)
FN:43,(anonymous_19)
FN:47,(anonymous_20)
FN:48,(anonymous_21)
FN:50,(anonymous_22)
FN:51,(anonymous_23)
FN:55,(anonymous_24)
FN:56,(anonymous_25)
FN:59,(anonymous_26)
FN:60,(anonymous_27)
FN:61,(anonymous_28)
FN:62,(anonymous_29)
FN:63,(anonymous_30)
FN:65,(anonymous_31)
FN:66,(anonymous_32)
FN:69,AppRoutes
FNF:34
FNH:0
FNDA:0,(anonymous_0)
FNDA:0,(anonymous_1)
FNDA:0,(anonymous_2)
FNDA:0,(anonymous_3)
FNDA:0,(anonymous_4)
FNDA:0,(anonymous_5)
FNDA:0,(anonymous_6)
FNDA:0,(anonymous_7)
FNDA:0,(anonymous_8)
FNDA:0,(anonymous_9)
FNDA:0,(anonymous_10)
FNDA:0,(anonymous_11)
FNDA:0,(anonymous_12)
FNDA:0,(anonymous_13)
FNDA:0,(anonymous_14)
FNDA:0,(anonymous_15)
FNDA:0,(anonymous_16)
FNDA:0,(anonymous_17)
FNDA:0,(anonymous_18)
FNDA:0,(anonymous_19)
FNDA:0,(anonymous_20)
FNDA:0,(anonymous_21)
FNDA:0,(anonymous_22)
FNDA:0,(anonymous_23)
FNDA:0,(anonymous_24)
FNDA:0,(anonymous_25)
FNDA:0,(anonymous_26)
FNDA:0,(anonymous_27)
FNDA:0,(anonymous_28)
FNDA:0,(anonymous_29)
FNDA:0,(anonymous_30)
FNDA:0,(anonymous_31)
FNDA:0,(anonymous_32)
FNDA:0,AppRoutes
DA:12,1
DA:13,0
DA:15,1
DA:16,0
DA:18,1
DA:19,0
DA:23,1
DA:24,0
DA:26,1
DA:27,0
DA:29,1
DA:30,0
DA:34,1
DA:35,1
DA:36,1
DA:37,0
DA:39,1
DA:40,0
DA:42,1
DA:43,0
DA:47,1
DA:48,0
DA:50,1
DA:51,0
DA:55,1
DA:56,0
DA:59,1
DA:60,1
DA:61,1
DA:62,1
DA:63,0
DA:65,1
DA:66,0
DA:70,0
LF:34
LH:19
BRF:0
BRH:0
end_of_record
TN:
SF:src\schemas\index.ts
FN:40,(anonymous_0)
FNF:1
FNH:0
FNDA:0,(anonymous_0)
DA:4,1
DA:18,1
DA:19,1
DA:22,1
DA:29,1
DA:34,1
DA:40,0
DA:46,1
DA:54,1
DA:60,1
LF:10
LH:9
BRF:0
BRH:0
end_of_record
TN:
SF:src\scripts\createEventsTable.ts
FN:3,createEventsTable
FNF:1
FNH:0
FNDA:0,createEventsTable
DA:4,0
DA:17,0
DA:18,0
DA:20,0
DA:24,0
LF:5
LH:0
BRDA:17,0,0,0
BRDA:17,0,1,0
BRF:2
BRH:0
end_of_record
TN:
SF:src\types\database.ts
FNF:0
FNH:0
LF:0
LH:0
BRF:0
BRH:0
end_of_record
TN:
SF:src\types\index.ts
FNF:0
FNH:0
LF:0
LH:0
BRF:0
BRH:0
end_of_record
TN:
SF:src\utils\index.ts
FN:4,cn
FNF:1
FNH:0
FNDA:0,cn
DA:5,0
LF:1
LH:0
BRF:0
BRH:0
end_of_record
